[0.020s] Invoking command in '/home/thiago/Documentos/Robotica/ros2_ws/build/turtlesim': CMAKE_PREFIX_PATH=/opt/ros/humble /usr/bin/cmake /home/thiago/Documentos/Robotica/ros2_ws/src/ros_tutorials/turtlesim -DCMAKE_INSTALL_PREFIX=/home/thiago/Documentos/Robotica/ros2_ws/install/turtlesim
[0.142s] -- The C compiler identification is GNU 11.4.0
[0.267s] -- The CXX compiler identification is GNU 11.4.0
[0.281s] -- Detecting C compiler ABI info
[0.433s] -- Detecting C compiler ABI info - done
[0.454s] -- Check for working C compiler: /usr/bin/cc - skipped
[0.455s] -- Detecting C compile features
[0.456s] -- Detecting C compile features - done
[0.462s] -- Detecting CXX compiler ABI info
[0.639s] -- Detecting CXX compiler ABI info - done
[0.659s] -- Check for working CXX compiler: /usr/bin/c++ - skipped
[0.660s] -- Detecting CXX compile features
[0.661s] -- Detecting CXX compile features - done
[0.665s] -- Found ament_cmake: 1.3.12 (/opt/ros/humble/share/ament_cmake/cmake)
[0.987s] -- Found Python3: /usr/bin/python3 (found version "3.10.12") found components: Interpreter 
[1.172s] -- Found ament_index_cpp: 1.4.0 (/opt/ros/humble/share/ament_index_cpp/cmake)
[1.176s] -- Found geometry_msgs: 4.9.0 (/opt/ros/humble/share/geometry_msgs/cmake)
[1.247s] -- Found rosidl_generator_c: 3.1.7 (/opt/ros/humble/share/rosidl_generator_c/cmake)
[1.255s] -- Found rosidl_adapter: 3.1.7 (/opt/ros/humble/share/rosidl_adapter/cmake)
[1.271s] -- Found rosidl_generator_cpp: 3.1.7 (/opt/ros/humble/share/rosidl_generator_cpp/cmake)
[1.297s] -- Using all available rosidl_typesupport_c: rosidl_typesupport_fastrtps_c;rosidl_typesupport_introspection_c
[1.332s] -- Using all available rosidl_typesupport_cpp: rosidl_typesupport_fastrtps_cpp;rosidl_typesupport_introspection_cpp
[1.444s] -- Found rclcpp: 16.0.16 (/opt/ros/humble/share/rclcpp/cmake)
[1.516s] -- Found rmw_implementation_cmake: 6.1.2 (/opt/ros/humble/share/rmw_implementation_cmake/cmake)
[1.520s] -- Found rmw_fastrtps_cpp: 6.2.9 (/opt/ros/humble/share/rmw_fastrtps_cpp/cmake)
[1.679s] -- Found OpenSSL: /usr/lib/x86_64-linux-gnu/libcrypto.so (found version "3.0.2")  
[1.733s] -- Found FastRTPS: /opt/ros/humble/include  
[1.810s] -- Using RMW implementation 'rmw_fastrtps_cpp' as default
[1.824s] -- Looking for pthread.h
[1.982s] -- Looking for pthread.h - found
[1.982s] -- Performing Test CMAKE_HAVE_LIBC_PTHREAD
[2.143s] -- Performing Test CMAKE_HAVE_LIBC_PTHREAD - Success
[2.145s] -- Found Threads: TRUE  
[2.236s] -- Found rclcpp_action: 16.0.16 (/opt/ros/humble/share/rclcpp_action/cmake)
[2.311s] -- Found rosidl_default_generators: 1.2.0 (/opt/ros/humble/share/rosidl_default_generators/cmake)
[2.331s] -- Found std_srvs: 4.9.0 (/opt/ros/humble/share/std_srvs/cmake)
[3.066s] -- Found ament_cmake_ros: 0.10.0 (/opt/ros/humble/share/ament_cmake_ros/cmake)
[3.806s] -- Using all available rosidl_typesupport_c: rosidl_typesupport_fastrtps_c;rosidl_typesupport_introspection_c
[4.092s] -- Using all available rosidl_typesupport_cpp: rosidl_typesupport_fastrtps_cpp;rosidl_typesupport_introspection_cpp
[4.156s] -- Found PythonInterp: /usr/bin/python3 (found suitable version "3.10.12", minimum required is "3.6") 
[4.161s] -- Found python_cmake_module: 0.10.0 (/opt/ros/humble/share/python_cmake_module/cmake)
[4.234s] -- Found PythonLibs: /usr/lib/x86_64-linux-gnu/libpython3.10.so (found suitable version "3.10.12", minimum required is "3.5") 
[4.234s] -- Using PYTHON_EXECUTABLE: /usr/bin/python3
[4.234s] -- Using PYTHON_INCLUDE_DIRS: /usr/include/python3.10
[4.235s] -- Using PYTHON_LIBRARIES: /usr/lib/x86_64-linux-gnu/libpython3.10.so
[4.293s] -- Found PythonExtra: .so  
[4.467s] -- Configuring done
[4.638s] -- Generating done
[4.701s] -- Build files have been written to: /home/thiago/Documentos/Robotica/ros2_ws/build/turtlesim
[4.736s] Invoked command in '/home/thiago/Documentos/Robotica/ros2_ws/build/turtlesim' returned '0': CMAKE_PREFIX_PATH=/opt/ros/humble /usr/bin/cmake /home/thiago/Documentos/Robotica/ros2_ws/src/ros_tutorials/turtlesim -DCMAKE_INSTALL_PREFIX=/home/thiago/Documentos/Robotica/ros2_ws/install/turtlesim
[4.737s] Invoking command in '/home/thiago/Documentos/Robotica/ros2_ws/build/turtlesim': CMAKE_PREFIX_PATH=/opt/ros/humble /usr/bin/cmake --build /home/thiago/Documentos/Robotica/ros2_ws/build/turtlesim -- -j2 -l2
[4.837s] [  1%] [34m[1mGenerating C code for ROS interfaces[0m
[4.857s] [  2%] [34m[1mGenerating C++ code for ROS interfaces[0m
[8.407s] [  2%] Built target turtlesim__cpp
[8.418s] [  3%] [32mBuilding C object CMakeFiles/turtlesim__rosidl_generator_c.dir/rosidl_generator_c/turtlesim/action/detail/rotate_absolute__functions.c.o[0m
[8.470s] [  3%] Built target ament_cmake_python_copy_turtlesim
[8.490s] [  4%] [32mBuilding C object CMakeFiles/turtlesim__rosidl_generator_c.dir/rosidl_generator_c/turtlesim/msg/detail/color__functions.c.o[0m
[8.613s] [  5%] [32mBuilding C object CMakeFiles/turtlesim__rosidl_generator_c.dir/rosidl_generator_c/turtlesim/msg/detail/pose__functions.c.o[0m
[8.721s] [  6%] [34m[1mGenerating C++ type support dispatch for ROS interfaces[0m
[8.786s] [  7%] [32mBuilding C object CMakeFiles/turtlesim__rosidl_generator_c.dir/rosidl_generator_c/turtlesim/srv/detail/kill__functions.c.o[0m
[8.977s] [  8%] [32mBuilding C object CMakeFiles/turtlesim__rosidl_generator_c.dir/rosidl_generator_c/turtlesim/srv/detail/set_pen__functions.c.o[0m
[9.111s] [  9%] [32mBuilding C object CMakeFiles/turtlesim__rosidl_generator_c.dir/rosidl_generator_c/turtlesim/srv/detail/spawn__functions.c.o[0m
[9.270s] [ 10%] [32mBuilding C object CMakeFiles/turtlesim__rosidl_generator_c.dir/rosidl_generator_c/turtlesim/srv/detail/teleport_absolute__functions.c.o[0m
[9.432s] [ 11%] [32mBuilding C object CMakeFiles/turtlesim__rosidl_generator_c.dir/rosidl_generator_c/turtlesim/srv/detail/teleport_relative__functions.c.o[0m
[9.564s] [ 12%] [32m[1mLinking C shared library libturtlesim__rosidl_generator_c.so[0m
[9.662s] [ 12%] Built target turtlesim__rosidl_generator_c
[9.697s] [ 13%] [34m[1mGenerating C++ type support for eProsima Fast-RTPS[0m
[10.415s] [ 14%] [32mBuilding CXX object CMakeFiles/turtlesim__rosidl_typesupport_cpp.dir/rosidl_typesupport_cpp/turtlesim/action/rotate_absolute__type_support.cpp.o[0m
[11.728s] [ 15%] [32mBuilding CXX object CMakeFiles/turtlesim__rosidl_typesupport_cpp.dir/rosidl_typesupport_cpp/turtlesim/msg/color__type_support.cpp.o[0m
[12.167s] [ 16%] [32mBuilding CXX object CMakeFiles/turtlesim__rosidl_typesupport_fastrtps_cpp.dir/rosidl_typesupport_fastrtps_cpp/turtlesim/action/detail/dds_fastrtps/rotate_absolute__type_support.cpp.o[0m
[12.526s] [ 17%] [32mBuilding CXX object CMakeFiles/turtlesim__rosidl_typesupport_cpp.dir/rosidl_typesupport_cpp/turtlesim/msg/pose__type_support.cpp.o[0m
[13.257s] [ 18%] [32mBuilding CXX object CMakeFiles/turtlesim__rosidl_typesupport_cpp.dir/rosidl_typesupport_cpp/turtlesim/srv/kill__type_support.cpp.o[0m
[13.808s] [ 19%] [32mBuilding CXX object CMakeFiles/turtlesim__rosidl_typesupport_fastrtps_cpp.dir/rosidl_typesupport_fastrtps_cpp/turtlesim/msg/detail/dds_fastrtps/color__type_support.cpp.o[0m
[14.104s] [ 20%] [32mBuilding CXX object CMakeFiles/turtlesim__rosidl_typesupport_cpp.dir/rosidl_typesupport_cpp/turtlesim/srv/set_pen__type_support.cpp.o[0m
[14.891s] [ 21%] [32mBuilding CXX object CMakeFiles/turtlesim__rosidl_typesupport_cpp.dir/rosidl_typesupport_cpp/turtlesim/srv/spawn__type_support.cpp.o[0m
[15.002s] [ 22%] [32mBuilding CXX object CMakeFiles/turtlesim__rosidl_typesupport_fastrtps_cpp.dir/rosidl_typesupport_fastrtps_cpp/turtlesim/msg/detail/dds_fastrtps/pose__type_support.cpp.o[0m
[15.695s] [ 23%] [32mBuilding CXX object CMakeFiles/turtlesim__rosidl_typesupport_cpp.dir/rosidl_typesupport_cpp/turtlesim/srv/teleport_absolute__type_support.cpp.o[0m
[16.052s] [ 24%] [32mBuilding CXX object CMakeFiles/turtlesim__rosidl_typesupport_fastrtps_cpp.dir/rosidl_typesupport_fastrtps_cpp/turtlesim/srv/detail/dds_fastrtps/kill__type_support.cpp.o[0m
[16.458s] [ 25%] [32mBuilding CXX object CMakeFiles/turtlesim__rosidl_typesupport_cpp.dir/rosidl_typesupport_cpp/turtlesim/srv/teleport_relative__type_support.cpp.o[0m
[17.212s] [ 27%] [32mBuilding CXX object CMakeFiles/turtlesim__rosidl_typesupport_fastrtps_cpp.dir/rosidl_typesupport_fastrtps_cpp/turtlesim/srv/detail/dds_fastrtps/set_pen__type_support.cpp.o[0m
[17.212s] [ 27%] [32m[1mLinking CXX shared library libturtlesim__rosidl_typesupport_cpp.so[0m
[17.327s] [ 27%] Built target turtlesim__rosidl_typesupport_cpp
[17.350s] [ 28%] [32mBuilding CXX object CMakeFiles/turtlesim__rosidl_typesupport_fastrtps_cpp.dir/rosidl_typesupport_fastrtps_cpp/turtlesim/srv/detail/dds_fastrtps/spawn__type_support.cpp.o[0m
[18.383s] [ 29%] [34m[1mGenerating C introspection for ROS interfaces[0m
[18.484s] [ 30%] [32mBuilding CXX object CMakeFiles/turtlesim__rosidl_typesupport_fastrtps_cpp.dir/rosidl_typesupport_fastrtps_cpp/turtlesim/srv/detail/dds_fastrtps/teleport_absolute__type_support.cpp.o[0m
[19.610s] [ 31%] [32mBuilding CXX object CMakeFiles/turtlesim__rosidl_typesupport_fastrtps_cpp.dir/rosidl_typesupport_fastrtps_cpp/turtlesim/srv/detail/dds_fastrtps/teleport_relative__type_support.cpp.o[0m
[20.519s] [ 32%] [32mBuilding C object CMakeFiles/turtlesim__rosidl_typesupport_introspection_c.dir/rosidl_typesupport_introspection_c/turtlesim/action/detail/rotate_absolute__type_support.c.o[0m
[20.645s] [ 33%] [32mBuilding C object CMakeFiles/turtlesim__rosidl_typesupport_introspection_c.dir/rosidl_typesupport_introspection_c/turtlesim/msg/detail/color__type_support.c.o[0m
[20.753s] [ 34%] [32mBuilding C object CMakeFiles/turtlesim__rosidl_typesupport_introspection_c.dir/rosidl_typesupport_introspection_c/turtlesim/msg/detail/pose__type_support.c.o[0m
[20.805s] [ 35%] [32m[1mLinking CXX shared library libturtlesim__rosidl_typesupport_fastrtps_cpp.so[0m
[20.827s] [ 36%] [32mBuilding C object CMakeFiles/turtlesim__rosidl_typesupport_introspection_c.dir/rosidl_typesupport_introspection_c/turtlesim/srv/detail/kill__type_support.c.o[0m
[20.963s] [ 37%] [32mBuilding C object CMakeFiles/turtlesim__rosidl_typesupport_introspection_c.dir/rosidl_typesupport_introspection_c/turtlesim/srv/detail/set_pen__type_support.c.o[0m
[21.024s] [ 37%] Built target turtlesim__rosidl_typesupport_fastrtps_cpp
[21.044s] [ 38%] [32mBuilding C object CMakeFiles/turtlesim__rosidl_typesupport_introspection_c.dir/rosidl_typesupport_introspection_c/turtlesim/srv/detail/spawn__type_support.c.o[0m
[21.070s] [ 39%] [34m[1mGenerating C type support dispatch for ROS interfaces[0m
[21.126s] [ 40%] [32mBuilding C object CMakeFiles/turtlesim__rosidl_typesupport_introspection_c.dir/rosidl_typesupport_introspection_c/turtlesim/srv/detail/teleport_absolute__type_support.c.o[0m
[21.219s] [ 41%] [32mBuilding C object CMakeFiles/turtlesim__rosidl_typesupport_introspection_c.dir/rosidl_typesupport_introspection_c/turtlesim/srv/detail/teleport_relative__type_support.c.o[0m
[21.326s] [ 42%] [32m[1mLinking C shared library libturtlesim__rosidl_typesupport_introspection_c.so[0m
[21.418s] [ 42%] Built target turtlesim__rosidl_typesupport_introspection_c
[21.443s] [ 43%] [34m[1mGenerating C++ introspection for ROS interfaces[0m
[22.683s] [ 44%] [32mBuilding CXX object CMakeFiles/turtlesim__rosidl_typesupport_c.dir/rosidl_typesupport_c/turtlesim/action/rotate_absolute__type_support.cpp.o[0m
[22.797s] [ 45%] [32mBuilding CXX object CMakeFiles/turtlesim__rosidl_typesupport_c.dir/rosidl_typesupport_c/turtlesim/msg/color__type_support.cpp.o[0m
[22.881s] [ 46%] [32mBuilding CXX object CMakeFiles/turtlesim__rosidl_typesupport_c.dir/rosidl_typesupport_c/turtlesim/msg/pose__type_support.cpp.o[0m
[22.958s] [ 47%] [32mBuilding CXX object CMakeFiles/turtlesim__rosidl_typesupport_c.dir/rosidl_typesupport_c/turtlesim/srv/kill__type_support.cpp.o[0m
[23.029s] [ 48%] [32mBuilding CXX object CMakeFiles/turtlesim__rosidl_typesupport_c.dir/rosidl_typesupport_c/turtlesim/srv/set_pen__type_support.cpp.o[0m
[23.096s] [ 49%] [32mBuilding CXX object CMakeFiles/turtlesim__rosidl_typesupport_c.dir/rosidl_typesupport_c/turtlesim/srv/spawn__type_support.cpp.o[0m
[23.184s] [ 50%] [32mBuilding CXX object CMakeFiles/turtlesim__rosidl_typesupport_c.dir/rosidl_typesupport_c/turtlesim/srv/teleport_absolute__type_support.cpp.o[0m
[23.261s] [ 51%] [32mBuilding CXX object CMakeFiles/turtlesim__rosidl_typesupport_c.dir/rosidl_typesupport_c/turtlesim/srv/teleport_relative__type_support.cpp.o[0m
[23.330s] [ 52%] [32m[1mLinking CXX shared library libturtlesim__rosidl_typesupport_c.so[0m
[23.468s] [ 52%] Built target turtlesim__rosidl_typesupport_c
[23.554s] [ 53%] [32mBuilding CXX object CMakeFiles/turtlesim__rosidl_typesupport_introspection_cpp.dir/rosidl_typesupport_introspection_cpp/turtlesim/action/detail/rotate_absolute__type_support.cpp.o[0m
[24.366s] running egg_info
[24.366s] creating turtlesim.egg-info
[24.368s] writing turtlesim.egg-info/PKG-INFO
[24.368s] writing dependency_links to turtlesim.egg-info/dependency_links.txt
[24.369s] writing top-level names to turtlesim.egg-info/top_level.txt
[24.371s] writing manifest file 'turtlesim.egg-info/SOURCES.txt'
[24.379s] reading manifest file 'turtlesim.egg-info/SOURCES.txt'
[24.381s] writing manifest file 'turtlesim.egg-info/SOURCES.txt'
[24.483s] [ 53%] Built target ament_cmake_python_build_turtlesim_egg
[24.504s] [ 54%] [34m[1mGenerating include/turtlesim/moc_turtle_frame.cpp[0m
[24.691s] [ 55%] [32mBuilding CXX object CMakeFiles/turtlesim_node.dir/src/turtlesim.cpp.o[0m
[25.673s] [ 56%] [32mBuilding CXX object CMakeFiles/turtlesim__rosidl_typesupport_introspection_cpp.dir/rosidl_typesupport_introspection_cpp/turtlesim/msg/detail/color__type_support.cpp.o[0m
[26.833s] [ 57%] [32mBuilding CXX object CMakeFiles/turtlesim__rosidl_typesupport_introspection_cpp.dir/rosidl_typesupport_introspection_cpp/turtlesim/msg/detail/pose__type_support.cpp.o[0m
[27.909s] [ 58%] [32mBuilding CXX object CMakeFiles/turtlesim__rosidl_typesupport_introspection_cpp.dir/rosidl_typesupport_introspection_cpp/turtlesim/srv/detail/kill__type_support.cpp.o[0m
[28.917s] [ 59%] [32mBuilding CXX object CMakeFiles/turtlesim__rosidl_typesupport_introspection_cpp.dir/rosidl_typesupport_introspection_cpp/turtlesim/srv/detail/set_pen__type_support.cpp.o[0m
[30.512s] [ 60%] [32mBuilding CXX object CMakeFiles/turtlesim__rosidl_typesupport_introspection_cpp.dir/rosidl_typesupport_introspection_cpp/turtlesim/srv/detail/spawn__type_support.cpp.o[0m
[31.650s] [ 61%] [32mBuilding CXX object CMakeFiles/turtlesim__rosidl_typesupport_introspection_cpp.dir/rosidl_typesupport_introspection_cpp/turtlesim/srv/detail/teleport_absolute__type_support.cpp.o[0m
[32.791s] [ 62%] [32mBuilding CXX object CMakeFiles/turtlesim__rosidl_typesupport_introspection_cpp.dir/rosidl_typesupport_introspection_cpp/turtlesim/srv/detail/teleport_relative__type_support.cpp.o[0m
[33.823s] [ 63%] [32m[1mLinking CXX shared library libturtlesim__rosidl_typesupport_introspection_cpp.so[0m
[34.023s] [ 63%] Built target turtlesim__rosidl_typesupport_introspection_cpp
[34.042s] [ 64%] [32mBuilding CXX object CMakeFiles/turtlesim_node.dir/src/turtle.cpp.o[0m
[61.259s] [ 65%] [32mBuilding CXX object CMakeFiles/turtlesim_node.dir/src/turtle_frame.cpp.o[0m
[69.502s] [ 66%] [32mBuilding CXX object CMakeFiles/turtlesim_node.dir/include/turtlesim/moc_turtle_frame.cpp.o[0m
[92.598s] [ 67%] [32m[1mLinking CXX executable turtlesim_node[0m
[98.097s] [ 67%] Built target turtlesim_node
[98.141s] [ 68%] [32mBuilding CXX object CMakeFiles/turtle_teleop_key.dir/tutorials/teleop_turtle_key.cpp.o[0m
[111.986s] [ 69%] [32m[1mLinking CXX executable turtle_teleop_key[0m
[112.706s] [ 69%] Built target turtle_teleop_key
[112.751s] [ 70%] [32mBuilding CXX object CMakeFiles/draw_square.dir/tutorials/draw_square.cpp.o[0m
[134.246s] [ 71%] [32m[1mLinking CXX executable draw_square[0m
[135.609s] [ 71%] Built target draw_square
[135.634s] [ 72%] [34m[1mGenerating C type support for eProsima Fast-RTPS[0m
[135.658s] [ 73%] [32mBuilding CXX object CMakeFiles/mimic.dir/tutorials/mimic.cpp.o[0m
[138.004s] [ 74%] [32mBuilding CXX object CMakeFiles/turtlesim__rosidl_typesupport_fastrtps_c.dir/rosidl_typesupport_fastrtps_c/turtlesim/action/detail/rotate_absolute__type_support_c.cpp.o[0m
[139.042s] [ 75%] [32mBuilding CXX object CMakeFiles/turtlesim__rosidl_typesupport_fastrtps_c.dir/rosidl_typesupport_fastrtps_c/turtlesim/msg/detail/color__type_support_c.cpp.o[0m
[140.016s] [ 76%] [32mBuilding CXX object CMakeFiles/turtlesim__rosidl_typesupport_fastrtps_c.dir/rosidl_typesupport_fastrtps_c/turtlesim/msg/detail/pose__type_support_c.cpp.o[0m
[140.946s] [ 77%] [32mBuilding CXX object CMakeFiles/turtlesim__rosidl_typesupport_fastrtps_c.dir/rosidl_typesupport_fastrtps_c/turtlesim/srv/detail/kill__type_support_c.cpp.o[0m
[141.892s] [ 78%] [32mBuilding CXX object CMakeFiles/turtlesim__rosidl_typesupport_fastrtps_c.dir/rosidl_typesupport_fastrtps_c/turtlesim/srv/detail/set_pen__type_support_c.cpp.o[0m
[142.810s] [ 79%] [32mBuilding CXX object CMakeFiles/turtlesim__rosidl_typesupport_fastrtps_c.dir/rosidl_typesupport_fastrtps_c/turtlesim/srv/detail/spawn__type_support_c.cpp.o[0m
[143.756s] [ 80%] [32mBuilding CXX object CMakeFiles/turtlesim__rosidl_typesupport_fastrtps_c.dir/rosidl_typesupport_fastrtps_c/turtlesim/srv/detail/teleport_absolute__type_support_c.cpp.o[0m
[144.717s] [ 81%] [32mBuilding CXX object CMakeFiles/turtlesim__rosidl_typesupport_fastrtps_c.dir/rosidl_typesupport_fastrtps_c/turtlesim/srv/detail/teleport_relative__type_support_c.cpp.o[0m
[145.637s] [ 82%] [32m[1mLinking CXX shared library libturtlesim__rosidl_typesupport_fastrtps_c.so[0m
[145.837s] [ 82%] Built target turtlesim__rosidl_typesupport_fastrtps_c
[156.742s] [ 83%] [32m[1mLinking CXX executable mimic[0m
[157.983s] [ 83%] Built target mimic
[158.025s] [ 83%] Built target turtlesim
[158.071s] [ 84%] [34m[1mGenerating Python code for ROS interfaces[0m
[162.174s] [ 84%] Built target turtlesim__py
[162.217s] [ 86%] [32mBuilding C object CMakeFiles/turtlesim__rosidl_generator_py.dir/rosidl_generator_py/turtlesim/action/_rotate_absolute_s.c.o[0m
[162.219s] [ 86%] [32mBuilding C object CMakeFiles/turtlesim__rosidl_generator_py.dir/rosidl_generator_py/turtlesim/msg/_color_s.c.o[0m
[162.528s] [ 87%] [32mBuilding C object CMakeFiles/turtlesim__rosidl_generator_py.dir/rosidl_generator_py/turtlesim/msg/_pose_s.c.o[0m
[162.636s] [ 88%] [32mBuilding C object CMakeFiles/turtlesim__rosidl_generator_py.dir/rosidl_generator_py/turtlesim/srv/_kill_s.c.o[0m
[162.798s] [ 89%] [32mBuilding C object CMakeFiles/turtlesim__rosidl_generator_py.dir/rosidl_generator_py/turtlesim/srv/_set_pen_s.c.o[0m
[162.924s] [ 90%] [32mBuilding C object CMakeFiles/turtlesim__rosidl_generator_py.dir/rosidl_generator_py/turtlesim/srv/_spawn_s.c.o[0m
[163.086s] [ 91%] [32mBuilding C object CMakeFiles/turtlesim__rosidl_generator_py.dir/rosidl_generator_py/turtlesim/srv/_teleport_absolute_s.c.o[0m
[163.213s] [ 92%] [32mBuilding C object CMakeFiles/turtlesim__rosidl_generator_py.dir/rosidl_generator_py/turtlesim/srv/_teleport_relative_s.c.o[0m
[163.486s] [ 93%] [32m[1mLinking C shared library rosidl_generator_py/turtlesim/libturtlesim__rosidl_generator_py.so[0m
[163.586s] [ 93%] Built target turtlesim__rosidl_generator_py
[163.633s] [ 95%] [32mBuilding C object CMakeFiles/turtlesim__rosidl_typesupport_introspection_c__pyext.dir/rosidl_generator_py/turtlesim/_turtlesim_s.ep.rosidl_typesupport_introspection_c.c.o[0m
[163.633s] [ 95%] [32mBuilding C object CMakeFiles/turtlesim__rosidl_typesupport_fastrtps_c__pyext.dir/rosidl_generator_py/turtlesim/_turtlesim_s.ep.rosidl_typesupport_fastrtps_c.c.o[0m
[164.062s] [ 96%] [32m[1mLinking C shared library rosidl_generator_py/turtlesim/turtlesim_s__rosidl_typesupport_fastrtps_c.cpython-310-x86_64-linux-gnu.so[0m
[164.081s] [ 97%] [32m[1mLinking C shared library rosidl_generator_py/turtlesim/turtlesim_s__rosidl_typesupport_introspection_c.cpython-310-x86_64-linux-gnu.so[0m
[164.184s] [ 97%] Built target turtlesim__rosidl_typesupport_fastrtps_c__pyext
[164.208s] [ 97%] Built target turtlesim__rosidl_typesupport_introspection_c__pyext
[164.234s] [ 98%] [32mBuilding C object CMakeFiles/turtlesim__rosidl_typesupport_c__pyext.dir/rosidl_generator_py/turtlesim/_turtlesim_s.ep.rosidl_typesupport_c.c.o[0m
[164.603s] [100%] [32m[1mLinking C shared library rosidl_generator_py/turtlesim/turtlesim_s__rosidl_typesupport_c.cpython-310-x86_64-linux-gnu.so[0m
[164.695s] [100%] Built target turtlesim__rosidl_typesupport_c__pyext
[164.725s] Invoked command in '/home/thiago/Documentos/Robotica/ros2_ws/build/turtlesim' returned '0': CMAKE_PREFIX_PATH=/opt/ros/humble /usr/bin/cmake --build /home/thiago/Documentos/Robotica/ros2_ws/build/turtlesim -- -j2 -l2
[164.748s] Invoking command in '/home/thiago/Documentos/Robotica/ros2_ws/build/turtlesim': CMAKE_PREFIX_PATH=/opt/ros/humble /usr/bin/cmake --install /home/thiago/Documentos/Robotica/ros2_ws/build/turtlesim
[164.765s] -- Install configuration: ""
[164.765s] -- Installing: /home/thiago/Documentos/Robotica/ros2_ws/install/turtlesim/share/ament_index/resource_index/rosidl_interfaces/turtlesim
[164.765s] -- Installing: /home/thiago/Documentos/Robotica/ros2_ws/install/turtlesim/include/turtlesim/turtlesim
[164.766s] -- Installing: /home/thiago/Documentos/Robotica/ros2_ws/install/turtlesim/include/turtlesim/turtlesim/action
[164.766s] -- Installing: /home/thiago/Documentos/Robotica/ros2_ws/install/turtlesim/include/turtlesim/turtlesim/action/rotate_absolute.h
[164.766s] -- Installing: /home/thiago/Documentos/Robotica/ros2_ws/install/turtlesim/include/turtlesim/turtlesim/action/detail
[164.766s] -- Installing: /home/thiago/Documentos/Robotica/ros2_ws/install/turtlesim/include/turtlesim/turtlesim/action/detail/rotate_absolute__type_support.h
[164.767s] -- Installing: /home/thiago/Documentos/Robotica/ros2_ws/install/turtlesim/include/turtlesim/turtlesim/action/detail/rotate_absolute__functions.c
[164.767s] -- Installing: /home/thiago/Documentos/Robotica/ros2_ws/install/turtlesim/include/turtlesim/turtlesim/action/detail/rotate_absolute__functions.h
[164.767s] -- Installing: /home/thiago/Documentos/Robotica/ros2_ws/install/turtlesim/include/turtlesim/turtlesim/action/detail/rotate_absolute__struct.h
[164.767s] -- Installing: /home/thiago/Documentos/Robotica/ros2_ws/install/turtlesim/include/turtlesim/turtlesim/srv
[164.768s] -- Installing: /home/thiago/Documentos/Robotica/ros2_ws/install/turtlesim/include/turtlesim/turtlesim/srv/teleport_relative.h
[164.768s] -- Installing: /home/thiago/Documentos/Robotica/ros2_ws/install/turtlesim/include/turtlesim/turtlesim/srv/detail
[164.768s] -- Installing: /home/thiago/Documentos/Robotica/ros2_ws/install/turtlesim/include/turtlesim/turtlesim/srv/detail/teleport_relative__struct.h
[164.769s] -- Installing: /home/thiago/Documentos/Robotica/ros2_ws/install/turtlesim/include/turtlesim/turtlesim/srv/detail/teleport_relative__functions.h
[164.769s] -- Installing: /home/thiago/Documentos/Robotica/ros2_ws/install/turtlesim/include/turtlesim/turtlesim/srv/detail/teleport_relative__functions.c
[164.772s] -- Installing: /home/thiago/Documentos/Robotica/ros2_ws/install/turtlesim/include/turtlesim/turtlesim/srv/detail/spawn__struct.h
[164.773s] -- Installing: /home/thiago/Documentos/Robotica/ros2_ws/install/turtlesim/include/turtlesim/turtlesim/srv/detail/spawn__functions.c
[164.773s] -- Installing: /home/thiago/Documentos/Robotica/ros2_ws/install/turtlesim/include/turtlesim/turtlesim/srv/detail/set_pen__struct.h
[164.773s] -- Installing: /home/thiago/Documentos/Robotica/ros2_ws/install/turtlesim/include/turtlesim/turtlesim/srv/detail/teleport_absolute__struct.h
[164.774s] -- Installing: /home/thiago/Documentos/Robotica/ros2_ws/install/turtlesim/include/turtlesim/turtlesim/srv/detail/spawn__type_support.h
[164.774s] -- Installing: /home/thiago/Documentos/Robotica/ros2_ws/install/turtlesim/include/turtlesim/turtlesim/srv/detail/kill__type_support.h
[164.774s] -- Installing: /home/thiago/Documentos/Robotica/ros2_ws/install/turtlesim/include/turtlesim/turtlesim/srv/detail/kill__functions.h
[164.774s] -- Installing: /home/thiago/Documentos/Robotica/ros2_ws/install/turtlesim/include/turtlesim/turtlesim/srv/detail/set_pen__functions.h
[164.775s] -- Installing: /home/thiago/Documentos/Robotica/ros2_ws/install/turtlesim/include/turtlesim/turtlesim/srv/detail/kill__functions.c
[164.775s] -- Installing: /home/thiago/Documentos/Robotica/ros2_ws/install/turtlesim/include/turtlesim/turtlesim/srv/detail/teleport_absolute__functions.h
[164.775s] -- Installing: /home/thiago/Documentos/Robotica/ros2_ws/install/turtlesim/include/turtlesim/turtlesim/srv/detail/set_pen__functions.c
[164.776s] -- Installing: /home/thiago/Documentos/Robotica/ros2_ws/install/turtlesim/include/turtlesim/turtlesim/srv/detail/teleport_relative__type_support.h
[164.776s] -- Installing: /home/thiago/Documentos/Robotica/ros2_ws/install/turtlesim/include/turtlesim/turtlesim/srv/detail/spawn__functions.h
[164.776s] -- Installing: /home/thiago/Documentos/Robotica/ros2_ws/install/turtlesim/include/turtlesim/turtlesim/srv/detail/kill__struct.h
[164.776s] -- Installing: /home/thiago/Documentos/Robotica/ros2_ws/install/turtlesim/include/turtlesim/turtlesim/srv/detail/teleport_absolute__functions.c
[164.777s] -- Installing: /home/thiago/Documentos/Robotica/ros2_ws/install/turtlesim/include/turtlesim/turtlesim/srv/detail/teleport_absolute__type_support.h
[164.777s] -- Installing: /home/thiago/Documentos/Robotica/ros2_ws/install/turtlesim/include/turtlesim/turtlesim/srv/detail/set_pen__type_support.h
[164.778s] -- Installing: /home/thiago/Documentos/Robotica/ros2_ws/install/turtlesim/include/turtlesim/turtlesim/srv/teleport_absolute.h
[164.778s] -- Installing: /home/thiago/Documentos/Robotica/ros2_ws/install/turtlesim/include/turtlesim/turtlesim/srv/spawn.h
[164.778s] -- Installing: /home/thiago/Documentos/Robotica/ros2_ws/install/turtlesim/include/turtlesim/turtlesim/srv/set_pen.h
[164.778s] -- Installing: /home/thiago/Documentos/Robotica/ros2_ws/install/turtlesim/include/turtlesim/turtlesim/srv/kill.h
[164.779s] -- Installing: /home/thiago/Documentos/Robotica/ros2_ws/install/turtlesim/include/turtlesim/turtlesim/msg
[164.779s] -- Installing: /home/thiago/Documentos/Robotica/ros2_ws/install/turtlesim/include/turtlesim/turtlesim/msg/detail
[164.779s] -- Installing: /home/thiago/Documentos/Robotica/ros2_ws/install/turtlesim/include/turtlesim/turtlesim/msg/detail/pose__functions.c
[164.779s] -- Installing: /home/thiago/Documentos/Robotica/ros2_ws/install/turtlesim/include/turtlesim/turtlesim/msg/detail/color__struct.h
[164.780s] -- Installing: /home/thiago/Documentos/Robotica/ros2_ws/install/turtlesim/include/turtlesim/turtlesim/msg/detail/pose__struct.h
[164.780s] -- Installing: /home/thiago/Documentos/Robotica/ros2_ws/install/turtlesim/include/turtlesim/turtlesim/msg/detail/color__functions.h
[164.780s] -- Installing: /home/thiago/Documentos/Robotica/ros2_ws/install/turtlesim/include/turtlesim/turtlesim/msg/detail/pose__functions.h
[164.781s] -- Installing: /home/thiago/Documentos/Robotica/ros2_ws/install/turtlesim/include/turtlesim/turtlesim/msg/detail/pose__type_support.h
[164.781s] -- Installing: /home/thiago/Documentos/Robotica/ros2_ws/install/turtlesim/include/turtlesim/turtlesim/msg/detail/color__functions.c
[164.781s] -- Installing: /home/thiago/Documentos/Robotica/ros2_ws/install/turtlesim/include/turtlesim/turtlesim/msg/detail/color__type_support.h
[164.781s] -- Installing: /home/thiago/Documentos/Robotica/ros2_ws/install/turtlesim/include/turtlesim/turtlesim/msg/pose.h
[164.781s] -- Installing: /home/thiago/Documentos/Robotica/ros2_ws/install/turtlesim/include/turtlesim/turtlesim/msg/color.h
[164.782s] -- Installing: /home/thiago/Documentos/Robotica/ros2_ws/install/turtlesim/include/turtlesim/turtlesim/msg/rosidl_generator_c__visibility_control.h
[164.782s] -- Installing: /home/thiago/Documentos/Robotica/ros2_ws/install/turtlesim/share/turtlesim/environment/library_path.sh
[164.783s] -- Installing: /home/thiago/Documentos/Robotica/ros2_ws/install/turtlesim/share/turtlesim/environment/library_path.dsv
[164.783s] -- Installing: /home/thiago/Documentos/Robotica/ros2_ws/install/turtlesim/lib/libturtlesim__rosidl_generator_c.so
[164.785s] -- Set runtime path of "/home/thiago/Documentos/Robotica/ros2_ws/install/turtlesim/lib/libturtlesim__rosidl_generator_c.so" to ""
[164.785s] -- Up-to-date: /home/thiago/Documentos/Robotica/ros2_ws/install/turtlesim/include/turtlesim/turtlesim
[164.786s] -- Up-to-date: /home/thiago/Documentos/Robotica/ros2_ws/install/turtlesim/include/turtlesim/turtlesim/action
[164.786s] -- Up-to-date: /home/thiago/Documentos/Robotica/ros2_ws/install/turtlesim/include/turtlesim/turtlesim/action/detail
[164.786s] -- Installing: /home/thiago/Documentos/Robotica/ros2_ws/install/turtlesim/include/turtlesim/turtlesim/action/detail/rotate_absolute__rosidl_typesupport_fastrtps_c.h
[164.786s] -- Up-to-date: /home/thiago/Documentos/Robotica/ros2_ws/install/turtlesim/include/turtlesim/turtlesim/srv
[164.787s] -- Up-to-date: /home/thiago/Documentos/Robotica/ros2_ws/install/turtlesim/include/turtlesim/turtlesim/srv/detail
[164.787s] -- Installing: /home/thiago/Documentos/Robotica/ros2_ws/install/turtlesim/include/turtlesim/turtlesim/srv/detail/kill__rosidl_typesupport_fastrtps_c.h
[164.787s] -- Installing: /home/thiago/Documentos/Robotica/ros2_ws/install/turtlesim/include/turtlesim/turtlesim/srv/detail/teleport_absolute__rosidl_typesupport_fastrtps_c.h
[164.787s] -- Installing: /home/thiago/Documentos/Robotica/ros2_ws/install/turtlesim/include/turtlesim/turtlesim/srv/detail/teleport_relative__rosidl_typesupport_fastrtps_c.h
[164.788s] -- Installing: /home/thiago/Documentos/Robotica/ros2_ws/install/turtlesim/include/turtlesim/turtlesim/srv/detail/spawn__rosidl_typesupport_fastrtps_c.h
[164.788s] -- Installing: /home/thiago/Documentos/Robotica/ros2_ws/install/turtlesim/include/turtlesim/turtlesim/srv/detail/set_pen__rosidl_typesupport_fastrtps_c.h
[164.788s] -- Up-to-date: /home/thiago/Documentos/Robotica/ros2_ws/install/turtlesim/include/turtlesim/turtlesim/msg
[164.788s] -- Installing: /home/thiago/Documentos/Robotica/ros2_ws/install/turtlesim/include/turtlesim/turtlesim/msg/rosidl_typesupport_fastrtps_c__visibility_control.h
[164.788s] -- Up-to-date: /home/thiago/Documentos/Robotica/ros2_ws/install/turtlesim/include/turtlesim/turtlesim/msg/detail
[164.789s] -- Installing: /home/thiago/Documentos/Robotica/ros2_ws/install/turtlesim/include/turtlesim/turtlesim/msg/detail/pose__rosidl_typesupport_fastrtps_c.h
[164.789s] -- Installing: /home/thiago/Documentos/Robotica/ros2_ws/install/turtlesim/include/turtlesim/turtlesim/msg/detail/color__rosidl_typesupport_fastrtps_c.h
[164.789s] -- Installing: /home/thiago/Documentos/Robotica/ros2_ws/install/turtlesim/lib/libturtlesim__rosidl_typesupport_fastrtps_c.so
[164.789s] -- Set runtime path of "/home/thiago/Documentos/Robotica/ros2_ws/install/turtlesim/lib/libturtlesim__rosidl_typesupport_fastrtps_c.so" to ""
[164.790s] -- Up-to-date: /home/thiago/Documentos/Robotica/ros2_ws/install/turtlesim/include/turtlesim/turtlesim
[164.790s] -- Up-to-date: /home/thiago/Documentos/Robotica/ros2_ws/install/turtlesim/include/turtlesim/turtlesim/action
[164.790s] -- Up-to-date: /home/thiago/Documentos/Robotica/ros2_ws/install/turtlesim/include/turtlesim/turtlesim/action/detail
[164.791s] -- Installing: /home/thiago/Documentos/Robotica/ros2_ws/install/turtlesim/include/turtlesim/turtlesim/action/detail/rotate_absolute__struct.hpp
[164.791s] -- Installing: /home/thiago/Documentos/Robotica/ros2_ws/install/turtlesim/include/turtlesim/turtlesim/action/detail/rotate_absolute__traits.hpp
[164.791s] -- Installing: /home/thiago/Documentos/Robotica/ros2_ws/install/turtlesim/include/turtlesim/turtlesim/action/detail/rotate_absolute__builder.hpp
[164.791s] -- Installing: /home/thiago/Documentos/Robotica/ros2_ws/install/turtlesim/include/turtlesim/turtlesim/action/detail/rotate_absolute__type_support.hpp
[164.792s] -- Installing: /home/thiago/Documentos/Robotica/ros2_ws/install/turtlesim/include/turtlesim/turtlesim/action/rotate_absolute.hpp
[164.792s] -- Up-to-date: /home/thiago/Documentos/Robotica/ros2_ws/install/turtlesim/include/turtlesim/turtlesim/srv
[164.792s] -- Installing: /home/thiago/Documentos/Robotica/ros2_ws/install/turtlesim/include/turtlesim/turtlesim/srv/teleport_relative.hpp
[164.792s] -- Installing: /home/thiago/Documentos/Robotica/ros2_ws/install/turtlesim/include/turtlesim/turtlesim/srv/kill.hpp
[164.793s] -- Installing: /home/thiago/Documentos/Robotica/ros2_ws/install/turtlesim/include/turtlesim/turtlesim/srv/spawn.hpp
[164.793s] -- Installing: /home/thiago/Documentos/Robotica/ros2_ws/install/turtlesim/include/turtlesim/turtlesim/srv/set_pen.hpp
[164.793s] -- Up-to-date: /home/thiago/Documentos/Robotica/ros2_ws/install/turtlesim/include/turtlesim/turtlesim/srv/detail
[164.793s] -- Installing: /home/thiago/Documentos/Robotica/ros2_ws/install/turtlesim/include/turtlesim/turtlesim/srv/detail/teleport_relative__builder.hpp
[164.794s] -- Installing: /home/thiago/Documentos/Robotica/ros2_ws/install/turtlesim/include/turtlesim/turtlesim/srv/detail/teleport_absolute__type_support.hpp
[164.794s] -- Installing: /home/thiago/Documentos/Robotica/ros2_ws/install/turtlesim/include/turtlesim/turtlesim/srv/detail/teleport_absolute__traits.hpp
[164.794s] -- Installing: /home/thiago/Documentos/Robotica/ros2_ws/install/turtlesim/include/turtlesim/turtlesim/srv/detail/spawn__traits.hpp
[164.795s] -- Installing: /home/thiago/Documentos/Robotica/ros2_ws/install/turtlesim/include/turtlesim/turtlesim/srv/detail/kill__type_support.hpp
[164.795s] -- Installing: /home/thiago/Documentos/Robotica/ros2_ws/install/turtlesim/include/turtlesim/turtlesim/srv/detail/teleport_absolute__builder.hpp
[164.795s] -- Installing: /home/thiago/Documentos/Robotica/ros2_ws/install/turtlesim/include/turtlesim/turtlesim/srv/detail/spawn__type_support.hpp
[164.795s] -- Installing: /home/thiago/Documentos/Robotica/ros2_ws/install/turtlesim/include/turtlesim/turtlesim/srv/detail/spawn__struct.hpp
[164.796s] -- Installing: /home/thiago/Documentos/Robotica/ros2_ws/install/turtlesim/include/turtlesim/turtlesim/srv/detail/set_pen__struct.hpp
[164.796s] -- Installing: /home/thiago/Documentos/Robotica/ros2_ws/install/turtlesim/include/turtlesim/turtlesim/srv/detail/teleport_absolute__struct.hpp
[164.798s] -- Installing: /home/thiago/Documentos/Robotica/ros2_ws/install/turtlesim/include/turtlesim/turtlesim/srv/detail/spawn__builder.hpp
[164.802s] -- Installing: /home/thiago/Documentos/Robotica/ros2_ws/install/turtlesim/include/turtlesim/turtlesim/srv/detail/kill__traits.hpp
[164.804s] -- Installing: /home/thiago/Documentos/Robotica/ros2_ws/install/turtlesim/include/turtlesim/turtlesim/srv/detail/teleport_relative__traits.hpp
[164.804s] -- Installing: /home/thiago/Documentos/Robotica/ros2_ws/install/turtlesim/include/turtlesim/turtlesim/srv/detail/set_pen__builder.hpp
[164.804s] -- Installing: /home/thiago/Documentos/Robotica/ros2_ws/install/turtlesim/include/turtlesim/turtlesim/srv/detail/set_pen__type_support.hpp
[164.805s] -- Installing: /home/thiago/Documentos/Robotica/ros2_ws/install/turtlesim/include/turtlesim/turtlesim/srv/detail/teleport_relative__struct.hpp
[164.805s] -- Installing: /home/thiago/Documentos/Robotica/ros2_ws/install/turtlesim/include/turtlesim/turtlesim/srv/detail/kill__struct.hpp
[164.805s] -- Installing: /home/thiago/Documentos/Robotica/ros2_ws/install/turtlesim/include/turtlesim/turtlesim/srv/detail/set_pen__traits.hpp
[164.805s] -- Installing: /home/thiago/Documentos/Robotica/ros2_ws/install/turtlesim/include/turtlesim/turtlesim/srv/detail/teleport_relative__type_support.hpp
[164.806s] -- Installing: /home/thiago/Documentos/Robotica/ros2_ws/install/turtlesim/include/turtlesim/turtlesim/srv/detail/kill__builder.hpp
[164.806s] -- Installing: /home/thiago/Documentos/Robotica/ros2_ws/install/turtlesim/include/turtlesim/turtlesim/srv/teleport_absolute.hpp
[164.806s] -- Up-to-date: /home/thiago/Documentos/Robotica/ros2_ws/install/turtlesim/include/turtlesim/turtlesim/msg
[164.806s] -- Installing: /home/thiago/Documentos/Robotica/ros2_ws/install/turtlesim/include/turtlesim/turtlesim/msg/pose.hpp
[164.807s] -- Installing: /home/thiago/Documentos/Robotica/ros2_ws/install/turtlesim/include/turtlesim/turtlesim/msg/rosidl_generator_cpp__visibility_control.hpp
[164.807s] -- Up-to-date: /home/thiago/Documentos/Robotica/ros2_ws/install/turtlesim/include/turtlesim/turtlesim/msg/detail
[164.807s] -- Installing: /home/thiago/Documentos/Robotica/ros2_ws/install/turtlesim/include/turtlesim/turtlesim/msg/detail/pose__traits.hpp
[164.807s] -- Installing: /home/thiago/Documentos/Robotica/ros2_ws/install/turtlesim/include/turtlesim/turtlesim/msg/detail/pose__struct.hpp
[164.807s] -- Installing: /home/thiago/Documentos/Robotica/ros2_ws/install/turtlesim/include/turtlesim/turtlesim/msg/detail/color__traits.hpp
[164.808s] -- Installing: /home/thiago/Documentos/Robotica/ros2_ws/install/turtlesim/include/turtlesim/turtlesim/msg/detail/pose__type_support.hpp
[164.808s] -- Installing: /home/thiago/Documentos/Robotica/ros2_ws/install/turtlesim/include/turtlesim/turtlesim/msg/detail/color__struct.hpp
[164.809s] -- Installing: /home/thiago/Documentos/Robotica/ros2_ws/install/turtlesim/include/turtlesim/turtlesim/msg/detail/pose__builder.hpp
[164.809s] -- Installing: /home/thiago/Documentos/Robotica/ros2_ws/install/turtlesim/include/turtlesim/turtlesim/msg/detail/color__builder.hpp
[164.809s] -- Installing: /home/thiago/Documentos/Robotica/ros2_ws/install/turtlesim/include/turtlesim/turtlesim/msg/detail/color__type_support.hpp
[164.809s] -- Installing: /home/thiago/Documentos/Robotica/ros2_ws/install/turtlesim/include/turtlesim/turtlesim/msg/color.hpp
[164.810s] -- Up-to-date: /home/thiago/Documentos/Robotica/ros2_ws/install/turtlesim/include/turtlesim/turtlesim
[164.810s] -- Up-to-date: /home/thiago/Documentos/Robotica/ros2_ws/install/turtlesim/include/turtlesim/turtlesim/action
[164.810s] -- Up-to-date: /home/thiago/Documentos/Robotica/ros2_ws/install/turtlesim/include/turtlesim/turtlesim/action/detail
[164.810s] -- Installing: /home/thiago/Documentos/Robotica/ros2_ws/install/turtlesim/include/turtlesim/turtlesim/action/detail/dds_fastrtps
[164.810s] -- Installing: /home/thiago/Documentos/Robotica/ros2_ws/install/turtlesim/include/turtlesim/turtlesim/action/detail/rotate_absolute__rosidl_typesupport_fastrtps_cpp.hpp
[164.810s] -- Up-to-date: /home/thiago/Documentos/Robotica/ros2_ws/install/turtlesim/include/turtlesim/turtlesim/srv
[164.811s] -- Up-to-date: /home/thiago/Documentos/Robotica/ros2_ws/install/turtlesim/include/turtlesim/turtlesim/srv/detail
[164.811s] -- Installing: /home/thiago/Documentos/Robotica/ros2_ws/install/turtlesim/include/turtlesim/turtlesim/srv/detail/teleport_relative__rosidl_typesupport_fastrtps_cpp.hpp
[164.811s] -- Installing: /home/thiago/Documentos/Robotica/ros2_ws/install/turtlesim/include/turtlesim/turtlesim/srv/detail/dds_fastrtps
[164.811s] -- Installing: /home/thiago/Documentos/Robotica/ros2_ws/install/turtlesim/include/turtlesim/turtlesim/srv/detail/spawn__rosidl_typesupport_fastrtps_cpp.hpp
[164.812s] -- Installing: /home/thiago/Documentos/Robotica/ros2_ws/install/turtlesim/include/turtlesim/turtlesim/srv/detail/kill__rosidl_typesupport_fastrtps_cpp.hpp
[164.812s] -- Installing: /home/thiago/Documentos/Robotica/ros2_ws/install/turtlesim/include/turtlesim/turtlesim/srv/detail/teleport_absolute__rosidl_typesupport_fastrtps_cpp.hpp
[164.812s] -- Installing: /home/thiago/Documentos/Robotica/ros2_ws/install/turtlesim/include/turtlesim/turtlesim/srv/detail/set_pen__rosidl_typesupport_fastrtps_cpp.hpp
[164.812s] -- Up-to-date: /home/thiago/Documentos/Robotica/ros2_ws/install/turtlesim/include/turtlesim/turtlesim/msg
[164.812s] -- Up-to-date: /home/thiago/Documentos/Robotica/ros2_ws/install/turtlesim/include/turtlesim/turtlesim/msg/detail
[164.813s] -- Installing: /home/thiago/Documentos/Robotica/ros2_ws/install/turtlesim/include/turtlesim/turtlesim/msg/detail/dds_fastrtps
[164.813s] -- Installing: /home/thiago/Documentos/Robotica/ros2_ws/install/turtlesim/include/turtlesim/turtlesim/msg/detail/pose__rosidl_typesupport_fastrtps_cpp.hpp
[164.813s] -- Installing: /home/thiago/Documentos/Robotica/ros2_ws/install/turtlesim/include/turtlesim/turtlesim/msg/detail/color__rosidl_typesupport_fastrtps_cpp.hpp
[164.813s] -- Installing: /home/thiago/Documentos/Robotica/ros2_ws/install/turtlesim/include/turtlesim/turtlesim/msg/rosidl_typesupport_fastrtps_cpp__visibility_control.h
[164.813s] -- Installing: /home/thiago/Documentos/Robotica/ros2_ws/install/turtlesim/lib/libturtlesim__rosidl_typesupport_fastrtps_cpp.so
[164.815s] -- Set runtime path of "/home/thiago/Documentos/Robotica/ros2_ws/install/turtlesim/lib/libturtlesim__rosidl_typesupport_fastrtps_cpp.so" to ""
[164.815s] -- Up-to-date: /home/thiago/Documentos/Robotica/ros2_ws/install/turtlesim/include/turtlesim/turtlesim
[164.816s] -- Up-to-date: /home/thiago/Documentos/Robotica/ros2_ws/install/turtlesim/include/turtlesim/turtlesim/action
[164.817s] -- Up-to-date: /home/thiago/Documentos/Robotica/ros2_ws/install/turtlesim/include/turtlesim/turtlesim/action/detail
[164.817s] -- Installing: /home/thiago/Documentos/Robotica/ros2_ws/install/turtlesim/include/turtlesim/turtlesim/action/detail/rotate_absolute__type_support.c
[164.818s] -- Installing: /home/thiago/Documentos/Robotica/ros2_ws/install/turtlesim/include/turtlesim/turtlesim/action/detail/rotate_absolute__rosidl_typesupport_introspection_c.h
[164.819s] -- Up-to-date: /home/thiago/Documentos/Robotica/ros2_ws/install/turtlesim/include/turtlesim/turtlesim/srv
[164.819s] -- Up-to-date: /home/thiago/Documentos/Robotica/ros2_ws/install/turtlesim/include/turtlesim/turtlesim/srv/detail
[164.819s] -- Installing: /home/thiago/Documentos/Robotica/ros2_ws/install/turtlesim/include/turtlesim/turtlesim/srv/detail/set_pen__type_support.c
[164.819s] -- Installing: /home/thiago/Documentos/Robotica/ros2_ws/install/turtlesim/include/turtlesim/turtlesim/srv/detail/set_pen__rosidl_typesupport_introspection_c.h
[164.820s] -- Installing: /home/thiago/Documentos/Robotica/ros2_ws/install/turtlesim/include/turtlesim/turtlesim/srv/detail/teleport_relative__rosidl_typesupport_introspection_c.h
[164.820s] -- Installing: /home/thiago/Documentos/Robotica/ros2_ws/install/turtlesim/include/turtlesim/turtlesim/srv/detail/teleport_absolute__type_support.c
[164.820s] -- Installing: /home/thiago/Documentos/Robotica/ros2_ws/install/turtlesim/include/turtlesim/turtlesim/srv/detail/spawn__type_support.c
[164.821s] -- Installing: /home/thiago/Documentos/Robotica/ros2_ws/install/turtlesim/include/turtlesim/turtlesim/srv/detail/spawn__rosidl_typesupport_introspection_c.h
[164.821s] -- Installing: /home/thiago/Documentos/Robotica/ros2_ws/install/turtlesim/include/turtlesim/turtlesim/srv/detail/teleport_relative__type_support.c
[164.822s] -- Installing: /home/thiago/Documentos/Robotica/ros2_ws/install/turtlesim/include/turtlesim/turtlesim/srv/detail/kill__type_support.c
[164.822s] -- Installing: /home/thiago/Documentos/Robotica/ros2_ws/install/turtlesim/include/turtlesim/turtlesim/srv/detail/teleport_absolute__rosidl_typesupport_introspection_c.h
[164.822s] -- Installing: /home/thiago/Documentos/Robotica/ros2_ws/install/turtlesim/include/turtlesim/turtlesim/srv/detail/kill__rosidl_typesupport_introspection_c.h
[164.823s] -- Up-to-date: /home/thiago/Documentos/Robotica/ros2_ws/install/turtlesim/include/turtlesim/turtlesim/msg
[164.823s] -- Up-to-date: /home/thiago/Documentos/Robotica/ros2_ws/install/turtlesim/include/turtlesim/turtlesim/msg/detail
[164.823s] -- Installing: /home/thiago/Documentos/Robotica/ros2_ws/install/turtlesim/include/turtlesim/turtlesim/msg/detail/pose__rosidl_typesupport_introspection_c.h
[164.823s] -- Installing: /home/thiago/Documentos/Robotica/ros2_ws/install/turtlesim/include/turtlesim/turtlesim/msg/detail/color__type_support.c
[164.824s] -- Installing: /home/thiago/Documentos/Robotica/ros2_ws/install/turtlesim/include/turtlesim/turtlesim/msg/detail/color__rosidl_typesupport_introspection_c.h
[164.824s] -- Installing: /home/thiago/Documentos/Robotica/ros2_ws/install/turtlesim/include/turtlesim/turtlesim/msg/detail/pose__type_support.c
[164.824s] -- Installing: /home/thiago/Documentos/Robotica/ros2_ws/install/turtlesim/include/turtlesim/turtlesim/msg/rosidl_typesupport_introspection_c__visibility_control.h
[164.825s] -- Installing: /home/thiago/Documentos/Robotica/ros2_ws/install/turtlesim/lib/libturtlesim__rosidl_typesupport_introspection_c.so
[164.826s] -- Set runtime path of "/home/thiago/Documentos/Robotica/ros2_ws/install/turtlesim/lib/libturtlesim__rosidl_typesupport_introspection_c.so" to ""
[164.827s] -- Installing: /home/thiago/Documentos/Robotica/ros2_ws/install/turtlesim/lib/libturtlesim__rosidl_typesupport_c.so
[164.828s] -- Set runtime path of "/home/thiago/Documentos/Robotica/ros2_ws/install/turtlesim/lib/libturtlesim__rosidl_typesupport_c.so" to ""
[164.829s] -- Up-to-date: /home/thiago/Documentos/Robotica/ros2_ws/install/turtlesim/include/turtlesim/turtlesim
[164.829s] -- Up-to-date: /home/thiago/Documentos/Robotica/ros2_ws/install/turtlesim/include/turtlesim/turtlesim/action
[164.829s] -- Up-to-date: /home/thiago/Documentos/Robotica/ros2_ws/install/turtlesim/include/turtlesim/turtlesim/action/detail
[164.829s] -- Installing: /home/thiago/Documentos/Robotica/ros2_ws/install/turtlesim/include/turtlesim/turtlesim/action/detail/rotate_absolute__type_support.cpp
[164.830s] -- Installing: /home/thiago/Documentos/Robotica/ros2_ws/install/turtlesim/include/turtlesim/turtlesim/action/detail/rotate_absolute__rosidl_typesupport_introspection_cpp.hpp
[164.831s] -- Up-to-date: /home/thiago/Documentos/Robotica/ros2_ws/install/turtlesim/include/turtlesim/turtlesim/srv
[164.831s] -- Up-to-date: /home/thiago/Documentos/Robotica/ros2_ws/install/turtlesim/include/turtlesim/turtlesim/srv/detail
[164.831s] -- Installing: /home/thiago/Documentos/Robotica/ros2_ws/install/turtlesim/include/turtlesim/turtlesim/srv/detail/teleport_relative__rosidl_typesupport_introspection_cpp.hpp
[164.832s] -- Installing: /home/thiago/Documentos/Robotica/ros2_ws/install/turtlesim/include/turtlesim/turtlesim/srv/detail/set_pen__rosidl_typesupport_introspection_cpp.hpp
[164.833s] -- Installing: /home/thiago/Documentos/Robotica/ros2_ws/install/turtlesim/include/turtlesim/turtlesim/srv/detail/teleport_relative__type_support.cpp
[164.834s] -- Installing: /home/thiago/Documentos/Robotica/ros2_ws/install/turtlesim/include/turtlesim/turtlesim/srv/detail/set_pen__type_support.cpp
[164.834s] -- Installing: /home/thiago/Documentos/Robotica/ros2_ws/install/turtlesim/include/turtlesim/turtlesim/srv/detail/spawn__type_support.cpp
[164.835s] -- Installing: /home/thiago/Documentos/Robotica/ros2_ws/install/turtlesim/include/turtlesim/turtlesim/srv/detail/spawn__rosidl_typesupport_introspection_cpp.hpp
[164.835s] -- Installing: /home/thiago/Documentos/Robotica/ros2_ws/install/turtlesim/include/turtlesim/turtlesim/srv/detail/kill__rosidl_typesupport_introspection_cpp.hpp
[164.836s] -- Installing: /home/thiago/Documentos/Robotica/ros2_ws/install/turtlesim/include/turtlesim/turtlesim/srv/detail/teleport_absolute__rosidl_typesupport_introspection_cpp.hpp
[164.836s] -- Installing: /home/thiago/Documentos/Robotica/ros2_ws/install/turtlesim/include/turtlesim/turtlesim/srv/detail/teleport_absolute__type_support.cpp
[164.837s] -- Installing: /home/thiago/Documentos/Robotica/ros2_ws/install/turtlesim/include/turtlesim/turtlesim/srv/detail/kill__type_support.cpp
[164.838s] -- Up-to-date: /home/thiago/Documentos/Robotica/ros2_ws/install/turtlesim/include/turtlesim/turtlesim/msg
[164.838s] -- Up-to-date: /home/thiago/Documentos/Robotica/ros2_ws/install/turtlesim/include/turtlesim/turtlesim/msg/detail
[164.838s] -- Installing: /home/thiago/Documentos/Robotica/ros2_ws/install/turtlesim/include/turtlesim/turtlesim/msg/detail/pose__rosidl_typesupport_introspection_cpp.hpp
[164.838s] -- Installing: /home/thiago/Documentos/Robotica/ros2_ws/install/turtlesim/include/turtlesim/turtlesim/msg/detail/pose__type_support.cpp
[164.839s] -- Installing: /home/thiago/Documentos/Robotica/ros2_ws/install/turtlesim/include/turtlesim/turtlesim/msg/detail/color__rosidl_typesupport_introspection_cpp.hpp
[164.839s] -- Installing: /home/thiago/Documentos/Robotica/ros2_ws/install/turtlesim/include/turtlesim/turtlesim/msg/detail/color__type_support.cpp
[164.840s] -- Installing: /home/thiago/Documentos/Robotica/ros2_ws/install/turtlesim/lib/libturtlesim__rosidl_typesupport_introspection_cpp.so
[164.841s] -- Set runtime path of "/home/thiago/Documentos/Robotica/ros2_ws/install/turtlesim/lib/libturtlesim__rosidl_typesupport_introspection_cpp.so" to ""
[164.842s] -- Installing: /home/thiago/Documentos/Robotica/ros2_ws/install/turtlesim/lib/libturtlesim__rosidl_typesupport_cpp.so
[164.843s] -- Set runtime path of "/home/thiago/Documentos/Robotica/ros2_ws/install/turtlesim/lib/libturtlesim__rosidl_typesupport_cpp.so" to ""
[164.843s] -- Installing: /home/thiago/Documentos/Robotica/ros2_ws/install/turtlesim/share/turtlesim/environment/pythonpath.sh
[164.844s] -- Installing: /home/thiago/Documentos/Robotica/ros2_ws/install/turtlesim/share/turtlesim/environment/pythonpath.dsv
[164.844s] -- Installing: /home/thiago/Documentos/Robotica/ros2_ws/install/turtlesim/local/lib/python3.10/dist-packages/turtlesim-1.4.3-py3.10.egg-info
[164.845s] -- Installing: /home/thiago/Documentos/Robotica/ros2_ws/install/turtlesim/local/lib/python3.10/dist-packages/turtlesim-1.4.3-py3.10.egg-info/dependency_links.txt
[164.845s] -- Installing: /home/thiago/Documentos/Robotica/ros2_ws/install/turtlesim/local/lib/python3.10/dist-packages/turtlesim-1.4.3-py3.10.egg-info/SOURCES.txt
[164.845s] -- Installing: /home/thiago/Documentos/Robotica/ros2_ws/install/turtlesim/local/lib/python3.10/dist-packages/turtlesim-1.4.3-py3.10.egg-info/top_level.txt
[164.845s] -- Installing: /home/thiago/Documentos/Robotica/ros2_ws/install/turtlesim/local/lib/python3.10/dist-packages/turtlesim-1.4.3-py3.10.egg-info/PKG-INFO
[164.846s] -- Installing: /home/thiago/Documentos/Robotica/ros2_ws/install/turtlesim/local/lib/python3.10/dist-packages/turtlesim
[164.846s] -- Installing: /home/thiago/Documentos/Robotica/ros2_ws/install/turtlesim/local/lib/python3.10/dist-packages/turtlesim/__init__.py
[164.846s] -- Installing: /home/thiago/Documentos/Robotica/ros2_ws/install/turtlesim/local/lib/python3.10/dist-packages/turtlesim/_turtlesim_s.ep.rosidl_typesupport_fastrtps_c.c
[164.847s] -- Installing: /home/thiago/Documentos/Robotica/ros2_ws/install/turtlesim/local/lib/python3.10/dist-packages/turtlesim/turtlesim_s__rosidl_typesupport_fastrtps_c.cpython-310-x86_64-linux-gnu.so
[164.847s] -- Installing: /home/thiago/Documentos/Robotica/ros2_ws/install/turtlesim/local/lib/python3.10/dist-packages/turtlesim/libturtlesim__rosidl_generator_py.so
[164.848s] -- Installing: /home/thiago/Documentos/Robotica/ros2_ws/install/turtlesim/local/lib/python3.10/dist-packages/turtlesim/turtlesim_s__rosidl_typesupport_c.cpython-310-x86_64-linux-gnu.so
[164.848s] -- Installing: /home/thiago/Documentos/Robotica/ros2_ws/install/turtlesim/local/lib/python3.10/dist-packages/turtlesim/action
[164.848s] -- Installing: /home/thiago/Documentos/Robotica/ros2_ws/install/turtlesim/local/lib/python3.10/dist-packages/turtlesim/action/__init__.py
[164.848s] -- Installing: /home/thiago/Documentos/Robotica/ros2_ws/install/turtlesim/local/lib/python3.10/dist-packages/turtlesim/action/_rotate_absolute.py
[164.849s] -- Installing: /home/thiago/Documentos/Robotica/ros2_ws/install/turtlesim/local/lib/python3.10/dist-packages/turtlesim/action/_rotate_absolute_s.c
[164.849s] -- Installing: /home/thiago/Documentos/Robotica/ros2_ws/install/turtlesim/local/lib/python3.10/dist-packages/turtlesim/srv
[164.849s] -- Installing: /home/thiago/Documentos/Robotica/ros2_ws/install/turtlesim/local/lib/python3.10/dist-packages/turtlesim/srv/__init__.py
[164.850s] -- Installing: /home/thiago/Documentos/Robotica/ros2_ws/install/turtlesim/local/lib/python3.10/dist-packages/turtlesim/srv/_spawn.py
[164.850s] -- Installing: /home/thiago/Documentos/Robotica/ros2_ws/install/turtlesim/local/lib/python3.10/dist-packages/turtlesim/srv/_spawn_s.c
[164.850s] -- Installing: /home/thiago/Documentos/Robotica/ros2_ws/install/turtlesim/local/lib/python3.10/dist-packages/turtlesim/srv/_teleport_relative.py
[164.850s] -- Installing: /home/thiago/Documentos/Robotica/ros2_ws/install/turtlesim/local/lib/python3.10/dist-packages/turtlesim/srv/_teleport_relative_s.c
[164.851s] -- Installing: /home/thiago/Documentos/Robotica/ros2_ws/install/turtlesim/local/lib/python3.10/dist-packages/turtlesim/srv/_set_pen.py
[164.851s] -- Installing: /home/thiago/Documentos/Robotica/ros2_ws/install/turtlesim/local/lib/python3.10/dist-packages/turtlesim/srv/_set_pen_s.c
[164.851s] -- Installing: /home/thiago/Documentos/Robotica/ros2_ws/install/turtlesim/local/lib/python3.10/dist-packages/turtlesim/srv/_kill_s.c
[164.852s] -- Installing: /home/thiago/Documentos/Robotica/ros2_ws/install/turtlesim/local/lib/python3.10/dist-packages/turtlesim/srv/_teleport_absolute.py
[164.852s] -- Installing: /home/thiago/Documentos/Robotica/ros2_ws/install/turtlesim/local/lib/python3.10/dist-packages/turtlesim/srv/_kill.py
[164.852s] -- Installing: /home/thiago/Documentos/Robotica/ros2_ws/install/turtlesim/local/lib/python3.10/dist-packages/turtlesim/srv/_teleport_absolute_s.c
[164.853s] -- Installing: /home/thiago/Documentos/Robotica/ros2_ws/install/turtlesim/local/lib/python3.10/dist-packages/turtlesim/turtlesim_s__rosidl_typesupport_introspection_c.cpython-310-x86_64-linux-gnu.so
[164.853s] -- Installing: /home/thiago/Documentos/Robotica/ros2_ws/install/turtlesim/local/lib/python3.10/dist-packages/turtlesim/msg
[164.853s] -- Installing: /home/thiago/Documentos/Robotica/ros2_ws/install/turtlesim/local/lib/python3.10/dist-packages/turtlesim/msg/__init__.py
[164.853s] -- Installing: /home/thiago/Documentos/Robotica/ros2_ws/install/turtlesim/local/lib/python3.10/dist-packages/turtlesim/msg/_color_s.c
[164.854s] -- Installing: /home/thiago/Documentos/Robotica/ros2_ws/install/turtlesim/local/lib/python3.10/dist-packages/turtlesim/msg/_color.py
[164.854s] -- Installing: /home/thiago/Documentos/Robotica/ros2_ws/install/turtlesim/local/lib/python3.10/dist-packages/turtlesim/msg/_pose_s.c
[164.854s] -- Installing: /home/thiago/Documentos/Robotica/ros2_ws/install/turtlesim/local/lib/python3.10/dist-packages/turtlesim/msg/_pose.py
[164.854s] -- Installing: /home/thiago/Documentos/Robotica/ros2_ws/install/turtlesim/local/lib/python3.10/dist-packages/turtlesim/_turtlesim_s.ep.rosidl_typesupport_introspection_c.c
[164.855s] -- Installing: /home/thiago/Documentos/Robotica/ros2_ws/install/turtlesim/local/lib/python3.10/dist-packages/turtlesim/_turtlesim_s.ep.rosidl_typesupport_c.c
[164.976s] Listing '/home/thiago/Documentos/Robotica/ros2_ws/install/turtlesim/local/lib/python3.10/dist-packages/turtlesim'...
[164.977s] Compiling '/home/thiago/Documentos/Robotica/ros2_ws/install/turtlesim/local/lib/python3.10/dist-packages/turtlesim/__init__.py'...
[164.977s] Listing '/home/thiago/Documentos/Robotica/ros2_ws/install/turtlesim/local/lib/python3.10/dist-packages/turtlesim/action'...
[164.977s] Compiling '/home/thiago/Documentos/Robotica/ros2_ws/install/turtlesim/local/lib/python3.10/dist-packages/turtlesim/action/__init__.py'...
[164.977s] Compiling '/home/thiago/Documentos/Robotica/ros2_ws/install/turtlesim/local/lib/python3.10/dist-packages/turtlesim/action/_rotate_absolute.py'...
[164.977s] Listing '/home/thiago/Documentos/Robotica/ros2_ws/install/turtlesim/local/lib/python3.10/dist-packages/turtlesim/msg'...
[164.977s] Compiling '/home/thiago/Documentos/Robotica/ros2_ws/install/turtlesim/local/lib/python3.10/dist-packages/turtlesim/msg/__init__.py'...
[164.978s] Compiling '/home/thiago/Documentos/Robotica/ros2_ws/install/turtlesim/local/lib/python3.10/dist-packages/turtlesim/msg/_color.py'...
[164.978s] Compiling '/home/thiago/Documentos/Robotica/ros2_ws/install/turtlesim/local/lib/python3.10/dist-packages/turtlesim/msg/_pose.py'...
[164.978s] Listing '/home/thiago/Documentos/Robotica/ros2_ws/install/turtlesim/local/lib/python3.10/dist-packages/turtlesim/srv'...
[164.978s] Compiling '/home/thiago/Documentos/Robotica/ros2_ws/install/turtlesim/local/lib/python3.10/dist-packages/turtlesim/srv/__init__.py'...
[164.978s] Compiling '/home/thiago/Documentos/Robotica/ros2_ws/install/turtlesim/local/lib/python3.10/dist-packages/turtlesim/srv/_kill.py'...
[164.979s] Compiling '/home/thiago/Documentos/Robotica/ros2_ws/install/turtlesim/local/lib/python3.10/dist-packages/turtlesim/srv/_set_pen.py'...
[164.979s] Compiling '/home/thiago/Documentos/Robotica/ros2_ws/install/turtlesim/local/lib/python3.10/dist-packages/turtlesim/srv/_spawn.py'...
[164.979s] Compiling '/home/thiago/Documentos/Robotica/ros2_ws/install/turtlesim/local/lib/python3.10/dist-packages/turtlesim/srv/_teleport_absolute.py'...
[164.979s] Compiling '/home/thiago/Documentos/Robotica/ros2_ws/install/turtlesim/local/lib/python3.10/dist-packages/turtlesim/srv/_teleport_relative.py'...
[164.991s] -- Installing: /home/thiago/Documentos/Robotica/ros2_ws/install/turtlesim/local/lib/python3.10/dist-packages/turtlesim/turtlesim_s__rosidl_typesupport_fastrtps_c.cpython-310-x86_64-linux-gnu.so
[164.991s] -- Set runtime path of "/home/thiago/Documentos/Robotica/ros2_ws/install/turtlesim/local/lib/python3.10/dist-packages/turtlesim/turtlesim_s__rosidl_typesupport_fastrtps_c.cpython-310-x86_64-linux-gnu.so" to ""
[164.992s] -- Installing: /home/thiago/Documentos/Robotica/ros2_ws/install/turtlesim/local/lib/python3.10/dist-packages/turtlesim/turtlesim_s__rosidl_typesupport_introspection_c.cpython-310-x86_64-linux-gnu.so
[164.993s] -- Set runtime path of "/home/thiago/Documentos/Robotica/ros2_ws/install/turtlesim/local/lib/python3.10/dist-packages/turtlesim/turtlesim_s__rosidl_typesupport_introspection_c.cpython-310-x86_64-linux-gnu.so" to ""
[164.994s] -- Installing: /home/thiago/Documentos/Robotica/ros2_ws/install/turtlesim/local/lib/python3.10/dist-packages/turtlesim/turtlesim_s__rosidl_typesupport_c.cpython-310-x86_64-linux-gnu.so
[164.995s] -- Set runtime path of "/home/thiago/Documentos/Robotica/ros2_ws/install/turtlesim/local/lib/python3.10/dist-packages/turtlesim/turtlesim_s__rosidl_typesupport_c.cpython-310-x86_64-linux-gnu.so" to ""
[164.996s] -- Installing: /home/thiago/Documentos/Robotica/ros2_ws/install/turtlesim/lib/libturtlesim__rosidl_generator_py.so
[164.997s] -- Set runtime path of "/home/thiago/Documentos/Robotica/ros2_ws/install/turtlesim/lib/libturtlesim__rosidl_generator_py.so" to ""
[164.997s] -- Installing: /home/thiago/Documentos/Robotica/ros2_ws/install/turtlesim/share/turtlesim/action/RotateAbsolute.idl
[164.998s] -- Installing: /home/thiago/Documentos/Robotica/ros2_ws/install/turtlesim/share/turtlesim/msg/Color.idl
[164.998s] -- Installing: /home/thiago/Documentos/Robotica/ros2_ws/install/turtlesim/share/turtlesim/msg/Pose.idl
[164.998s] -- Installing: /home/thiago/Documentos/Robotica/ros2_ws/install/turtlesim/share/turtlesim/srv/Kill.idl
[164.999s] -- Installing: /home/thiago/Documentos/Robotica/ros2_ws/install/turtlesim/share/turtlesim/srv/SetPen.idl
[164.999s] -- Installing: /home/thiago/Documentos/Robotica/ros2_ws/install/turtlesim/share/turtlesim/srv/Spawn.idl
[164.999s] -- Installing: /home/thiago/Documentos/Robotica/ros2_ws/install/turtlesim/share/turtlesim/srv/TeleportAbsolute.idl
[165.000s] -- Installing: /home/thiago/Documentos/Robotica/ros2_ws/install/turtlesim/share/turtlesim/srv/TeleportRelative.idl
[165.000s] -- Installing: /home/thiago/Documentos/Robotica/ros2_ws/install/turtlesim/share/turtlesim/action/RotateAbsolute.action
[165.001s] -- Installing: /home/thiago/Documentos/Robotica/ros2_ws/install/turtlesim/share/turtlesim/msg/Color.msg
[165.001s] -- Installing: /home/thiago/Documentos/Robotica/ros2_ws/install/turtlesim/share/turtlesim/msg/Pose.msg
[165.002s] -- Installing: /home/thiago/Documentos/Robotica/ros2_ws/install/turtlesim/share/turtlesim/srv/Kill.srv
[165.003s] -- Installing: /home/thiago/Documentos/Robotica/ros2_ws/install/turtlesim/share/turtlesim/srv/Kill_Request.msg
[165.005s] -- Installing: /home/thiago/Documentos/Robotica/ros2_ws/install/turtlesim/share/turtlesim/srv/Kill_Response.msg
[165.005s] -- Installing: /home/thiago/Documentos/Robotica/ros2_ws/install/turtlesim/share/turtlesim/srv/SetPen.srv
[165.005s] -- Installing: /home/thiago/Documentos/Robotica/ros2_ws/install/turtlesim/share/turtlesim/srv/SetPen_Request.msg
[165.006s] -- Installing: /home/thiago/Documentos/Robotica/ros2_ws/install/turtlesim/share/turtlesim/srv/SetPen_Response.msg
[165.006s] -- Installing: /home/thiago/Documentos/Robotica/ros2_ws/install/turtlesim/share/turtlesim/srv/Spawn.srv
[165.006s] -- Installing: /home/thiago/Documentos/Robotica/ros2_ws/install/turtlesim/share/turtlesim/srv/Spawn_Request.msg
[165.006s] -- Installing: /home/thiago/Documentos/Robotica/ros2_ws/install/turtlesim/share/turtlesim/srv/Spawn_Response.msg
[165.006s] -- Installing: /home/thiago/Documentos/Robotica/ros2_ws/install/turtlesim/share/turtlesim/srv/TeleportAbsolute.srv
[165.007s] -- Installing: /home/thiago/Documentos/Robotica/ros2_ws/install/turtlesim/share/turtlesim/srv/TeleportAbsolute_Request.msg
[165.007s] -- Installing: /home/thiago/Documentos/Robotica/ros2_ws/install/turtlesim/share/turtlesim/srv/TeleportAbsolute_Response.msg
[165.007s] -- Installing: /home/thiago/Documentos/Robotica/ros2_ws/install/turtlesim/share/turtlesim/srv/TeleportRelative.srv
[165.009s] -- Installing: /home/thiago/Documentos/Robotica/ros2_ws/install/turtlesim/share/turtlesim/srv/TeleportRelative_Request.msg
[165.010s] -- Installing: /home/thiago/Documentos/Robotica/ros2_ws/install/turtlesim/share/turtlesim/srv/TeleportRelative_Response.msg
[165.010s] -- Installing: /home/thiago/Documentos/Robotica/ros2_ws/install/turtlesim/lib/turtlesim/turtlesim_node
[165.026s] -- Set runtime path of "/home/thiago/Documentos/Robotica/ros2_ws/install/turtlesim/lib/turtlesim/turtlesim_node" to ""
[165.026s] -- Installing: /home/thiago/Documentos/Robotica/ros2_ws/install/turtlesim/lib/turtlesim/turtle_teleop_key
[165.030s] -- Set runtime path of "/home/thiago/Documentos/Robotica/ros2_ws/install/turtlesim/lib/turtlesim/turtle_teleop_key" to ""
[165.030s] -- Installing: /home/thiago/Documentos/Robotica/ros2_ws/install/turtlesim/lib/turtlesim/draw_square
[165.038s] -- Set runtime path of "/home/thiago/Documentos/Robotica/ros2_ws/install/turtlesim/lib/turtlesim/draw_square" to ""
[165.038s] -- Installing: /home/thiago/Documentos/Robotica/ros2_ws/install/turtlesim/lib/turtlesim/mimic
[165.046s] -- Set runtime path of "/home/thiago/Documentos/Robotica/ros2_ws/install/turtlesim/lib/turtlesim/mimic" to ""
[165.046s] -- Installing: /home/thiago/Documentos/Robotica/ros2_ws/install/turtlesim/share/turtlesim/images
[165.050s] -- Installing: /home/thiago/Documentos/Robotica/ros2_ws/install/turtlesim/share/turtlesim/images/foxy.png
[165.050s] -- Installing: /home/thiago/Documentos/Robotica/ros2_ws/install/turtlesim/share/turtlesim/images/eloquent.png
[165.051s] -- Installing: /home/thiago/Documentos/Robotica/ros2_ws/install/turtlesim/share/turtlesim/images/humble.png
[165.051s] -- Installing: /home/thiago/Documentos/Robotica/ros2_ws/install/turtlesim/share/turtlesim/images/bouncy.png
[165.052s] -- Installing: /home/thiago/Documentos/Robotica/ros2_ws/install/turtlesim/share/turtlesim/images/crystal.png
[165.052s] -- Installing: /home/thiago/Documentos/Robotica/ros2_ws/install/turtlesim/share/turtlesim/images/ardent.png
[165.053s] -- Installing: /home/thiago/Documentos/Robotica/ros2_ws/install/turtlesim/share/turtlesim/images/dashing.png
[165.053s] -- Installing: /home/thiago/Documentos/Robotica/ros2_ws/install/turtlesim/share/turtlesim/images/rolling.png
[165.053s] -- Installing: /home/thiago/Documentos/Robotica/ros2_ws/install/turtlesim/share/turtlesim/images/galactic.png
[165.054s] -- Installing: /home/thiago/Documentos/Robotica/ros2_ws/install/turtlesim/share/turtlesim/launch
[165.054s] -- Installing: /home/thiago/Documentos/Robotica/ros2_ws/install/turtlesim/share/turtlesim/launch/multisim.launch.py
[165.055s] -- Installing: /home/thiago/Documentos/Robotica/ros2_ws/install/turtlesim/share/ament_index/resource_index/package_run_dependencies/turtlesim
[165.055s] -- Installing: /home/thiago/Documentos/Robotica/ros2_ws/install/turtlesim/share/ament_index/resource_index/parent_prefix_path/turtlesim
[165.056s] -- Installing: /home/thiago/Documentos/Robotica/ros2_ws/install/turtlesim/share/turtlesim/environment/ament_prefix_path.sh
[165.057s] -- Installing: /home/thiago/Documentos/Robotica/ros2_ws/install/turtlesim/share/turtlesim/environment/ament_prefix_path.dsv
[165.057s] -- Installing: /home/thiago/Documentos/Robotica/ros2_ws/install/turtlesim/share/turtlesim/environment/path.sh
[165.058s] -- Installing: /home/thiago/Documentos/Robotica/ros2_ws/install/turtlesim/share/turtlesim/environment/path.dsv
[165.058s] -- Installing: /home/thiago/Documentos/Robotica/ros2_ws/install/turtlesim/share/turtlesim/local_setup.bash
[165.058s] -- Installing: /home/thiago/Documentos/Robotica/ros2_ws/install/turtlesim/share/turtlesim/local_setup.sh
[165.059s] -- Installing: /home/thiago/Documentos/Robotica/ros2_ws/install/turtlesim/share/turtlesim/local_setup.zsh
[165.059s] -- Installing: /home/thiago/Documentos/Robotica/ros2_ws/install/turtlesim/share/turtlesim/local_setup.dsv
[165.060s] -- Installing: /home/thiago/Documentos/Robotica/ros2_ws/install/turtlesim/share/turtlesim/package.dsv
[165.060s] -- Installing: /home/thiago/Documentos/Robotica/ros2_ws/install/turtlesim/share/ament_index/resource_index/packages/turtlesim
[165.061s] -- Installing: /home/thiago/Documentos/Robotica/ros2_ws/install/turtlesim/share/turtlesim/cmake/export_turtlesim__rosidl_generator_cExport.cmake
[165.061s] -- Installing: /home/thiago/Documentos/Robotica/ros2_ws/install/turtlesim/share/turtlesim/cmake/export_turtlesim__rosidl_generator_cExport-noconfig.cmake
[165.061s] -- Installing: /home/thiago/Documentos/Robotica/ros2_ws/install/turtlesim/share/turtlesim/cmake/export_turtlesim__rosidl_typesupport_fastrtps_cExport.cmake
[165.062s] -- Installing: /home/thiago/Documentos/Robotica/ros2_ws/install/turtlesim/share/turtlesim/cmake/export_turtlesim__rosidl_typesupport_fastrtps_cExport-noconfig.cmake
[165.062s] -- Installing: /home/thiago/Documentos/Robotica/ros2_ws/install/turtlesim/share/turtlesim/cmake/export_turtlesim__rosidl_generator_cppExport.cmake
[165.062s] -- Installing: /home/thiago/Documentos/Robotica/ros2_ws/install/turtlesim/share/turtlesim/cmake/export_turtlesim__rosidl_typesupport_fastrtps_cppExport.cmake
[165.063s] -- Installing: /home/thiago/Documentos/Robotica/ros2_ws/install/turtlesim/share/turtlesim/cmake/export_turtlesim__rosidl_typesupport_fastrtps_cppExport-noconfig.cmake
[165.063s] -- Installing: /home/thiago/Documentos/Robotica/ros2_ws/install/turtlesim/share/turtlesim/cmake/turtlesim__rosidl_typesupport_introspection_cExport.cmake
[165.063s] -- Installing: /home/thiago/Documentos/Robotica/ros2_ws/install/turtlesim/share/turtlesim/cmake/turtlesim__rosidl_typesupport_introspection_cExport-noconfig.cmake
[165.064s] -- Installing: /home/thiago/Documentos/Robotica/ros2_ws/install/turtlesim/share/turtlesim/cmake/turtlesim__rosidl_typesupport_cExport.cmake
[165.064s] -- Installing: /home/thiago/Documentos/Robotica/ros2_ws/install/turtlesim/share/turtlesim/cmake/turtlesim__rosidl_typesupport_cExport-noconfig.cmake
[165.065s] -- Installing: /home/thiago/Documentos/Robotica/ros2_ws/install/turtlesim/share/turtlesim/cmake/turtlesim__rosidl_typesupport_introspection_cppExport.cmake
[165.065s] -- Installing: /home/thiago/Documentos/Robotica/ros2_ws/install/turtlesim/share/turtlesim/cmake/turtlesim__rosidl_typesupport_introspection_cppExport-noconfig.cmake
[165.065s] -- Installing: /home/thiago/Documentos/Robotica/ros2_ws/install/turtlesim/share/turtlesim/cmake/turtlesim__rosidl_typesupport_cppExport.cmake
[165.066s] -- Installing: /home/thiago/Documentos/Robotica/ros2_ws/install/turtlesim/share/turtlesim/cmake/turtlesim__rosidl_typesupport_cppExport-noconfig.cmake
[165.066s] -- Installing: /home/thiago/Documentos/Robotica/ros2_ws/install/turtlesim/share/turtlesim/cmake/export_turtlesim__rosidl_generator_pyExport.cmake
[165.066s] -- Installing: /home/thiago/Documentos/Robotica/ros2_ws/install/turtlesim/share/turtlesim/cmake/export_turtlesim__rosidl_generator_pyExport-noconfig.cmake
[165.067s] -- Installing: /home/thiago/Documentos/Robotica/ros2_ws/install/turtlesim/share/turtlesim/cmake/rosidl_cmake-extras.cmake
[165.067s] -- Installing: /home/thiago/Documentos/Robotica/ros2_ws/install/turtlesim/share/turtlesim/cmake/ament_cmake_export_dependencies-extras.cmake
[165.067s] -- Installing: /home/thiago/Documentos/Robotica/ros2_ws/install/turtlesim/share/turtlesim/cmake/ament_cmake_export_include_directories-extras.cmake
[165.068s] -- Installing: /home/thiago/Documentos/Robotica/ros2_ws/install/turtlesim/share/turtlesim/cmake/ament_cmake_export_libraries-extras.cmake
[165.068s] -- Installing: /home/thiago/Documentos/Robotica/ros2_ws/install/turtlesim/share/turtlesim/cmake/ament_cmake_export_targets-extras.cmake
[165.068s] -- Installing: /home/thiago/Documentos/Robotica/ros2_ws/install/turtlesim/share/turtlesim/cmake/rosidl_cmake_export_typesupport_targets-extras.cmake
[165.069s] -- Installing: /home/thiago/Documentos/Robotica/ros2_ws/install/turtlesim/share/turtlesim/cmake/rosidl_cmake_export_typesupport_libraries-extras.cmake
[165.069s] -- Installing: /home/thiago/Documentos/Robotica/ros2_ws/install/turtlesim/share/turtlesim/cmake/turtlesimConfig.cmake
[165.070s] -- Installing: /home/thiago/Documentos/Robotica/ros2_ws/install/turtlesim/share/turtlesim/cmake/turtlesimConfig-version.cmake
[165.070s] -- Installing: /home/thiago/Documentos/Robotica/ros2_ws/install/turtlesim/share/turtlesim/package.xml
[165.075s] Invoked command in '/home/thiago/Documentos/Robotica/ros2_ws/build/turtlesim' returned '0': CMAKE_PREFIX_PATH=/opt/ros/humble /usr/bin/cmake --install /home/thiago/Documentos/Robotica/ros2_ws/build/turtlesim
