[0.021s] Invoking command in '/home/thiago/Documentos/Robotica/ros2_ws/build/action_tutorials_interfaces': /usr/bin/cmake /home/thiago/Documentos/Robotica/ros2_ws/src/action_tutorials_interfaces -DCMAKE_INSTALL_PREFIX=/home/thiago/Documentos/Robotica/ros2_ws/install/action_tutorials_interfaces
[0.137s] -- The C compiler identification is GNU 11.4.0
[0.259s] -- The CXX compiler identification is GNU 11.4.0
[0.274s] -- Detecting C compiler ABI info
[0.426s] -- Detecting C compiler ABI info - done
[0.446s] -- Check for working C compiler: /usr/bin/cc - skipped
[0.446s] -- Detecting C compile features
[0.447s] -- Detecting C compile features - done
[0.454s] -- Detecting CXX compiler ABI info
[0.626s] -- Detecting CXX compiler ABI info - done
[0.647s] -- Check for working CXX compiler: /usr/bin/c++ - skipped
[0.647s] -- Detecting CXX compile features
[0.648s] -- Detecting CXX compile features - done
[0.653s] -- Found ament_cmake: 1.3.12 (/opt/ros/humble/share/ament_cmake/cmake)
[0.981s] -- Found Python3: /usr/bin/python3 (found version "3.10.12") found components: Interpreter 
[1.142s] [31mCMake Error at /opt/ros/humble/share/ament_cmake_core/cmake/ament_cmake_uninstall_target-extras.cmake:40 (add_custom_target):
[1.142s]   add_custom_target called with invalid target name
[1.142s]   "src/action_tutorials_interfaces_uninstall".  Target names may not contain
[1.143s]   a slash.  Use ADD_CUSTOM_COMMAND to generate files.
[1.143s] Call Stack (most recent call first):
[1.143s]   /opt/ros/humble/share/ament_cmake_core/cmake/ament_cmake_coreConfig.cmake:41 (include)
[1.143s]   /opt/ros/humble/share/ament_cmake/cmake/ament_cmake_export_dependencies-extras.cmake:15 (find_package)
[1.143s]   /opt/ros/humble/share/ament_cmake/cmake/ament_cmakeConfig.cmake:41 (include)
[1.144s]   CMakeLists.txt:9 (find_package)
[1.144s] 
[1.144s] [0m
[1.218s] -- Found ament_lint_auto: 0.12.14 (/opt/ros/humble/share/ament_lint_auto/cmake)
[1.346s] Error parsing '/home/thiago/Documentos/Robotica/ros2_ws/src/action_tutorials_interfaces/package.xml':
[1.451s] Traceback (most recent call last):
[1.451s]   File "/opt/ros/humble/share/ament_cmake_core/cmake/core/package_xml_2_cmake.py", line 150, in <module>
[1.452s]     main()
[1.452s]   File "/opt/ros/humble/share/ament_cmake_core/cmake/core/package_xml_2_cmake.py", line 53, in main
[1.452s]     raise e
[1.453s]   File "/opt/ros/humble/share/ament_cmake_core/cmake/core/package_xml_2_cmake.py", line 49, in main
[1.453s]     package = parse_package_string(
[1.453s]   File "/usr/lib/python3/dist-packages/catkin_pkg/package.py", line 788, in parse_package_string
[1.455s]     pkg.validate(warnings=warnings)
[1.455s]   File "/usr/lib/python3/dist-packages/catkin_pkg/package.py", line 330, in validate
[1.456s]     raise InvalidPackage('\n'.join(errors), self.filename)
[1.456s] catkin_pkg.package.InvalidPackage: Error(s) in package '/home/thiago/Documentos/Robotica/ros2_ws/src/action_tutorials_interfaces/package.xml':
[1.456s] Package name "src/action_tutorials_interfaces" does not follow naming conventions
[1.499s] [31mCMake Error at /opt/ros/humble/share/ament_cmake_core/cmake/core/ament_package_xml.cmake:95 (message):
[1.499s]   execute_process(/usr/bin/python3
[1.499s]   /opt/ros/humble/share/ament_cmake_core/cmake/core/package_xml_2_cmake.py
[1.499s]   /home/thiago/Documentos/Robotica/ros2_ws/src/action_tutorials_interfaces/package.xml
[1.500s]   /home/thiago/Documentos/Robotica/ros2_ws/build/action_tutorials_interfaces/ament_cmake_core/package.cmake)
[1.500s]   returned error code 1
[1.500s] Call Stack (most recent call first):
[1.500s]   /opt/ros/humble/share/ament_cmake_core/cmake/core/ament_package_xml.cmake:49 (_ament_package_xml)
[1.500s]   /opt/ros/humble/share/ament_lint_auto/cmake/ament_lint_auto_find_test_dependencies.cmake:31 (ament_package_xml)
[1.500s]   CMakeLists.txt:23 (ament_lint_auto_find_test_dependencies)
[1.501s] 
[1.501s] [0m
[1.501s] -- Configuring incomplete, errors occurred!
[1.501s] See also "/home/thiago/Documentos/Robotica/ros2_ws/build/action_tutorials_interfaces/CMakeFiles/CMakeOutput.log".
[1.514s] Invoked command in '/home/thiago/Documentos/Robotica/ros2_ws/build/action_tutorials_interfaces' returned '1': /usr/bin/cmake /home/thiago/Documentos/Robotica/ros2_ws/src/action_tutorials_interfaces -DCMAKE_INSTALL_PREFIX=/home/thiago/Documentos/Robotica/ros2_ws/install/action_tutorials_interfaces
