[0.024s] Invoking command in '/home/thiago/Documentos/Robotica/ros2_ws/build/action_tutorials_interfaces': /usr/bin/cmake /home/thiago/Documentos/Robotica/ros2_ws/src/action_tutorials_interfaces -DCMAKE_INSTALL_PREFIX=/home/thiago/Documentos/Robotica/ros2_ws/install/action_tutorials_interfaces
[0.049s] -- Found ament_cmake: 1.3.12 (/opt/ros/humble/share/ament_cmake/cmake)
[0.321s] [31mCMake Error at /opt/ros/humble/share/ament_cmake_core/cmake/ament_cmake_uninstall_target-extras.cmake:40 (add_custom_target):
[0.321s]   add_custom_target called with invalid target name
[0.321s]   "src/action_tutorials_interfaces_uninstall".  Target names may not contain
[0.322s]   a slash.  Use ADD_CUSTOM_COMMAND to generate files.
[0.322s] Call Stack (most recent call first):
[0.322s]   /opt/ros/humble/share/ament_cmake_core/cmake/ament_cmake_coreConfig.cmake:41 (include)
[0.322s]   /opt/ros/humble/share/ament_cmake/cmake/ament_cmake_export_dependencies-extras.cmake:15 (find_package)
[0.322s]   /opt/ros/humble/share/ament_cmake/cmake/ament_cmakeConfig.cmake:41 (include)
[0.322s]   CMakeLists.txt:9 (find_package)
[0.323s] 
[0.323s] [0m
[0.338s] -- Found ament_lint_auto: 0.12.14 (/opt/ros/humble/share/ament_lint_auto/cmake)
[0.460s] Error parsing '/home/thiago/Documentos/Robotica/ros2_ws/src/action_tutorials_interfaces/package.xml':
[0.567s] Traceback (most recent call last):
[0.567s]   File "/opt/ros/humble/share/ament_cmake_core/cmake/core/package_xml_2_cmake.py", line 150, in <module>
[0.567s]     main()
[0.568s]   File "/opt/ros/humble/share/ament_cmake_core/cmake/core/package_xml_2_cmake.py", line 53, in main
[0.568s]     raise e
[0.568s]   File "/opt/ros/humble/share/ament_cmake_core/cmake/core/package_xml_2_cmake.py", line 49, in main
[0.568s]     package = parse_package_string(
[0.568s]   File "/usr/lib/python3/dist-packages/catkin_pkg/package.py", line 788, in parse_package_string
[0.568s]     pkg.validate(warnings=warnings)
[0.569s]   File "/usr/lib/python3/dist-packages/catkin_pkg/package.py", line 330, in validate
[0.569s]     raise InvalidPackage('\n'.join(errors), self.filename)
[0.569s] catkin_pkg.package.InvalidPackage: Error(s) in package '/home/thiago/Documentos/Robotica/ros2_ws/src/action_tutorials_interfaces/package.xml':
[0.569s] Package name "src/action_tutorials_interfaces" does not follow naming conventions
[0.607s] [31mCMake Error at /opt/ros/humble/share/ament_cmake_core/cmake/core/ament_package_xml.cmake:95 (message):
[0.607s]   execute_process(/usr/bin/python3
[0.608s]   /opt/ros/humble/share/ament_cmake_core/cmake/core/package_xml_2_cmake.py
[0.608s]   /home/thiago/Documentos/Robotica/ros2_ws/src/action_tutorials_interfaces/package.xml
[0.608s]   /home/thiago/Documentos/Robotica/ros2_ws/build/action_tutorials_interfaces/ament_cmake_core/package.cmake)
[0.608s]   returned error code 1
[0.608s] Call Stack (most recent call first):
[0.608s]   /opt/ros/humble/share/ament_cmake_core/cmake/core/ament_package_xml.cmake:49 (_ament_package_xml)
[0.609s]   /opt/ros/humble/share/ament_lint_auto/cmake/ament_lint_auto_find_test_dependencies.cmake:31 (ament_package_xml)
[0.609s]   CMakeLists.txt:23 (ament_lint_auto_find_test_dependencies)
[0.609s] 
[0.609s] [0m
[0.609s] -- Configuring incomplete, errors occurred!
[0.609s] See also "/home/thiago/Documentos/Robotica/ros2_ws/build/action_tutorials_interfaces/CMakeFiles/CMakeOutput.log".
[0.616s] Invoked command in '/home/thiago/Documentos/Robotica/ros2_ws/build/action_tutorials_interfaces' returned '1': /usr/bin/cmake /home/thiago/Documentos/Robotica/ros2_ws/src/action_tutorials_interfaces -DCMAKE_INSTALL_PREFIX=/home/thiago/Documentos/Robotica/ros2_ws/install/action_tutorials_interfaces
