[0.023s] Invoking command in '/home/thiago/Documentos/Robotica/ros2_ws/build/turtle_control_action': CMAKE_PREFIX_PATH=${CMAKE_PREFIX_PATH}:/home/thiago/Documentos/Robotica/ros2_ws/install/turtle_control_thiago:/home/thiago/Documentos/Robotica/ros2_ws/install/py_pubsub:/opt/ros/humble /usr/bin/cmake /home/thiago/Documentos/Robotica/ros2_ws/src/turtle_control_action -DCMAKE_INSTALL_PREFIX=/home/thiago/Documentos/Robotica/ros2_ws/install/turtle_control_action
[0.053s] -- Found ament_cmake: 1.3.12 (/opt/ros/humble/share/ament_cmake/cmake)
[0.362s] -- Found ament_lint_auto: 0.12.14 (/opt/ros/humble/share/ament_lint_auto/cmake)
[0.530s] -- Found rosidl_default_generators: 1.2.0 (/opt/ros/humble/share/rosidl_default_generators/cmake)
[0.537s] -- Using all available rosidl_typesupport_c: rosidl_typesupport_fastrtps_c;rosidl_typesupport_introspection_c
[0.543s] -- Found rosidl_adapter: 3.1.7 (/opt/ros/humble/share/rosidl_adapter/cmake)
[0.610s] -- Using all available rosidl_typesupport_cpp: rosidl_typesupport_fastrtps_cpp;rosidl_typesupport_introspection_cpp
[1.242s] -- Found ament_cmake_ros: 0.10.0 (/opt/ros/humble/share/ament_cmake_ros/cmake)
[1.723s] -- Using all available rosidl_typesupport_c: rosidl_typesupport_fastrtps_c;rosidl_typesupport_introspection_c
[2.375s] -- Using all available rosidl_typesupport_cpp: rosidl_typesupport_fastrtps_cpp;rosidl_typesupport_introspection_cpp
[2.436s] -- Found PythonInterp: /usr/bin/python3 (found suitable version "3.10.12", minimum required is "3.6") 
[2.440s] -- Found python_cmake_module: 0.10.0 (/opt/ros/humble/share/python_cmake_module/cmake)
[2.509s] -- Found PythonLibs: /usr/lib/x86_64-linux-gnu/libpython3.10.so (found suitable version "3.10.12", minimum required is "3.5") 
[2.509s] -- Using PYTHON_EXECUTABLE: /usr/bin/python3
[2.510s] -- Using PYTHON_INCLUDE_DIRS: /usr/include/python3.10
[2.510s] -- Using PYTHON_LIBRARIES: /usr/lib/x86_64-linux-gnu/libpython3.10.so
[2.562s] -- Found PythonExtra: .so  
[2.674s] -- Added test 'lint_cmake' to check CMake code style
[2.677s] -- Added test 'xmllint' to check XML markup files
[2.687s] -- Configuring done
[2.764s] -- Generating done
[2.791s] -- Build files have been written to: /home/thiago/Documentos/Robotica/ros2_ws/build/turtle_control_action
[2.810s] Invoked command in '/home/thiago/Documentos/Robotica/ros2_ws/build/turtle_control_action' returned '0': CMAKE_PREFIX_PATH=${CMAKE_PREFIX_PATH}:/home/thiago/Documentos/Robotica/ros2_ws/install/turtle_control_thiago:/home/thiago/Documentos/Robotica/ros2_ws/install/py_pubsub:/opt/ros/humble /usr/bin/cmake /home/thiago/Documentos/Robotica/ros2_ws/src/turtle_control_action -DCMAKE_INSTALL_PREFIX=/home/thiago/Documentos/Robotica/ros2_ws/install/turtle_control_action
[2.815s] Invoking command in '/home/thiago/Documentos/Robotica/ros2_ws/build/turtle_control_action': CMAKE_PREFIX_PATH=${CMAKE_PREFIX_PATH}:/home/thiago/Documentos/Robotica/ros2_ws/install/turtle_control_thiago:/home/thiago/Documentos/Robotica/ros2_ws/install/py_pubsub:/opt/ros/humble /usr/bin/cmake --build /home/thiago/Documentos/Robotica/ros2_ws/build/turtle_control_action -- -j2 -l2
[2.909s] [  3%] [34m[1mGenerating C code for ROS interfaces[0m
[2.929s] [  6%] [34m[1mGenerating C++ code for ROS interfaces[0m
[4.134s] [  9%] [32mBuilding C object CMakeFiles/turtle_control_action__rosidl_generator_c.dir/rosidl_generator_c/turtle_control_action/action/detail/navigate__functions.c.o[0m
[4.170s] [  9%] Built target turtle_control_action__cpp
[4.233s] [  9%] Built target ament_cmake_python_copy_turtle_control_action
[4.258s] [ 12%] [34m[1mGenerating C++ introspection for ROS interfaces[0m
[4.454s] [ 16%] [32m[1mLinking C shared library libturtle_control_action__rosidl_generator_c.so[0m
[4.543s] [ 16%] Built target turtle_control_action__rosidl_generator_c
[4.569s] [ 19%] [34m[1mGenerating C++ type support dispatch for ROS interfaces[0m
[5.181s] [ 22%] [32mBuilding CXX object CMakeFiles/turtle_control_action__rosidl_typesupport_introspection_cpp.dir/rosidl_typesupport_introspection_cpp/turtle_control_action/action/detail/navigate__type_support.cpp.o[0m
[5.418s] [ 25%] [32mBuilding CXX object CMakeFiles/turtle_control_action__rosidl_typesupport_cpp.dir/rosidl_typesupport_cpp/turtle_control_action/action/navigate__type_support.cpp.o[0m
[6.660s] [ 29%] [32m[1mLinking CXX shared library libturtle_control_action__rosidl_typesupport_cpp.so[0m
[6.732s] [ 32%] [32m[1mLinking CXX shared library libturtle_control_action__rosidl_typesupport_introspection_cpp.so[0m
[6.766s] [ 32%] Built target turtle_control_action__rosidl_typesupport_cpp
[6.795s] [ 35%] [34m[1mGenerating C type support for eProsima Fast-RTPS[0m
[6.929s] [ 35%] Built target turtle_control_action__rosidl_typesupport_introspection_cpp
[6.950s] [ 38%] [34m[1mGenerating C introspection for ROS interfaces[0m
[7.960s] [ 45%] [32mBuilding CXX object CMakeFiles/turtle_control_action__rosidl_typesupport_fastrtps_c.dir/rosidl_typesupport_fastrtps_c/turtle_control_action/action/detail/navigate__type_support_c.cpp.o[0m
[7.961s] [ 45%] [32mBuilding C object CMakeFiles/turtle_control_action__rosidl_typesupport_introspection_c.dir/rosidl_typesupport_introspection_c/turtle_control_action/action/detail/navigate__type_support.c.o[0m
[8.071s] [ 48%] [32m[1mLinking C shared library libturtle_control_action__rosidl_typesupport_introspection_c.so[0m
[8.143s] [ 48%] Built target turtle_control_action__rosidl_typesupport_introspection_c
[8.167s] [ 51%] [34m[1mGenerating C type support dispatch for ROS interfaces[0m
[8.899s] [ 54%] [32mBuilding CXX object CMakeFiles/turtle_control_action__rosidl_typesupport_c.dir/rosidl_typesupport_c/turtle_control_action/action/navigate__type_support.cpp.o[0m
[9.017s] [ 58%] [32m[1mLinking CXX shared library libturtle_control_action__rosidl_typesupport_c.so[0m
[9.058s] [ 61%] [32m[1mLinking CXX shared library libturtle_control_action__rosidl_typesupport_fastrtps_c.so[0m
[9.115s] [ 61%] Built target turtle_control_action__rosidl_typesupport_c
[9.142s] [ 64%] [34m[1mGenerating C++ type support for eProsima Fast-RTPS[0m
[9.285s] [ 64%] Built target turtle_control_action__rosidl_typesupport_fastrtps_c
[10.061s] running egg_info
[10.064s] creating turtle_control_action.egg-info
[10.065s] writing turtle_control_action.egg-info/PKG-INFO
[10.066s] writing dependency_links to turtle_control_action.egg-info/dependency_links.txt
[10.067s] writing top-level names to turtle_control_action.egg-info/top_level.txt
[10.068s] writing manifest file 'turtle_control_action.egg-info/SOURCES.txt'
[10.075s] reading manifest file 'turtle_control_action.egg-info/SOURCES.txt'
[10.075s] writing manifest file 'turtle_control_action.egg-info/SOURCES.txt'
[10.158s] [ 64%] Built target ament_cmake_python_build_turtle_control_action_egg
[10.244s] [ 67%] [32mBuilding CXX object CMakeFiles/turtle_control_action__rosidl_typesupport_fastrtps_cpp.dir/rosidl_typesupport_fastrtps_cpp/turtle_control_action/action/detail/dds_fastrtps/navigate__type_support.cpp.o[0m
[11.602s] [ 70%] [32m[1mLinking CXX shared library libturtle_control_action__rosidl_typesupport_fastrtps_cpp.so[0m
[11.805s] [ 70%] Built target turtle_control_action__rosidl_typesupport_fastrtps_cpp
[11.856s] [ 70%] Built target turtle_control_action
[11.904s] [ 74%] [34m[1mGenerating Python code for ROS interfaces[0m
[13.628s] [ 74%] Built target turtle_control_action__py
[13.674s] [ 77%] [32mBuilding C object CMakeFiles/turtle_control_action__rosidl_generator_py.dir/rosidl_generator_py/turtle_control_action/action/_navigate_s.c.o[0m
[13.999s] [ 80%] [32m[1mLinking C shared library rosidl_generator_py/turtle_control_action/libturtle_control_action__rosidl_generator_py.so[0m
[14.097s] [ 80%] Built target turtle_control_action__rosidl_generator_py
[14.143s] [ 87%] [32mBuilding C object CMakeFiles/turtle_control_action__rosidl_typesupport_introspection_c__pyext.dir/rosidl_generator_py/turtle_control_action/_turtle_control_action_s.ep.rosidl_typesupport_introspection_c.c.o[0m
[14.144s] [ 87%] [32mBuilding C object CMakeFiles/turtle_control_action__rosidl_typesupport_fastrtps_c__pyext.dir/rosidl_generator_py/turtle_control_action/_turtle_control_action_s.ep.rosidl_typesupport_fastrtps_c.c.o[0m
[14.427s] [ 90%] [32m[1mLinking C shared library rosidl_generator_py/turtle_control_action/turtle_control_action_s__rosidl_typesupport_fastrtps_c.cpython-310-x86_64-linux-gnu.so[0m
[14.434s] [ 93%] [32m[1mLinking C shared library rosidl_generator_py/turtle_control_action/turtle_control_action_s__rosidl_typesupport_introspection_c.cpython-310-x86_64-linux-gnu.so[0m
[14.524s] [ 93%] Built target turtle_control_action__rosidl_typesupport_fastrtps_c__pyext
[14.527s] [ 93%] Built target turtle_control_action__rosidl_typesupport_introspection_c__pyext
[14.573s] [ 96%] [32mBuilding C object CMakeFiles/turtle_control_action__rosidl_typesupport_c__pyext.dir/rosidl_generator_py/turtle_control_action/_turtle_control_action_s.ep.rosidl_typesupport_c.c.o[0m
[14.848s] [100%] [32m[1mLinking C shared library rosidl_generator_py/turtle_control_action/turtle_control_action_s__rosidl_typesupport_c.cpython-310-x86_64-linux-gnu.so[0m
[14.942s] [100%] Built target turtle_control_action__rosidl_typesupport_c__pyext
[14.970s] Invoked command in '/home/thiago/Documentos/Robotica/ros2_ws/build/turtle_control_action' returned '0': CMAKE_PREFIX_PATH=${CMAKE_PREFIX_PATH}:/home/thiago/Documentos/Robotica/ros2_ws/install/turtle_control_thiago:/home/thiago/Documentos/Robotica/ros2_ws/install/py_pubsub:/opt/ros/humble /usr/bin/cmake --build /home/thiago/Documentos/Robotica/ros2_ws/build/turtle_control_action -- -j2 -l2
[14.993s] Invoking command in '/home/thiago/Documentos/Robotica/ros2_ws/build/turtle_control_action': CMAKE_PREFIX_PATH=${CMAKE_PREFIX_PATH}:/home/thiago/Documentos/Robotica/ros2_ws/install/turtle_control_thiago:/home/thiago/Documentos/Robotica/ros2_ws/install/py_pubsub:/opt/ros/humble /usr/bin/cmake --install /home/thiago/Documentos/Robotica/ros2_ws/build/turtle_control_action
[15.010s] -- Install configuration: ""
[15.010s] -- Installing: /home/thiago/Documentos/Robotica/ros2_ws/install/turtle_control_action/share/ament_index/resource_index/rosidl_interfaces/turtle_control_action
[15.011s] -- Installing: /home/thiago/Documentos/Robotica/ros2_ws/install/turtle_control_action/include/turtle_control_action/turtle_control_action
[15.011s] -- Installing: /home/thiago/Documentos/Robotica/ros2_ws/install/turtle_control_action/include/turtle_control_action/turtle_control_action/action
[15.012s] -- Installing: /home/thiago/Documentos/Robotica/ros2_ws/install/turtle_control_action/include/turtle_control_action/turtle_control_action/action/navigate.h
[15.012s] -- Installing: /home/thiago/Documentos/Robotica/ros2_ws/install/turtle_control_action/include/turtle_control_action/turtle_control_action/action/detail
[15.012s] -- Installing: /home/thiago/Documentos/Robotica/ros2_ws/install/turtle_control_action/include/turtle_control_action/turtle_control_action/action/detail/navigate__functions.h
[15.012s] -- Installing: /home/thiago/Documentos/Robotica/ros2_ws/install/turtle_control_action/include/turtle_control_action/turtle_control_action/action/detail/navigate__type_support.h
[15.013s] -- Installing: /home/thiago/Documentos/Robotica/ros2_ws/install/turtle_control_action/include/turtle_control_action/turtle_control_action/action/detail/navigate__struct.h
[15.013s] -- Installing: /home/thiago/Documentos/Robotica/ros2_ws/install/turtle_control_action/include/turtle_control_action/turtle_control_action/action/detail/navigate__functions.c
[15.013s] -- Installing: /home/thiago/Documentos/Robotica/ros2_ws/install/turtle_control_action/include/turtle_control_action/turtle_control_action/msg
[15.013s] -- Installing: /home/thiago/Documentos/Robotica/ros2_ws/install/turtle_control_action/include/turtle_control_action/turtle_control_action/msg/rosidl_generator_c__visibility_control.h
[15.014s] -- Installing: /home/thiago/Documentos/Robotica/ros2_ws/install/turtle_control_action/share/turtle_control_action/environment/library_path.sh
[15.014s] -- Installing: /home/thiago/Documentos/Robotica/ros2_ws/install/turtle_control_action/share/turtle_control_action/environment/library_path.dsv
[15.014s] -- Installing: /home/thiago/Documentos/Robotica/ros2_ws/install/turtle_control_action/lib/libturtle_control_action__rosidl_generator_c.so
[15.015s] -- Set runtime path of "/home/thiago/Documentos/Robotica/ros2_ws/install/turtle_control_action/lib/libturtle_control_action__rosidl_generator_c.so" to ""
[15.015s] -- Up-to-date: /home/thiago/Documentos/Robotica/ros2_ws/install/turtle_control_action/include/turtle_control_action/turtle_control_action
[15.016s] -- Up-to-date: /home/thiago/Documentos/Robotica/ros2_ws/install/turtle_control_action/include/turtle_control_action/turtle_control_action/action
[15.016s] -- Up-to-date: /home/thiago/Documentos/Robotica/ros2_ws/install/turtle_control_action/include/turtle_control_action/turtle_control_action/action/detail
[15.016s] -- Installing: /home/thiago/Documentos/Robotica/ros2_ws/install/turtle_control_action/include/turtle_control_action/turtle_control_action/action/detail/navigate__rosidl_typesupport_fastrtps_c.h
[15.016s] -- Up-to-date: /home/thiago/Documentos/Robotica/ros2_ws/install/turtle_control_action/include/turtle_control_action/turtle_control_action/msg
[15.016s] -- Installing: /home/thiago/Documentos/Robotica/ros2_ws/install/turtle_control_action/include/turtle_control_action/turtle_control_action/msg/rosidl_typesupport_fastrtps_c__visibility_control.h
[15.017s] -- Installing: /home/thiago/Documentos/Robotica/ros2_ws/install/turtle_control_action/lib/libturtle_control_action__rosidl_typesupport_fastrtps_c.so
[15.017s] -- Set runtime path of "/home/thiago/Documentos/Robotica/ros2_ws/install/turtle_control_action/lib/libturtle_control_action__rosidl_typesupport_fastrtps_c.so" to ""
[15.017s] -- Up-to-date: /home/thiago/Documentos/Robotica/ros2_ws/install/turtle_control_action/include/turtle_control_action/turtle_control_action
[15.018s] -- Up-to-date: /home/thiago/Documentos/Robotica/ros2_ws/install/turtle_control_action/include/turtle_control_action/turtle_control_action/action
[15.018s] -- Up-to-date: /home/thiago/Documentos/Robotica/ros2_ws/install/turtle_control_action/include/turtle_control_action/turtle_control_action/action/detail
[15.018s] -- Installing: /home/thiago/Documentos/Robotica/ros2_ws/install/turtle_control_action/include/turtle_control_action/turtle_control_action/action/detail/navigate__rosidl_typesupport_introspection_c.h
[15.018s] -- Installing: /home/thiago/Documentos/Robotica/ros2_ws/install/turtle_control_action/include/turtle_control_action/turtle_control_action/action/detail/navigate__type_support.c
[15.019s] -- Up-to-date: /home/thiago/Documentos/Robotica/ros2_ws/install/turtle_control_action/include/turtle_control_action/turtle_control_action/msg
[15.019s] -- Installing: /home/thiago/Documentos/Robotica/ros2_ws/install/turtle_control_action/include/turtle_control_action/turtle_control_action/msg/rosidl_typesupport_introspection_c__visibility_control.h
[15.019s] -- Installing: /home/thiago/Documentos/Robotica/ros2_ws/install/turtle_control_action/lib/libturtle_control_action__rosidl_typesupport_introspection_c.so
[15.019s] -- Set runtime path of "/home/thiago/Documentos/Robotica/ros2_ws/install/turtle_control_action/lib/libturtle_control_action__rosidl_typesupport_introspection_c.so" to ""
[15.020s] -- Installing: /home/thiago/Documentos/Robotica/ros2_ws/install/turtle_control_action/lib/libturtle_control_action__rosidl_typesupport_c.so
[15.020s] -- Set runtime path of "/home/thiago/Documentos/Robotica/ros2_ws/install/turtle_control_action/lib/libturtle_control_action__rosidl_typesupport_c.so" to ""
[15.020s] -- Up-to-date: /home/thiago/Documentos/Robotica/ros2_ws/install/turtle_control_action/include/turtle_control_action/turtle_control_action
[15.021s] -- Up-to-date: /home/thiago/Documentos/Robotica/ros2_ws/install/turtle_control_action/include/turtle_control_action/turtle_control_action/action
[15.021s] -- Installing: /home/thiago/Documentos/Robotica/ros2_ws/install/turtle_control_action/include/turtle_control_action/turtle_control_action/action/navigate.hpp
[15.021s] -- Up-to-date: /home/thiago/Documentos/Robotica/ros2_ws/install/turtle_control_action/include/turtle_control_action/turtle_control_action/action/detail
[15.021s] -- Installing: /home/thiago/Documentos/Robotica/ros2_ws/install/turtle_control_action/include/turtle_control_action/turtle_control_action/action/detail/navigate__struct.hpp
[15.022s] -- Installing: /home/thiago/Documentos/Robotica/ros2_ws/install/turtle_control_action/include/turtle_control_action/turtle_control_action/action/detail/navigate__type_support.hpp
[15.022s] -- Installing: /home/thiago/Documentos/Robotica/ros2_ws/install/turtle_control_action/include/turtle_control_action/turtle_control_action/action/detail/navigate__traits.hpp
[15.023s] -- Installing: /home/thiago/Documentos/Robotica/ros2_ws/install/turtle_control_action/include/turtle_control_action/turtle_control_action/action/detail/navigate__builder.hpp
[15.023s] -- Up-to-date: /home/thiago/Documentos/Robotica/ros2_ws/install/turtle_control_action/include/turtle_control_action/turtle_control_action/msg
[15.023s] -- Installing: /home/thiago/Documentos/Robotica/ros2_ws/install/turtle_control_action/include/turtle_control_action/turtle_control_action/msg/rosidl_generator_cpp__visibility_control.hpp
[15.023s] -- Up-to-date: /home/thiago/Documentos/Robotica/ros2_ws/install/turtle_control_action/include/turtle_control_action/turtle_control_action
[15.023s] -- Up-to-date: /home/thiago/Documentos/Robotica/ros2_ws/install/turtle_control_action/include/turtle_control_action/turtle_control_action/action
[15.024s] -- Up-to-date: /home/thiago/Documentos/Robotica/ros2_ws/install/turtle_control_action/include/turtle_control_action/turtle_control_action/action/detail
[15.024s] -- Installing: /home/thiago/Documentos/Robotica/ros2_ws/install/turtle_control_action/include/turtle_control_action/turtle_control_action/action/detail/dds_fastrtps
[15.024s] -- Installing: /home/thiago/Documentos/Robotica/ros2_ws/install/turtle_control_action/include/turtle_control_action/turtle_control_action/action/detail/navigate__rosidl_typesupport_fastrtps_cpp.hpp
[15.024s] -- Up-to-date: /home/thiago/Documentos/Robotica/ros2_ws/install/turtle_control_action/include/turtle_control_action/turtle_control_action/msg
[15.025s] -- Installing: /home/thiago/Documentos/Robotica/ros2_ws/install/turtle_control_action/include/turtle_control_action/turtle_control_action/msg/rosidl_typesupport_fastrtps_cpp__visibility_control.h
[15.025s] -- Installing: /home/thiago/Documentos/Robotica/ros2_ws/install/turtle_control_action/lib/libturtle_control_action__rosidl_typesupport_fastrtps_cpp.so
[15.025s] -- Set runtime path of "/home/thiago/Documentos/Robotica/ros2_ws/install/turtle_control_action/lib/libturtle_control_action__rosidl_typesupport_fastrtps_cpp.so" to ""
[15.025s] -- Up-to-date: /home/thiago/Documentos/Robotica/ros2_ws/install/turtle_control_action/include/turtle_control_action/turtle_control_action
[15.025s] -- Up-to-date: /home/thiago/Documentos/Robotica/ros2_ws/install/turtle_control_action/include/turtle_control_action/turtle_control_action/action
[15.026s] -- Up-to-date: /home/thiago/Documentos/Robotica/ros2_ws/install/turtle_control_action/include/turtle_control_action/turtle_control_action/action/detail
[15.026s] -- Installing: /home/thiago/Documentos/Robotica/ros2_ws/install/turtle_control_action/include/turtle_control_action/turtle_control_action/action/detail/navigate__type_support.cpp
[15.026s] -- Installing: /home/thiago/Documentos/Robotica/ros2_ws/install/turtle_control_action/include/turtle_control_action/turtle_control_action/action/detail/navigate__rosidl_typesupport_introspection_cpp.hpp
[15.026s] -- Installing: /home/thiago/Documentos/Robotica/ros2_ws/install/turtle_control_action/lib/libturtle_control_action__rosidl_typesupport_introspection_cpp.so
[15.026s] -- Set runtime path of "/home/thiago/Documentos/Robotica/ros2_ws/install/turtle_control_action/lib/libturtle_control_action__rosidl_typesupport_introspection_cpp.so" to ""
[15.027s] -- Installing: /home/thiago/Documentos/Robotica/ros2_ws/install/turtle_control_action/lib/libturtle_control_action__rosidl_typesupport_cpp.so
[15.027s] -- Set runtime path of "/home/thiago/Documentos/Robotica/ros2_ws/install/turtle_control_action/lib/libturtle_control_action__rosidl_typesupport_cpp.so" to ""
[15.027s] -- Installing: /home/thiago/Documentos/Robotica/ros2_ws/install/turtle_control_action/share/turtle_control_action/environment/pythonpath.sh
[15.028s] -- Installing: /home/thiago/Documentos/Robotica/ros2_ws/install/turtle_control_action/share/turtle_control_action/environment/pythonpath.dsv
[15.028s] -- Installing: /home/thiago/Documentos/Robotica/ros2_ws/install/turtle_control_action/local/lib/python3.10/dist-packages/turtle_control_action-0.0.0-py3.10.egg-info
[15.028s] -- Installing: /home/thiago/Documentos/Robotica/ros2_ws/install/turtle_control_action/local/lib/python3.10/dist-packages/turtle_control_action-0.0.0-py3.10.egg-info/dependency_links.txt
[15.028s] -- Installing: /home/thiago/Documentos/Robotica/ros2_ws/install/turtle_control_action/local/lib/python3.10/dist-packages/turtle_control_action-0.0.0-py3.10.egg-info/SOURCES.txt
[15.029s] -- Installing: /home/thiago/Documentos/Robotica/ros2_ws/install/turtle_control_action/local/lib/python3.10/dist-packages/turtle_control_action-0.0.0-py3.10.egg-info/top_level.txt
[15.029s] -- Installing: /home/thiago/Documentos/Robotica/ros2_ws/install/turtle_control_action/local/lib/python3.10/dist-packages/turtle_control_action-0.0.0-py3.10.egg-info/PKG-INFO
[15.029s] -- Installing: /home/thiago/Documentos/Robotica/ros2_ws/install/turtle_control_action/local/lib/python3.10/dist-packages/turtle_control_action
[15.029s] -- Installing: /home/thiago/Documentos/Robotica/ros2_ws/install/turtle_control_action/local/lib/python3.10/dist-packages/turtle_control_action/__init__.py
[15.030s] -- Installing: /home/thiago/Documentos/Robotica/ros2_ws/install/turtle_control_action/local/lib/python3.10/dist-packages/turtle_control_action/action
[15.030s] -- Installing: /home/thiago/Documentos/Robotica/ros2_ws/install/turtle_control_action/local/lib/python3.10/dist-packages/turtle_control_action/action/__init__.py
[15.030s] -- Installing: /home/thiago/Documentos/Robotica/ros2_ws/install/turtle_control_action/local/lib/python3.10/dist-packages/turtle_control_action/action/_navigate.py
[15.030s] -- Installing: /home/thiago/Documentos/Robotica/ros2_ws/install/turtle_control_action/local/lib/python3.10/dist-packages/turtle_control_action/action/_navigate_s.c
[15.031s] -- Installing: /home/thiago/Documentos/Robotica/ros2_ws/install/turtle_control_action/local/lib/python3.10/dist-packages/turtle_control_action/_turtle_control_action_s.ep.rosidl_typesupport_introspection_c.c
[15.031s] -- Installing: /home/thiago/Documentos/Robotica/ros2_ws/install/turtle_control_action/local/lib/python3.10/dist-packages/turtle_control_action/_turtle_control_action_s.ep.rosidl_typesupport_c.c
[15.031s] -- Installing: /home/thiago/Documentos/Robotica/ros2_ws/install/turtle_control_action/local/lib/python3.10/dist-packages/turtle_control_action/turtle_control_action_s__rosidl_typesupport_fastrtps_c.cpython-310-x86_64-linux-gnu.so
[15.032s] -- Installing: /home/thiago/Documentos/Robotica/ros2_ws/install/turtle_control_action/local/lib/python3.10/dist-packages/turtle_control_action/libturtle_control_action__rosidl_generator_py.so
[15.032s] -- Installing: /home/thiago/Documentos/Robotica/ros2_ws/install/turtle_control_action/local/lib/python3.10/dist-packages/turtle_control_action/turtle_control_action_s__rosidl_typesupport_c.cpython-310-x86_64-linux-gnu.so
[15.032s] -- Installing: /home/thiago/Documentos/Robotica/ros2_ws/install/turtle_control_action/local/lib/python3.10/dist-packages/turtle_control_action/_turtle_control_action_s.ep.rosidl_typesupport_fastrtps_c.c
[15.033s] -- Installing: /home/thiago/Documentos/Robotica/ros2_ws/install/turtle_control_action/local/lib/python3.10/dist-packages/turtle_control_action/turtle_control_action_s__rosidl_typesupport_introspection_c.cpython-310-x86_64-linux-gnu.so
[15.124s] Listing '/home/thiago/Documentos/Robotica/ros2_ws/install/turtle_control_action/local/lib/python3.10/dist-packages/turtle_control_action'...
[15.124s] Compiling '/home/thiago/Documentos/Robotica/ros2_ws/install/turtle_control_action/local/lib/python3.10/dist-packages/turtle_control_action/__init__.py'...
[15.124s] Listing '/home/thiago/Documentos/Robotica/ros2_ws/install/turtle_control_action/local/lib/python3.10/dist-packages/turtle_control_action/action'...
[15.124s] Compiling '/home/thiago/Documentos/Robotica/ros2_ws/install/turtle_control_action/local/lib/python3.10/dist-packages/turtle_control_action/action/__init__.py'...
[15.124s] Compiling '/home/thiago/Documentos/Robotica/ros2_ws/install/turtle_control_action/local/lib/python3.10/dist-packages/turtle_control_action/action/_navigate.py'...
[15.137s] -- Installing: /home/thiago/Documentos/Robotica/ros2_ws/install/turtle_control_action/local/lib/python3.10/dist-packages/turtle_control_action/turtle_control_action_s__rosidl_typesupport_fastrtps_c.cpython-310-x86_64-linux-gnu.so
[15.139s] -- Set runtime path of "/home/thiago/Documentos/Robotica/ros2_ws/install/turtle_control_action/local/lib/python3.10/dist-packages/turtle_control_action/turtle_control_action_s__rosidl_typesupport_fastrtps_c.cpython-310-x86_64-linux-gnu.so" to ""
[15.139s] -- Installing: /home/thiago/Documentos/Robotica/ros2_ws/install/turtle_control_action/local/lib/python3.10/dist-packages/turtle_control_action/turtle_control_action_s__rosidl_typesupport_introspection_c.cpython-310-x86_64-linux-gnu.so
[15.140s] -- Set runtime path of "/home/thiago/Documentos/Robotica/ros2_ws/install/turtle_control_action/local/lib/python3.10/dist-packages/turtle_control_action/turtle_control_action_s__rosidl_typesupport_introspection_c.cpython-310-x86_64-linux-gnu.so" to ""
[15.140s] -- Installing: /home/thiago/Documentos/Robotica/ros2_ws/install/turtle_control_action/local/lib/python3.10/dist-packages/turtle_control_action/turtle_control_action_s__rosidl_typesupport_c.cpython-310-x86_64-linux-gnu.so
[15.141s] -- Set runtime path of "/home/thiago/Documentos/Robotica/ros2_ws/install/turtle_control_action/local/lib/python3.10/dist-packages/turtle_control_action/turtle_control_action_s__rosidl_typesupport_c.cpython-310-x86_64-linux-gnu.so" to ""
[15.141s] -- Installing: /home/thiago/Documentos/Robotica/ros2_ws/install/turtle_control_action/lib/libturtle_control_action__rosidl_generator_py.so
[15.142s] -- Set runtime path of "/home/thiago/Documentos/Robotica/ros2_ws/install/turtle_control_action/lib/libturtle_control_action__rosidl_generator_py.so" to ""
[15.142s] -- Installing: /home/thiago/Documentos/Robotica/ros2_ws/install/turtle_control_action/share/turtle_control_action/action/Navigate.idl
[15.142s] -- Installing: /home/thiago/Documentos/Robotica/ros2_ws/install/turtle_control_action/share/turtle_control_action/action/Navigate.action
[15.143s] -- Installing: /home/thiago/Documentos/Robotica/ros2_ws/install/turtle_control_action/share/ament_index/resource_index/package_run_dependencies/turtle_control_action
[15.143s] -- Installing: /home/thiago/Documentos/Robotica/ros2_ws/install/turtle_control_action/share/ament_index/resource_index/parent_prefix_path/turtle_control_action
[15.143s] -- Installing: /home/thiago/Documentos/Robotica/ros2_ws/install/turtle_control_action/share/turtle_control_action/environment/ament_prefix_path.sh
[15.144s] -- Installing: /home/thiago/Documentos/Robotica/ros2_ws/install/turtle_control_action/share/turtle_control_action/environment/ament_prefix_path.dsv
[15.144s] -- Installing: /home/thiago/Documentos/Robotica/ros2_ws/install/turtle_control_action/share/turtle_control_action/environment/path.sh
[15.144s] -- Installing: /home/thiago/Documentos/Robotica/ros2_ws/install/turtle_control_action/share/turtle_control_action/environment/path.dsv
[15.145s] -- Installing: /home/thiago/Documentos/Robotica/ros2_ws/install/turtle_control_action/share/turtle_control_action/local_setup.bash
[15.145s] -- Installing: /home/thiago/Documentos/Robotica/ros2_ws/install/turtle_control_action/share/turtle_control_action/local_setup.sh
[15.145s] -- Installing: /home/thiago/Documentos/Robotica/ros2_ws/install/turtle_control_action/share/turtle_control_action/local_setup.zsh
[15.146s] -- Installing: /home/thiago/Documentos/Robotica/ros2_ws/install/turtle_control_action/share/turtle_control_action/local_setup.dsv
[15.147s] -- Installing: /home/thiago/Documentos/Robotica/ros2_ws/install/turtle_control_action/share/turtle_control_action/package.dsv
[15.147s] -- Installing: /home/thiago/Documentos/Robotica/ros2_ws/install/turtle_control_action/share/ament_index/resource_index/packages/turtle_control_action
[15.147s] -- Installing: /home/thiago/Documentos/Robotica/ros2_ws/install/turtle_control_action/share/turtle_control_action/cmake/export_turtle_control_action__rosidl_generator_cExport.cmake
[15.148s] -- Installing: /home/thiago/Documentos/Robotica/ros2_ws/install/turtle_control_action/share/turtle_control_action/cmake/export_turtle_control_action__rosidl_generator_cExport-noconfig.cmake
[15.149s] -- Installing: /home/thiago/Documentos/Robotica/ros2_ws/install/turtle_control_action/share/turtle_control_action/cmake/export_turtle_control_action__rosidl_typesupport_fastrtps_cExport.cmake
[15.149s] -- Installing: /home/thiago/Documentos/Robotica/ros2_ws/install/turtle_control_action/share/turtle_control_action/cmake/export_turtle_control_action__rosidl_typesupport_fastrtps_cExport-noconfig.cmake
[15.150s] -- Installing: /home/thiago/Documentos/Robotica/ros2_ws/install/turtle_control_action/share/turtle_control_action/cmake/turtle_control_action__rosidl_typesupport_introspection_cExport.cmake
[15.150s] -- Installing: /home/thiago/Documentos/Robotica/ros2_ws/install/turtle_control_action/share/turtle_control_action/cmake/turtle_control_action__rosidl_typesupport_introspection_cExport-noconfig.cmake
[15.150s] -- Installing: /home/thiago/Documentos/Robotica/ros2_ws/install/turtle_control_action/share/turtle_control_action/cmake/turtle_control_action__rosidl_typesupport_cExport.cmake
[15.150s] -- Installing: /home/thiago/Documentos/Robotica/ros2_ws/install/turtle_control_action/share/turtle_control_action/cmake/turtle_control_action__rosidl_typesupport_cExport-noconfig.cmake
[15.151s] -- Installing: /home/thiago/Documentos/Robotica/ros2_ws/install/turtle_control_action/share/turtle_control_action/cmake/export_turtle_control_action__rosidl_generator_cppExport.cmake
[15.151s] -- Installing: /home/thiago/Documentos/Robotica/ros2_ws/install/turtle_control_action/share/turtle_control_action/cmake/export_turtle_control_action__rosidl_typesupport_fastrtps_cppExport.cmake
[15.151s] -- Installing: /home/thiago/Documentos/Robotica/ros2_ws/install/turtle_control_action/share/turtle_control_action/cmake/export_turtle_control_action__rosidl_typesupport_fastrtps_cppExport-noconfig.cmake
[15.151s] -- Installing: /home/thiago/Documentos/Robotica/ros2_ws/install/turtle_control_action/share/turtle_control_action/cmake/turtle_control_action__rosidl_typesupport_introspection_cppExport.cmake
[15.151s] -- Installing: /home/thiago/Documentos/Robotica/ros2_ws/install/turtle_control_action/share/turtle_control_action/cmake/turtle_control_action__rosidl_typesupport_introspection_cppExport-noconfig.cmake
[15.152s] -- Installing: /home/thiago/Documentos/Robotica/ros2_ws/install/turtle_control_action/share/turtle_control_action/cmake/turtle_control_action__rosidl_typesupport_cppExport.cmake
[15.152s] -- Installing: /home/thiago/Documentos/Robotica/ros2_ws/install/turtle_control_action/share/turtle_control_action/cmake/turtle_control_action__rosidl_typesupport_cppExport-noconfig.cmake
[15.152s] -- Installing: /home/thiago/Documentos/Robotica/ros2_ws/install/turtle_control_action/share/turtle_control_action/cmake/export_turtle_control_action__rosidl_generator_pyExport.cmake
[15.153s] -- Installing: /home/thiago/Documentos/Robotica/ros2_ws/install/turtle_control_action/share/turtle_control_action/cmake/export_turtle_control_action__rosidl_generator_pyExport-noconfig.cmake
[15.153s] -- Installing: /home/thiago/Documentos/Robotica/ros2_ws/install/turtle_control_action/share/turtle_control_action/cmake/rosidl_cmake-extras.cmake
[15.153s] -- Installing: /home/thiago/Documentos/Robotica/ros2_ws/install/turtle_control_action/share/turtle_control_action/cmake/ament_cmake_export_dependencies-extras.cmake
[15.154s] -- Installing: /home/thiago/Documentos/Robotica/ros2_ws/install/turtle_control_action/share/turtle_control_action/cmake/ament_cmake_export_include_directories-extras.cmake
[15.154s] -- Installing: /home/thiago/Documentos/Robotica/ros2_ws/install/turtle_control_action/share/turtle_control_action/cmake/ament_cmake_export_libraries-extras.cmake
[15.154s] -- Installing: /home/thiago/Documentos/Robotica/ros2_ws/install/turtle_control_action/share/turtle_control_action/cmake/ament_cmake_export_targets-extras.cmake
[15.154s] -- Installing: /home/thiago/Documentos/Robotica/ros2_ws/install/turtle_control_action/share/turtle_control_action/cmake/rosidl_cmake_export_typesupport_targets-extras.cmake
[15.155s] -- Installing: /home/thiago/Documentos/Robotica/ros2_ws/install/turtle_control_action/share/turtle_control_action/cmake/rosidl_cmake_export_typesupport_libraries-extras.cmake
[15.155s] -- Installing: /home/thiago/Documentos/Robotica/ros2_ws/install/turtle_control_action/share/turtle_control_action/cmake/turtle_control_actionConfig.cmake
[15.155s] -- Installing: /home/thiago/Documentos/Robotica/ros2_ws/install/turtle_control_action/share/turtle_control_action/cmake/turtle_control_actionConfig-version.cmake
[15.156s] -- Installing: /home/thiago/Documentos/Robotica/ros2_ws/install/turtle_control_action/share/turtle_control_action/package.xml
[15.161s] Invoked command in '/home/thiago/Documentos/Robotica/ros2_ws/build/turtle_control_action' returned '0': CMAKE_PREFIX_PATH=${CMAKE_PREFIX_PATH}:/home/thiago/Documentos/Robotica/ros2_ws/install/turtle_control_thiago:/home/thiago/Documentos/Robotica/ros2_ws/install/py_pubsub:/opt/ros/humble /usr/bin/cmake --install /home/thiago/Documentos/Robotica/ros2_ws/build/turtle_control_action
