[1.567s] Invoking command in '/home/thiago/Documentos/Robotica/ros2_ws/src/py_pubsub': PYTHONPATH=/home/thiago/Documentos/Robotica/ros2_ws/build/py_pubsub/prefix_override:/usr/lib/python3/dist-packages/colcon_core/task/python/colcon_distutils_commands:/home/thiago/Documentos/Robotica/ros2_ws/install/py_pubsub/lib/python3.10/site-packages:${PYTHONPATH} /usr/bin/python3 -W ignore:setup.py install is deprecated -W ignore:easy_install command is deprecated setup.py egg_info --egg-base ../../build/py_pubsub build --build-base /home/thiago/Documentos/Robotica/ros2_ws/build/py_pubsub/build install --record /home/thiago/Documentos/Robotica/ros2_ws/build/py_pubsub/install.log --single-version-externally-managed install_data
[2.171s] running egg_info
[2.172s] creating ../../build/py_pubsub/py_pubsub.egg-info
[2.173s] writing ../../build/py_pubsub/py_pubsub.egg-info/PKG-INFO
[2.174s] writing dependency_links to ../../build/py_pubsub/py_pubsub.egg-info/dependency_links.txt
[2.174s] writing entry points to ../../build/py_pubsub/py_pubsub.egg-info/entry_points.txt
[2.174s] writing requirements to ../../build/py_pubsub/py_pubsub.egg-info/requires.txt
[2.175s] writing top-level names to ../../build/py_pubsub/py_pubsub.egg-info/top_level.txt
[2.175s] writing manifest file '../../build/py_pubsub/py_pubsub.egg-info/SOURCES.txt'
[2.179s] reading manifest file '../../build/py_pubsub/py_pubsub.egg-info/SOURCES.txt'
[2.180s] adding license file 'LICENSE'
[2.180s] writing manifest file '../../build/py_pubsub/py_pubsub.egg-info/SOURCES.txt'
[2.180s] running build
[2.180s] running build_py
[2.181s] creating /home/thiago/Documentos/Robotica/ros2_ws/build/py_pubsub/build
[2.181s] creating /home/thiago/Documentos/Robotica/ros2_ws/build/py_pubsub/build/lib
[2.181s] creating /home/thiago/Documentos/Robotica/ros2_ws/build/py_pubsub/build/lib/py_pubsub
[2.181s] copying py_pubsub/__init__.py -> /home/thiago/Documentos/Robotica/ros2_ws/build/py_pubsub/build/lib/py_pubsub
[2.182s] copying py_pubsub/publisher_member_function.py -> /home/thiago/Documentos/Robotica/ros2_ws/build/py_pubsub/build/lib/py_pubsub
[2.182s] copying py_pubsub/subscriber_member_function.py -> /home/thiago/Documentos/Robotica/ros2_ws/build/py_pubsub/build/lib/py_pubsub
[2.182s] running install
[2.183s] running install_lib
[2.184s] creating /home/thiago/Documentos/Robotica/ros2_ws/install/py_pubsub/lib/python3.10/site-packages/py_pubsub
[2.185s] copying /home/thiago/Documentos/Robotica/ros2_ws/build/py_pubsub/build/lib/py_pubsub/__init__.py -> /home/thiago/Documentos/Robotica/ros2_ws/install/py_pubsub/lib/python3.10/site-packages/py_pubsub
[2.185s] copying /home/thiago/Documentos/Robotica/ros2_ws/build/py_pubsub/build/lib/py_pubsub/publisher_member_function.py -> /home/thiago/Documentos/Robotica/ros2_ws/install/py_pubsub/lib/python3.10/site-packages/py_pubsub
[2.185s] copying /home/thiago/Documentos/Robotica/ros2_ws/build/py_pubsub/build/lib/py_pubsub/subscriber_member_function.py -> /home/thiago/Documentos/Robotica/ros2_ws/install/py_pubsub/lib/python3.10/site-packages/py_pubsub
[2.186s] byte-compiling /home/thiago/Documentos/Robotica/ros2_ws/install/py_pubsub/lib/python3.10/site-packages/py_pubsub/__init__.py to __init__.cpython-310.pyc
[2.187s] byte-compiling /home/thiago/Documentos/Robotica/ros2_ws/install/py_pubsub/lib/python3.10/site-packages/py_pubsub/publisher_member_function.py to publisher_member_function.cpython-310.pyc
[2.187s] byte-compiling /home/thiago/Documentos/Robotica/ros2_ws/install/py_pubsub/lib/python3.10/site-packages/py_pubsub/subscriber_member_function.py to subscriber_member_function.cpython-310.pyc
[2.188s] running install_data
[2.189s] creating /home/thiago/Documentos/Robotica/ros2_ws/install/py_pubsub/share/ament_index
[2.189s] creating /home/thiago/Documentos/Robotica/ros2_ws/install/py_pubsub/share/ament_index/resource_index
[2.189s] creating /home/thiago/Documentos/Robotica/ros2_ws/install/py_pubsub/share/ament_index/resource_index/packages
[2.189s] copying resource/py_pubsub -> /home/thiago/Documentos/Robotica/ros2_ws/install/py_pubsub/share/ament_index/resource_index/packages
[2.189s] copying package.xml -> /home/thiago/Documentos/Robotica/ros2_ws/install/py_pubsub/share/py_pubsub
[2.190s] running install_egg_info
[2.193s] Copying ../../build/py_pubsub/py_pubsub.egg-info to /home/thiago/Documentos/Robotica/ros2_ws/install/py_pubsub/lib/python3.10/site-packages/py_pubsub-0.0.0-py3.10.egg-info
[2.195s] running install_scripts
[2.246s] Installing listener script to /home/thiago/Documentos/Robotica/ros2_ws/install/py_pubsub/lib/py_pubsub
[2.246s] Installing talker script to /home/thiago/Documentos/Robotica/ros2_ws/install/py_pubsub/lib/py_pubsub
[2.246s] writing list of installed files to '/home/thiago/Documentos/Robotica/ros2_ws/build/py_pubsub/install.log'
[2.334s] Invoked command in '/home/thiago/Documentos/Robotica/ros2_ws/src/py_pubsub' returned '0': PYTHONPATH=/home/thiago/Documentos/Robotica/ros2_ws/build/py_pubsub/prefix_override:/usr/lib/python3/dist-packages/colcon_core/task/python/colcon_distutils_commands:/home/thiago/Documentos/Robotica/ros2_ws/install/py_pubsub/lib/python3.10/site-packages:${PYTHONPATH} /usr/bin/python3 -W ignore:setup.py install is deprecated -W ignore:easy_install command is deprecated setup.py egg_info --egg-base ../../build/py_pubsub build --build-base /home/thiago/Documentos/Robotica/ros2_ws/build/py_pubsub/build install --record /home/thiago/Documentos/Robotica/ros2_ws/build/py_pubsub/install.log --single-version-externally-managed install_data
