[0.023s] Invoking command in '/home/thiago/Documentos/Robotica/ros2_ws/build/action_tutorials_interfaces': CMAKE_PREFIX_PATH=${CMAKE_PREFIX_PATH}:/home/thiago/Documentos/Robotica/ros2_ws/install/turtle_control_thiago:/home/thiago/Documentos/Robotica/ros2_ws/install/py_pubsub:/opt/ros/humble /usr/bin/cmake /home/thiago/Documentos/Robotica/ros2_ws/src/action_tutorials_interfaces -DCMAKE_INSTALL_PREFIX=/home/thiago/Documentos/Robotica/ros2_ws/install/action_tutorials_interfaces
[0.050s] -- Found ament_cmake: 1.3.12 (/opt/ros/humble/share/ament_cmake/cmake)
[0.328s] [31mCMake Error at /opt/ros/humble/share/ament_cmake_core/cmake/ament_cmake_uninstall_target-extras.cmake:40 (add_custom_target):
[0.328s]   add_custom_target called with invalid target name
[0.328s]   "src/action_tutorials_interfaces_uninstall".  Target names may not contain
[0.328s]   a slash.  Use ADD_CUSTOM_COMMAND to generate files.
[0.328s] Call Stack (most recent call first):
[0.329s]   /opt/ros/humble/share/ament_cmake_core/cmake/ament_cmake_coreConfig.cmake:41 (include)
[0.329s]   /opt/ros/humble/share/ament_cmake/cmake/ament_cmake_export_dependencies-extras.cmake:15 (find_package)
[0.329s]   /opt/ros/humble/share/ament_cmake/cmake/ament_cmakeConfig.cmake:41 (include)
[0.329s]   CMakeLists.txt:9 (find_package)
[0.329s] 
[0.329s] [0m
[0.343s] -- Found ament_lint_auto: 0.12.14 (/opt/ros/humble/share/ament_lint_auto/cmake)
[0.487s] [31mCMake Error at /opt/ros/humble/share/ament_cmake_core/cmake/core/ament_package_xml.cmake:53 (message):
[0.488s]   ament_package_xml() package name 'action_tutorials_interfaces' in
[0.488s]   '/package.xml' does not match current PROJECT_NAME
[0.488s]   'src/action_tutorials_interfaces'.  You must call project() with the same
[0.488s]   package name before.
[0.488s] Call Stack (most recent call first):
[0.488s]   /opt/ros/humble/share/ament_lint_auto/cmake/ament_lint_auto_find_test_dependencies.cmake:31 (ament_package_xml)
[0.489s]   CMakeLists.txt:23 (ament_lint_auto_find_test_dependencies)
[0.489s] 
[0.489s] [0m
[0.489s] -- Configuring incomplete, errors occurred!
[0.489s] See also "/home/thiago/Documentos/Robotica/ros2_ws/build/action_tutorials_interfaces/CMakeFiles/CMakeOutput.log".
[0.494s] Invoked command in '/home/thiago/Documentos/Robotica/ros2_ws/build/action_tutorials_interfaces' returned '1': CMAKE_PREFIX_PATH=${CMAKE_PREFIX_PATH}:/home/thiago/Documentos/Robotica/ros2_ws/install/turtle_control_thiago:/home/thiago/Documentos/Robotica/ros2_ws/install/py_pubsub:/opt/ros/humble /usr/bin/cmake /home/thiago/Documentos/Robotica/ros2_ws/src/action_tutorials_interfaces -DCMAKE_INSTALL_PREFIX=/home/thiago/Documentos/Robotica/ros2_ws/install/action_tutorials_interfaces
