[0.027s] Invoking command in '/home/thiago/Documentos/Robotica/ros2_ws/build/turtlesim': CMAKE_PREFIX_PATH=${CMAKE_PREFIX_PATH}:/opt/ros/humble /usr/bin/cmake --build /home/thiago/Documentos/Robotica/ros2_ws/build/turtlesim -- -j2 -l2
[0.141s] [35m[1mConsolidate compiler generated dependencies of target turtlesim__rosidl_generator_c[0m
[0.158s] [  1%] Built target turtlesim__cpp
[0.173s] [ 11%] Built target turtlesim__rosidl_generator_c
[0.206s] [35m[1mConsolidate compiler generated dependencies of target turtlesim__rosidl_typesupport_cpp[0m
[0.232s] [ 11%] Built target ament_cmake_python_copy_turtlesim
[0.252s] [ 21%] Built target turtlesim__rosidl_typesupport_cpp
[0.256s] [35m[1mConsolidate compiler generated dependencies of target turtlesim__rosidl_typesupport_fastrtps_c[0m
[0.283s] [35m[1mConsolidate compiler generated dependencies of target turtlesim__rosidl_typesupport_fastrtps_cpp[0m
[0.297s] [ 31%] Built target turtlesim__rosidl_typesupport_fastrtps_c
[0.341s] [35m[1mConsolidate compiler generated dependencies of target turtlesim__rosidl_typesupport_introspection_c[0m
[0.348s] [ 41%] Built target turtlesim__rosidl_typesupport_fastrtps_cpp
[0.370s] [ 51%] Built target turtlesim__rosidl_typesupport_introspection_c
[0.372s] [35m[1mConsolidate compiler generated dependencies of target turtlesim__rosidl_typesupport_c[0m
[0.397s] [35m[1mConsolidate compiler generated dependencies of target turtlesim__rosidl_typesupport_introspection_cpp[0m
[0.401s] [ 61%] Built target turtlesim__rosidl_typesupport_c
[0.437s] [ 71%] Built target turtlesim__rosidl_typesupport_introspection_cpp
[0.469s] [35m[1mConsolidate compiler generated dependencies of target turtlesim_node[0m
[0.544s] [ 72%] [32mBuilding CXX object CMakeFiles/turtlesim_node.dir/src/turtle_frame.cpp.o[0m
[1.217s] running egg_info
[1.221s] writing turtlesim.egg-info/PKG-INFO
[1.222s] writing dependency_links to turtlesim.egg-info/dependency_links.txt
[1.223s] writing top-level names to turtlesim.egg-info/top_level.txt
[1.246s] reading manifest file 'turtlesim.egg-info/SOURCES.txt'
[1.250s] writing manifest file 'turtlesim.egg-info/SOURCES.txt'
[1.381s] [ 72%] Built target ament_cmake_python_build_turtlesim_egg
[1.448s] [35m[1mConsolidate compiler generated dependencies of target turtle_teleop_key[0m
[1.519s] [ 74%] Built target turtle_teleop_key
[1.572s] [35m[1mConsolidate compiler generated dependencies of target draw_square[0m
[1.665s] [ 76%] Built target draw_square
[1.711s] [35m[1mConsolidate compiler generated dependencies of target mimic[0m
[1.789s] [ 78%] Built target mimic
[1.919s] [ 78%] Built target turtlesim
[1.984s] [ 79%] Built target turtlesim__py
[2.041s] [35m[1mConsolidate compiler generated dependencies of target turtlesim__rosidl_generator_py[0m
[2.108s] [ 88%] Built target turtlesim__rosidl_generator_py
[2.130s] [35m[1mConsolidate compiler generated dependencies of target turtlesim__rosidl_typesupport_fastrtps_c__pyext[0m
[2.168s] [ 90%] Built target turtlesim__rosidl_typesupport_fastrtps_c__pyext
[2.193s] [35m[1mConsolidate compiler generated dependencies of target turtlesim__rosidl_typesupport_introspection_c__pyext[0m
[2.224s] [ 92%] Built target turtlesim__rosidl_typesupport_introspection_c__pyext
[2.247s] [35m[1mConsolidate compiler generated dependencies of target turtlesim__rosidl_typesupport_c__pyext[0m
[2.285s] [ 94%] Built target turtlesim__rosidl_typesupport_c__pyext
[28.513s] [ 95%] [32m[1mLinking CXX executable turtlesim_node[0m
[33.847s] [100%] Built target turtlesim_node
[33.878s] Invoked command in '/home/thiago/Documentos/Robotica/ros2_ws/build/turtlesim' returned '0': CMAKE_PREFIX_PATH=${CMAKE_PREFIX_PATH}:/opt/ros/humble /usr/bin/cmake --build /home/thiago/Documentos/Robotica/ros2_ws/build/turtlesim -- -j2 -l2
[33.904s] Invoking command in '/home/thiago/Documentos/Robotica/ros2_ws/build/turtlesim': CMAKE_PREFIX_PATH=${CMAKE_PREFIX_PATH}:/opt/ros/humble /usr/bin/cmake --install /home/thiago/Documentos/Robotica/ros2_ws/build/turtlesim
[33.920s] -- Install configuration: ""
[33.920s] -- Up-to-date: /home/thiago/Documentos/Robotica/ros2_ws/install/turtlesim/share/ament_index/resource_index/rosidl_interfaces/turtlesim
[33.921s] -- Up-to-date: /home/thiago/Documentos/Robotica/ros2_ws/install/turtlesim/include/turtlesim/turtlesim
[33.921s] -- Up-to-date: /home/thiago/Documentos/Robotica/ros2_ws/install/turtlesim/include/turtlesim/turtlesim/action
[33.921s] -- Up-to-date: /home/thiago/Documentos/Robotica/ros2_ws/install/turtlesim/include/turtlesim/turtlesim/action/rotate_absolute.h
[33.921s] -- Up-to-date: /home/thiago/Documentos/Robotica/ros2_ws/install/turtlesim/include/turtlesim/turtlesim/action/detail
[33.922s] -- Up-to-date: /home/thiago/Documentos/Robotica/ros2_ws/install/turtlesim/include/turtlesim/turtlesim/action/detail/rotate_absolute__type_support.h
[33.922s] -- Up-to-date: /home/thiago/Documentos/Robotica/ros2_ws/install/turtlesim/include/turtlesim/turtlesim/action/detail/rotate_absolute__functions.c
[33.922s] -- Up-to-date: /home/thiago/Documentos/Robotica/ros2_ws/install/turtlesim/include/turtlesim/turtlesim/action/detail/rotate_absolute__functions.h
[33.923s] -- Up-to-date: /home/thiago/Documentos/Robotica/ros2_ws/install/turtlesim/include/turtlesim/turtlesim/action/detail/rotate_absolute__struct.h
[33.923s] -- Up-to-date: /home/thiago/Documentos/Robotica/ros2_ws/install/turtlesim/include/turtlesim/turtlesim/srv
[33.923s] -- Up-to-date: /home/thiago/Documentos/Robotica/ros2_ws/install/turtlesim/include/turtlesim/turtlesim/srv/teleport_relative.h
[33.924s] -- Up-to-date: /home/thiago/Documentos/Robotica/ros2_ws/install/turtlesim/include/turtlesim/turtlesim/srv/detail
[33.924s] -- Up-to-date: /home/thiago/Documentos/Robotica/ros2_ws/install/turtlesim/include/turtlesim/turtlesim/srv/detail/teleport_relative__struct.h
[33.924s] -- Up-to-date: /home/thiago/Documentos/Robotica/ros2_ws/install/turtlesim/include/turtlesim/turtlesim/srv/detail/teleport_relative__functions.h
[33.924s] -- Up-to-date: /home/thiago/Documentos/Robotica/ros2_ws/install/turtlesim/include/turtlesim/turtlesim/srv/detail/teleport_relative__functions.c
[33.925s] -- Up-to-date: /home/thiago/Documentos/Robotica/ros2_ws/install/turtlesim/include/turtlesim/turtlesim/srv/detail/spawn__struct.h
[33.925s] -- Up-to-date: /home/thiago/Documentos/Robotica/ros2_ws/install/turtlesim/include/turtlesim/turtlesim/srv/detail/spawn__functions.c
[33.925s] -- Up-to-date: /home/thiago/Documentos/Robotica/ros2_ws/install/turtlesim/include/turtlesim/turtlesim/srv/detail/set_pen__struct.h
[33.926s] -- Up-to-date: /home/thiago/Documentos/Robotica/ros2_ws/install/turtlesim/include/turtlesim/turtlesim/srv/detail/teleport_absolute__struct.h
[33.926s] -- Up-to-date: /home/thiago/Documentos/Robotica/ros2_ws/install/turtlesim/include/turtlesim/turtlesim/srv/detail/spawn__type_support.h
[33.926s] -- Up-to-date: /home/thiago/Documentos/Robotica/ros2_ws/install/turtlesim/include/turtlesim/turtlesim/srv/detail/kill__type_support.h
[33.926s] -- Up-to-date: /home/thiago/Documentos/Robotica/ros2_ws/install/turtlesim/include/turtlesim/turtlesim/srv/detail/kill__functions.h
[33.927s] -- Up-to-date: /home/thiago/Documentos/Robotica/ros2_ws/install/turtlesim/include/turtlesim/turtlesim/srv/detail/set_pen__functions.h
[33.927s] -- Up-to-date: /home/thiago/Documentos/Robotica/ros2_ws/install/turtlesim/include/turtlesim/turtlesim/srv/detail/kill__functions.c
[33.927s] -- Up-to-date: /home/thiago/Documentos/Robotica/ros2_ws/install/turtlesim/include/turtlesim/turtlesim/srv/detail/teleport_absolute__functions.h
[33.927s] -- Up-to-date: /home/thiago/Documentos/Robotica/ros2_ws/install/turtlesim/include/turtlesim/turtlesim/srv/detail/set_pen__functions.c
[33.928s] -- Up-to-date: /home/thiago/Documentos/Robotica/ros2_ws/install/turtlesim/include/turtlesim/turtlesim/srv/detail/teleport_relative__type_support.h
[33.928s] -- Up-to-date: /home/thiago/Documentos/Robotica/ros2_ws/install/turtlesim/include/turtlesim/turtlesim/srv/detail/spawn__functions.h
[33.928s] -- Up-to-date: /home/thiago/Documentos/Robotica/ros2_ws/install/turtlesim/include/turtlesim/turtlesim/srv/detail/kill__struct.h
[33.929s] -- Up-to-date: /home/thiago/Documentos/Robotica/ros2_ws/install/turtlesim/include/turtlesim/turtlesim/srv/detail/teleport_absolute__functions.c
[33.929s] -- Up-to-date: /home/thiago/Documentos/Robotica/ros2_ws/install/turtlesim/include/turtlesim/turtlesim/srv/detail/teleport_absolute__type_support.h
[33.929s] -- Up-to-date: /home/thiago/Documentos/Robotica/ros2_ws/install/turtlesim/include/turtlesim/turtlesim/srv/detail/set_pen__type_support.h
[33.929s] -- Up-to-date: /home/thiago/Documentos/Robotica/ros2_ws/install/turtlesim/include/turtlesim/turtlesim/srv/teleport_absolute.h
[33.930s] -- Up-to-date: /home/thiago/Documentos/Robotica/ros2_ws/install/turtlesim/include/turtlesim/turtlesim/srv/spawn.h
[33.930s] -- Up-to-date: /home/thiago/Documentos/Robotica/ros2_ws/install/turtlesim/include/turtlesim/turtlesim/srv/set_pen.h
[33.930s] -- Up-to-date: /home/thiago/Documentos/Robotica/ros2_ws/install/turtlesim/include/turtlesim/turtlesim/srv/kill.h
[33.931s] -- Up-to-date: /home/thiago/Documentos/Robotica/ros2_ws/install/turtlesim/include/turtlesim/turtlesim/msg
[33.931s] -- Up-to-date: /home/thiago/Documentos/Robotica/ros2_ws/install/turtlesim/include/turtlesim/turtlesim/msg/detail
[33.931s] -- Up-to-date: /home/thiago/Documentos/Robotica/ros2_ws/install/turtlesim/include/turtlesim/turtlesim/msg/detail/pose__functions.c
[33.931s] -- Up-to-date: /home/thiago/Documentos/Robotica/ros2_ws/install/turtlesim/include/turtlesim/turtlesim/msg/detail/color__struct.h
[33.932s] -- Up-to-date: /home/thiago/Documentos/Robotica/ros2_ws/install/turtlesim/include/turtlesim/turtlesim/msg/detail/pose__struct.h
[33.932s] -- Up-to-date: /home/thiago/Documentos/Robotica/ros2_ws/install/turtlesim/include/turtlesim/turtlesim/msg/detail/color__functions.h
[33.932s] -- Up-to-date: /home/thiago/Documentos/Robotica/ros2_ws/install/turtlesim/include/turtlesim/turtlesim/msg/detail/pose__functions.h
[33.932s] -- Up-to-date: /home/thiago/Documentos/Robotica/ros2_ws/install/turtlesim/include/turtlesim/turtlesim/msg/detail/pose__type_support.h
[33.933s] -- Up-to-date: /home/thiago/Documentos/Robotica/ros2_ws/install/turtlesim/include/turtlesim/turtlesim/msg/detail/color__functions.c
[33.933s] -- Up-to-date: /home/thiago/Documentos/Robotica/ros2_ws/install/turtlesim/include/turtlesim/turtlesim/msg/detail/color__type_support.h
[33.933s] -- Up-to-date: /home/thiago/Documentos/Robotica/ros2_ws/install/turtlesim/include/turtlesim/turtlesim/msg/pose.h
[33.934s] -- Up-to-date: /home/thiago/Documentos/Robotica/ros2_ws/install/turtlesim/include/turtlesim/turtlesim/msg/color.h
[33.934s] -- Up-to-date: /home/thiago/Documentos/Robotica/ros2_ws/install/turtlesim/include/turtlesim/turtlesim/msg/rosidl_generator_c__visibility_control.h
[33.934s] -- Up-to-date: /home/thiago/Documentos/Robotica/ros2_ws/install/turtlesim/share/turtlesim/environment/library_path.sh
[33.934s] -- Up-to-date: /home/thiago/Documentos/Robotica/ros2_ws/install/turtlesim/share/turtlesim/environment/library_path.dsv
[33.934s] -- Up-to-date: /home/thiago/Documentos/Robotica/ros2_ws/install/turtlesim/lib/libturtlesim__rosidl_generator_c.so
[33.935s] -- Up-to-date: /home/thiago/Documentos/Robotica/ros2_ws/install/turtlesim/include/turtlesim/turtlesim
[33.935s] -- Up-to-date: /home/thiago/Documentos/Robotica/ros2_ws/install/turtlesim/include/turtlesim/turtlesim/action
[33.935s] -- Up-to-date: /home/thiago/Documentos/Robotica/ros2_ws/install/turtlesim/include/turtlesim/turtlesim/action/detail
[33.935s] -- Up-to-date: /home/thiago/Documentos/Robotica/ros2_ws/install/turtlesim/include/turtlesim/turtlesim/action/detail/rotate_absolute__rosidl_typesupport_fastrtps_c.h
[33.935s] -- Up-to-date: /home/thiago/Documentos/Robotica/ros2_ws/install/turtlesim/include/turtlesim/turtlesim/srv
[33.936s] -- Up-to-date: /home/thiago/Documentos/Robotica/ros2_ws/install/turtlesim/include/turtlesim/turtlesim/srv/detail
[33.936s] -- Up-to-date: /home/thiago/Documentos/Robotica/ros2_ws/install/turtlesim/include/turtlesim/turtlesim/srv/detail/kill__rosidl_typesupport_fastrtps_c.h
[33.936s] -- Up-to-date: /home/thiago/Documentos/Robotica/ros2_ws/install/turtlesim/include/turtlesim/turtlesim/srv/detail/teleport_absolute__rosidl_typesupport_fastrtps_c.h
[33.936s] -- Up-to-date: /home/thiago/Documentos/Robotica/ros2_ws/install/turtlesim/include/turtlesim/turtlesim/srv/detail/teleport_relative__rosidl_typesupport_fastrtps_c.h
[33.936s] -- Up-to-date: /home/thiago/Documentos/Robotica/ros2_ws/install/turtlesim/include/turtlesim/turtlesim/srv/detail/spawn__rosidl_typesupport_fastrtps_c.h
[33.937s] -- Up-to-date: /home/thiago/Documentos/Robotica/ros2_ws/install/turtlesim/include/turtlesim/turtlesim/srv/detail/set_pen__rosidl_typesupport_fastrtps_c.h
[33.937s] -- Up-to-date: /home/thiago/Documentos/Robotica/ros2_ws/install/turtlesim/include/turtlesim/turtlesim/msg
[33.937s] -- Up-to-date: /home/thiago/Documentos/Robotica/ros2_ws/install/turtlesim/include/turtlesim/turtlesim/msg/rosidl_typesupport_fastrtps_c__visibility_control.h
[33.938s] -- Up-to-date: /home/thiago/Documentos/Robotica/ros2_ws/install/turtlesim/include/turtlesim/turtlesim/msg/detail
[33.938s] -- Up-to-date: /home/thiago/Documentos/Robotica/ros2_ws/install/turtlesim/include/turtlesim/turtlesim/msg/detail/pose__rosidl_typesupport_fastrtps_c.h
[33.938s] -- Up-to-date: /home/thiago/Documentos/Robotica/ros2_ws/install/turtlesim/include/turtlesim/turtlesim/msg/detail/color__rosidl_typesupport_fastrtps_c.h
[33.939s] -- Up-to-date: /home/thiago/Documentos/Robotica/ros2_ws/install/turtlesim/lib/libturtlesim__rosidl_typesupport_fastrtps_c.so
[33.939s] -- Up-to-date: /home/thiago/Documentos/Robotica/ros2_ws/install/turtlesim/include/turtlesim/turtlesim
[33.939s] -- Up-to-date: /home/thiago/Documentos/Robotica/ros2_ws/install/turtlesim/include/turtlesim/turtlesim/action
[33.939s] -- Up-to-date: /home/thiago/Documentos/Robotica/ros2_ws/install/turtlesim/include/turtlesim/turtlesim/action/detail
[33.939s] -- Up-to-date: /home/thiago/Documentos/Robotica/ros2_ws/install/turtlesim/include/turtlesim/turtlesim/action/detail/rotate_absolute__struct.hpp
[33.940s] -- Up-to-date: /home/thiago/Documentos/Robotica/ros2_ws/install/turtlesim/include/turtlesim/turtlesim/action/detail/rotate_absolute__traits.hpp
[33.940s] -- Up-to-date: /home/thiago/Documentos/Robotica/ros2_ws/install/turtlesim/include/turtlesim/turtlesim/action/detail/rotate_absolute__builder.hpp
[33.940s] -- Up-to-date: /home/thiago/Documentos/Robotica/ros2_ws/install/turtlesim/include/turtlesim/turtlesim/action/detail/rotate_absolute__type_support.hpp
[33.940s] -- Up-to-date: /home/thiago/Documentos/Robotica/ros2_ws/install/turtlesim/include/turtlesim/turtlesim/action/rotate_absolute.hpp
[33.940s] -- Up-to-date: /home/thiago/Documentos/Robotica/ros2_ws/install/turtlesim/include/turtlesim/turtlesim/srv
[33.941s] -- Up-to-date: /home/thiago/Documentos/Robotica/ros2_ws/install/turtlesim/include/turtlesim/turtlesim/srv/teleport_relative.hpp
[33.941s] -- Up-to-date: /home/thiago/Documentos/Robotica/ros2_ws/install/turtlesim/include/turtlesim/turtlesim/srv/kill.hpp
[33.941s] -- Up-to-date: /home/thiago/Documentos/Robotica/ros2_ws/install/turtlesim/include/turtlesim/turtlesim/srv/spawn.hpp
[33.942s] -- Up-to-date: /home/thiago/Documentos/Robotica/ros2_ws/install/turtlesim/include/turtlesim/turtlesim/srv/set_pen.hpp
[33.942s] -- Up-to-date: /home/thiago/Documentos/Robotica/ros2_ws/install/turtlesim/include/turtlesim/turtlesim/srv/detail
[33.942s] -- Up-to-date: /home/thiago/Documentos/Robotica/ros2_ws/install/turtlesim/include/turtlesim/turtlesim/srv/detail/teleport_relative__builder.hpp
[33.942s] -- Up-to-date: /home/thiago/Documentos/Robotica/ros2_ws/install/turtlesim/include/turtlesim/turtlesim/srv/detail/teleport_absolute__type_support.hpp
[33.943s] -- Up-to-date: /home/thiago/Documentos/Robotica/ros2_ws/install/turtlesim/include/turtlesim/turtlesim/srv/detail/teleport_absolute__traits.hpp
[33.943s] -- Up-to-date: /home/thiago/Documentos/Robotica/ros2_ws/install/turtlesim/include/turtlesim/turtlesim/srv/detail/spawn__traits.hpp
[33.943s] -- Up-to-date: /home/thiago/Documentos/Robotica/ros2_ws/install/turtlesim/include/turtlesim/turtlesim/srv/detail/kill__type_support.hpp
[33.944s] -- Up-to-date: /home/thiago/Documentos/Robotica/ros2_ws/install/turtlesim/include/turtlesim/turtlesim/srv/detail/teleport_absolute__builder.hpp
[33.944s] -- Up-to-date: /home/thiago/Documentos/Robotica/ros2_ws/install/turtlesim/include/turtlesim/turtlesim/srv/detail/spawn__type_support.hpp
[33.944s] -- Up-to-date: /home/thiago/Documentos/Robotica/ros2_ws/install/turtlesim/include/turtlesim/turtlesim/srv/detail/spawn__struct.hpp
[33.944s] -- Up-to-date: /home/thiago/Documentos/Robotica/ros2_ws/install/turtlesim/include/turtlesim/turtlesim/srv/detail/set_pen__struct.hpp
[33.944s] -- Up-to-date: /home/thiago/Documentos/Robotica/ros2_ws/install/turtlesim/include/turtlesim/turtlesim/srv/detail/teleport_absolute__struct.hpp
[33.945s] -- Up-to-date: /home/thiago/Documentos/Robotica/ros2_ws/install/turtlesim/include/turtlesim/turtlesim/srv/detail/spawn__builder.hpp
[33.945s] -- Up-to-date: /home/thiago/Documentos/Robotica/ros2_ws/install/turtlesim/include/turtlesim/turtlesim/srv/detail/kill__traits.hpp
[33.945s] -- Up-to-date: /home/thiago/Documentos/Robotica/ros2_ws/install/turtlesim/include/turtlesim/turtlesim/srv/detail/teleport_relative__traits.hpp
[33.945s] -- Up-to-date: /home/thiago/Documentos/Robotica/ros2_ws/install/turtlesim/include/turtlesim/turtlesim/srv/detail/set_pen__builder.hpp
[33.946s] -- Up-to-date: /home/thiago/Documentos/Robotica/ros2_ws/install/turtlesim/include/turtlesim/turtlesim/srv/detail/set_pen__type_support.hpp
[33.946s] -- Up-to-date: /home/thiago/Documentos/Robotica/ros2_ws/install/turtlesim/include/turtlesim/turtlesim/srv/detail/teleport_relative__struct.hpp
[33.946s] -- Up-to-date: /home/thiago/Documentos/Robotica/ros2_ws/install/turtlesim/include/turtlesim/turtlesim/srv/detail/kill__struct.hpp
[33.946s] -- Up-to-date: /home/thiago/Documentos/Robotica/ros2_ws/install/turtlesim/include/turtlesim/turtlesim/srv/detail/set_pen__traits.hpp
[33.947s] -- Up-to-date: /home/thiago/Documentos/Robotica/ros2_ws/install/turtlesim/include/turtlesim/turtlesim/srv/detail/teleport_relative__type_support.hpp
[33.947s] -- Up-to-date: /home/thiago/Documentos/Robotica/ros2_ws/install/turtlesim/include/turtlesim/turtlesim/srv/detail/kill__builder.hpp
[33.947s] -- Up-to-date: /home/thiago/Documentos/Robotica/ros2_ws/install/turtlesim/include/turtlesim/turtlesim/srv/teleport_absolute.hpp
[33.947s] -- Up-to-date: /home/thiago/Documentos/Robotica/ros2_ws/install/turtlesim/include/turtlesim/turtlesim/msg
[33.947s] -- Up-to-date: /home/thiago/Documentos/Robotica/ros2_ws/install/turtlesim/include/turtlesim/turtlesim/msg/pose.hpp
[33.948s] -- Up-to-date: /home/thiago/Documentos/Robotica/ros2_ws/install/turtlesim/include/turtlesim/turtlesim/msg/rosidl_generator_cpp__visibility_control.hpp
[33.948s] -- Up-to-date: /home/thiago/Documentos/Robotica/ros2_ws/install/turtlesim/include/turtlesim/turtlesim/msg/detail
[33.948s] -- Up-to-date: /home/thiago/Documentos/Robotica/ros2_ws/install/turtlesim/include/turtlesim/turtlesim/msg/detail/pose__traits.hpp
[33.948s] -- Up-to-date: /home/thiago/Documentos/Robotica/ros2_ws/install/turtlesim/include/turtlesim/turtlesim/msg/detail/pose__struct.hpp
[33.948s] -- Up-to-date: /home/thiago/Documentos/Robotica/ros2_ws/install/turtlesim/include/turtlesim/turtlesim/msg/detail/color__traits.hpp
[33.949s] -- Up-to-date: /home/thiago/Documentos/Robotica/ros2_ws/install/turtlesim/include/turtlesim/turtlesim/msg/detail/pose__type_support.hpp
[33.949s] -- Up-to-date: /home/thiago/Documentos/Robotica/ros2_ws/install/turtlesim/include/turtlesim/turtlesim/msg/detail/color__struct.hpp
[33.949s] -- Up-to-date: /home/thiago/Documentos/Robotica/ros2_ws/install/turtlesim/include/turtlesim/turtlesim/msg/detail/pose__builder.hpp
[33.949s] -- Up-to-date: /home/thiago/Documentos/Robotica/ros2_ws/install/turtlesim/include/turtlesim/turtlesim/msg/detail/color__builder.hpp
[33.950s] -- Up-to-date: /home/thiago/Documentos/Robotica/ros2_ws/install/turtlesim/include/turtlesim/turtlesim/msg/detail/color__type_support.hpp
[33.950s] -- Up-to-date: /home/thiago/Documentos/Robotica/ros2_ws/install/turtlesim/include/turtlesim/turtlesim/msg/color.hpp
[33.950s] -- Up-to-date: /home/thiago/Documentos/Robotica/ros2_ws/install/turtlesim/include/turtlesim/turtlesim
[33.950s] -- Up-to-date: /home/thiago/Documentos/Robotica/ros2_ws/install/turtlesim/include/turtlesim/turtlesim/action
[33.951s] -- Up-to-date: /home/thiago/Documentos/Robotica/ros2_ws/install/turtlesim/include/turtlesim/turtlesim/action/detail
[33.951s] -- Up-to-date: /home/thiago/Documentos/Robotica/ros2_ws/install/turtlesim/include/turtlesim/turtlesim/action/detail/dds_fastrtps
[33.951s] -- Up-to-date: /home/thiago/Documentos/Robotica/ros2_ws/install/turtlesim/include/turtlesim/turtlesim/action/detail/rotate_absolute__rosidl_typesupport_fastrtps_cpp.hpp
[33.951s] -- Up-to-date: /home/thiago/Documentos/Robotica/ros2_ws/install/turtlesim/include/turtlesim/turtlesim/srv
[33.951s] -- Up-to-date: /home/thiago/Documentos/Robotica/ros2_ws/install/turtlesim/include/turtlesim/turtlesim/srv/detail
[33.952s] -- Up-to-date: /home/thiago/Documentos/Robotica/ros2_ws/install/turtlesim/include/turtlesim/turtlesim/srv/detail/teleport_relative__rosidl_typesupport_fastrtps_cpp.hpp
[33.952s] -- Up-to-date: /home/thiago/Documentos/Robotica/ros2_ws/install/turtlesim/include/turtlesim/turtlesim/srv/detail/dds_fastrtps
[33.952s] -- Up-to-date: /home/thiago/Documentos/Robotica/ros2_ws/install/turtlesim/include/turtlesim/turtlesim/srv/detail/spawn__rosidl_typesupport_fastrtps_cpp.hpp
[33.953s] -- Up-to-date: /home/thiago/Documentos/Robotica/ros2_ws/install/turtlesim/include/turtlesim/turtlesim/srv/detail/kill__rosidl_typesupport_fastrtps_cpp.hpp
[33.953s] -- Up-to-date: /home/thiago/Documentos/Robotica/ros2_ws/install/turtlesim/include/turtlesim/turtlesim/srv/detail/teleport_absolute__rosidl_typesupport_fastrtps_cpp.hpp
[33.953s] -- Up-to-date: /home/thiago/Documentos/Robotica/ros2_ws/install/turtlesim/include/turtlesim/turtlesim/srv/detail/set_pen__rosidl_typesupport_fastrtps_cpp.hpp
[33.953s] -- Up-to-date: /home/thiago/Documentos/Robotica/ros2_ws/install/turtlesim/include/turtlesim/turtlesim/msg
[33.954s] -- Up-to-date: /home/thiago/Documentos/Robotica/ros2_ws/install/turtlesim/include/turtlesim/turtlesim/msg/detail
[33.954s] -- Up-to-date: /home/thiago/Documentos/Robotica/ros2_ws/install/turtlesim/include/turtlesim/turtlesim/msg/detail/dds_fastrtps
[33.954s] -- Up-to-date: /home/thiago/Documentos/Robotica/ros2_ws/install/turtlesim/include/turtlesim/turtlesim/msg/detail/pose__rosidl_typesupport_fastrtps_cpp.hpp
[33.954s] -- Up-to-date: /home/thiago/Documentos/Robotica/ros2_ws/install/turtlesim/include/turtlesim/turtlesim/msg/detail/color__rosidl_typesupport_fastrtps_cpp.hpp
[33.955s] -- Up-to-date: /home/thiago/Documentos/Robotica/ros2_ws/install/turtlesim/include/turtlesim/turtlesim/msg/rosidl_typesupport_fastrtps_cpp__visibility_control.h
[33.955s] -- Up-to-date: /home/thiago/Documentos/Robotica/ros2_ws/install/turtlesim/lib/libturtlesim__rosidl_typesupport_fastrtps_cpp.so
[33.955s] -- Up-to-date: /home/thiago/Documentos/Robotica/ros2_ws/install/turtlesim/include/turtlesim/turtlesim
[33.955s] -- Up-to-date: /home/thiago/Documentos/Robotica/ros2_ws/install/turtlesim/include/turtlesim/turtlesim/action
[33.956s] -- Up-to-date: /home/thiago/Documentos/Robotica/ros2_ws/install/turtlesim/include/turtlesim/turtlesim/action/detail
[33.956s] -- Up-to-date: /home/thiago/Documentos/Robotica/ros2_ws/install/turtlesim/include/turtlesim/turtlesim/action/detail/rotate_absolute__type_support.c
[33.956s] -- Up-to-date: /home/thiago/Documentos/Robotica/ros2_ws/install/turtlesim/include/turtlesim/turtlesim/action/detail/rotate_absolute__rosidl_typesupport_introspection_c.h
[33.956s] -- Up-to-date: /home/thiago/Documentos/Robotica/ros2_ws/install/turtlesim/include/turtlesim/turtlesim/srv
[33.956s] -- Up-to-date: /home/thiago/Documentos/Robotica/ros2_ws/install/turtlesim/include/turtlesim/turtlesim/srv/detail
[33.956s] -- Up-to-date: /home/thiago/Documentos/Robotica/ros2_ws/install/turtlesim/include/turtlesim/turtlesim/srv/detail/set_pen__type_support.c
[33.957s] -- Up-to-date: /home/thiago/Documentos/Robotica/ros2_ws/install/turtlesim/include/turtlesim/turtlesim/srv/detail/set_pen__rosidl_typesupport_introspection_c.h
[33.957s] -- Up-to-date: /home/thiago/Documentos/Robotica/ros2_ws/install/turtlesim/include/turtlesim/turtlesim/srv/detail/teleport_relative__rosidl_typesupport_introspection_c.h
[33.957s] -- Up-to-date: /home/thiago/Documentos/Robotica/ros2_ws/install/turtlesim/include/turtlesim/turtlesim/srv/detail/teleport_absolute__type_support.c
[33.957s] -- Up-to-date: /home/thiago/Documentos/Robotica/ros2_ws/install/turtlesim/include/turtlesim/turtlesim/srv/detail/spawn__type_support.c
[33.958s] -- Up-to-date: /home/thiago/Documentos/Robotica/ros2_ws/install/turtlesim/include/turtlesim/turtlesim/srv/detail/spawn__rosidl_typesupport_introspection_c.h
[33.958s] -- Up-to-date: /home/thiago/Documentos/Robotica/ros2_ws/install/turtlesim/include/turtlesim/turtlesim/srv/detail/teleport_relative__type_support.c
[33.958s] -- Up-to-date: /home/thiago/Documentos/Robotica/ros2_ws/install/turtlesim/include/turtlesim/turtlesim/srv/detail/kill__type_support.c
[33.958s] -- Up-to-date: /home/thiago/Documentos/Robotica/ros2_ws/install/turtlesim/include/turtlesim/turtlesim/srv/detail/teleport_absolute__rosidl_typesupport_introspection_c.h
[33.958s] -- Up-to-date: /home/thiago/Documentos/Robotica/ros2_ws/install/turtlesim/include/turtlesim/turtlesim/srv/detail/kill__rosidl_typesupport_introspection_c.h
[33.959s] -- Up-to-date: /home/thiago/Documentos/Robotica/ros2_ws/install/turtlesim/include/turtlesim/turtlesim/msg
[33.959s] -- Up-to-date: /home/thiago/Documentos/Robotica/ros2_ws/install/turtlesim/include/turtlesim/turtlesim/msg/detail
[33.959s] -- Up-to-date: /home/thiago/Documentos/Robotica/ros2_ws/install/turtlesim/include/turtlesim/turtlesim/msg/detail/pose__rosidl_typesupport_introspection_c.h
[33.959s] -- Up-to-date: /home/thiago/Documentos/Robotica/ros2_ws/install/turtlesim/include/turtlesim/turtlesim/msg/detail/color__type_support.c
[33.959s] -- Up-to-date: /home/thiago/Documentos/Robotica/ros2_ws/install/turtlesim/include/turtlesim/turtlesim/msg/detail/color__rosidl_typesupport_introspection_c.h
[33.959s] -- Up-to-date: /home/thiago/Documentos/Robotica/ros2_ws/install/turtlesim/include/turtlesim/turtlesim/msg/detail/pose__type_support.c
[33.960s] -- Up-to-date: /home/thiago/Documentos/Robotica/ros2_ws/install/turtlesim/include/turtlesim/turtlesim/msg/rosidl_typesupport_introspection_c__visibility_control.h
[33.960s] -- Up-to-date: /home/thiago/Documentos/Robotica/ros2_ws/install/turtlesim/lib/libturtlesim__rosidl_typesupport_introspection_c.so
[33.960s] -- Up-to-date: /home/thiago/Documentos/Robotica/ros2_ws/install/turtlesim/lib/libturtlesim__rosidl_typesupport_c.so
[33.960s] -- Up-to-date: /home/thiago/Documentos/Robotica/ros2_ws/install/turtlesim/include/turtlesim/turtlesim
[33.960s] -- Up-to-date: /home/thiago/Documentos/Robotica/ros2_ws/install/turtlesim/include/turtlesim/turtlesim/action
[33.961s] -- Up-to-date: /home/thiago/Documentos/Robotica/ros2_ws/install/turtlesim/include/turtlesim/turtlesim/action/detail
[33.961s] -- Up-to-date: /home/thiago/Documentos/Robotica/ros2_ws/install/turtlesim/include/turtlesim/turtlesim/action/detail/rotate_absolute__type_support.cpp
[33.962s] -- Up-to-date: /home/thiago/Documentos/Robotica/ros2_ws/install/turtlesim/include/turtlesim/turtlesim/action/detail/rotate_absolute__rosidl_typesupport_introspection_cpp.hpp
[33.962s] -- Up-to-date: /home/thiago/Documentos/Robotica/ros2_ws/install/turtlesim/include/turtlesim/turtlesim/srv
[33.962s] -- Up-to-date: /home/thiago/Documentos/Robotica/ros2_ws/install/turtlesim/include/turtlesim/turtlesim/srv/detail
[33.962s] -- Up-to-date: /home/thiago/Documentos/Robotica/ros2_ws/install/turtlesim/include/turtlesim/turtlesim/srv/detail/teleport_relative__rosidl_typesupport_introspection_cpp.hpp
[33.962s] -- Up-to-date: /home/thiago/Documentos/Robotica/ros2_ws/install/turtlesim/include/turtlesim/turtlesim/srv/detail/set_pen__rosidl_typesupport_introspection_cpp.hpp
[33.963s] -- Up-to-date: /home/thiago/Documentos/Robotica/ros2_ws/install/turtlesim/include/turtlesim/turtlesim/srv/detail/teleport_relative__type_support.cpp
[33.963s] -- Up-to-date: /home/thiago/Documentos/Robotica/ros2_ws/install/turtlesim/include/turtlesim/turtlesim/srv/detail/set_pen__type_support.cpp
[33.963s] -- Up-to-date: /home/thiago/Documentos/Robotica/ros2_ws/install/turtlesim/include/turtlesim/turtlesim/srv/detail/spawn__type_support.cpp
[33.963s] -- Up-to-date: /home/thiago/Documentos/Robotica/ros2_ws/install/turtlesim/include/turtlesim/turtlesim/srv/detail/spawn__rosidl_typesupport_introspection_cpp.hpp
[33.963s] -- Up-to-date: /home/thiago/Documentos/Robotica/ros2_ws/install/turtlesim/include/turtlesim/turtlesim/srv/detail/kill__rosidl_typesupport_introspection_cpp.hpp
[33.964s] -- Up-to-date: /home/thiago/Documentos/Robotica/ros2_ws/install/turtlesim/include/turtlesim/turtlesim/srv/detail/teleport_absolute__rosidl_typesupport_introspection_cpp.hpp
[33.964s] -- Up-to-date: /home/thiago/Documentos/Robotica/ros2_ws/install/turtlesim/include/turtlesim/turtlesim/srv/detail/teleport_absolute__type_support.cpp
[33.964s] -- Up-to-date: /home/thiago/Documentos/Robotica/ros2_ws/install/turtlesim/include/turtlesim/turtlesim/srv/detail/kill__type_support.cpp
[33.964s] -- Up-to-date: /home/thiago/Documentos/Robotica/ros2_ws/install/turtlesim/include/turtlesim/turtlesim/msg
[33.964s] -- Up-to-date: /home/thiago/Documentos/Robotica/ros2_ws/install/turtlesim/include/turtlesim/turtlesim/msg/detail
[33.964s] -- Up-to-date: /home/thiago/Documentos/Robotica/ros2_ws/install/turtlesim/include/turtlesim/turtlesim/msg/detail/pose__rosidl_typesupport_introspection_cpp.hpp
[33.965s] -- Up-to-date: /home/thiago/Documentos/Robotica/ros2_ws/install/turtlesim/include/turtlesim/turtlesim/msg/detail/pose__type_support.cpp
[33.965s] -- Up-to-date: /home/thiago/Documentos/Robotica/ros2_ws/install/turtlesim/include/turtlesim/turtlesim/msg/detail/color__rosidl_typesupport_introspection_cpp.hpp
[33.965s] -- Up-to-date: /home/thiago/Documentos/Robotica/ros2_ws/install/turtlesim/include/turtlesim/turtlesim/msg/detail/color__type_support.cpp
[33.965s] -- Up-to-date: /home/thiago/Documentos/Robotica/ros2_ws/install/turtlesim/lib/libturtlesim__rosidl_typesupport_introspection_cpp.so
[33.965s] -- Up-to-date: /home/thiago/Documentos/Robotica/ros2_ws/install/turtlesim/lib/libturtlesim__rosidl_typesupport_cpp.so
[33.966s] -- Up-to-date: /home/thiago/Documentos/Robotica/ros2_ws/install/turtlesim/share/turtlesim/environment/pythonpath.sh
[33.966s] -- Up-to-date: /home/thiago/Documentos/Robotica/ros2_ws/install/turtlesim/share/turtlesim/environment/pythonpath.dsv
[33.966s] -- Up-to-date: /home/thiago/Documentos/Robotica/ros2_ws/install/turtlesim/local/lib/python3.10/dist-packages/turtlesim-1.4.3-py3.10.egg-info
[33.966s] -- Installing: /home/thiago/Documentos/Robotica/ros2_ws/install/turtlesim/local/lib/python3.10/dist-packages/turtlesim-1.4.3-py3.10.egg-info/dependency_links.txt
[33.966s] -- Installing: /home/thiago/Documentos/Robotica/ros2_ws/install/turtlesim/local/lib/python3.10/dist-packages/turtlesim-1.4.3-py3.10.egg-info/SOURCES.txt
[33.966s] -- Installing: /home/thiago/Documentos/Robotica/ros2_ws/install/turtlesim/local/lib/python3.10/dist-packages/turtlesim-1.4.3-py3.10.egg-info/top_level.txt
[33.967s] -- Installing: /home/thiago/Documentos/Robotica/ros2_ws/install/turtlesim/local/lib/python3.10/dist-packages/turtlesim-1.4.3-py3.10.egg-info/PKG-INFO
[33.967s] -- Up-to-date: /home/thiago/Documentos/Robotica/ros2_ws/install/turtlesim/local/lib/python3.10/dist-packages/turtlesim
[33.967s] -- Up-to-date: /home/thiago/Documentos/Robotica/ros2_ws/install/turtlesim/local/lib/python3.10/dist-packages/turtlesim/__init__.py
[33.967s] -- Up-to-date: /home/thiago/Documentos/Robotica/ros2_ws/install/turtlesim/local/lib/python3.10/dist-packages/turtlesim/_turtlesim_s.ep.rosidl_typesupport_fastrtps_c.c
[33.968s] -- Up-to-date: /home/thiago/Documentos/Robotica/ros2_ws/install/turtlesim/local/lib/python3.10/dist-packages/turtlesim/turtlesim_s__rosidl_typesupport_fastrtps_c.cpython-310-x86_64-linux-gnu.so
[33.968s] -- Up-to-date: /home/thiago/Documentos/Robotica/ros2_ws/install/turtlesim/local/lib/python3.10/dist-packages/turtlesim/libturtlesim__rosidl_generator_py.so
[33.968s] -- Up-to-date: /home/thiago/Documentos/Robotica/ros2_ws/install/turtlesim/local/lib/python3.10/dist-packages/turtlesim/turtlesim_s__rosidl_typesupport_c.cpython-310-x86_64-linux-gnu.so
[33.968s] -- Up-to-date: /home/thiago/Documentos/Robotica/ros2_ws/install/turtlesim/local/lib/python3.10/dist-packages/turtlesim/action
[33.968s] -- Up-to-date: /home/thiago/Documentos/Robotica/ros2_ws/install/turtlesim/local/lib/python3.10/dist-packages/turtlesim/action/__init__.py
[33.969s] -- Up-to-date: /home/thiago/Documentos/Robotica/ros2_ws/install/turtlesim/local/lib/python3.10/dist-packages/turtlesim/action/_rotate_absolute.py
[33.969s] -- Up-to-date: /home/thiago/Documentos/Robotica/ros2_ws/install/turtlesim/local/lib/python3.10/dist-packages/turtlesim/action/_rotate_absolute_s.c
[33.969s] -- Up-to-date: /home/thiago/Documentos/Robotica/ros2_ws/install/turtlesim/local/lib/python3.10/dist-packages/turtlesim/srv
[33.969s] -- Up-to-date: /home/thiago/Documentos/Robotica/ros2_ws/install/turtlesim/local/lib/python3.10/dist-packages/turtlesim/srv/__init__.py
[33.969s] -- Up-to-date: /home/thiago/Documentos/Robotica/ros2_ws/install/turtlesim/local/lib/python3.10/dist-packages/turtlesim/srv/_spawn.py
[33.969s] -- Up-to-date: /home/thiago/Documentos/Robotica/ros2_ws/install/turtlesim/local/lib/python3.10/dist-packages/turtlesim/srv/_spawn_s.c
[33.970s] -- Up-to-date: /home/thiago/Documentos/Robotica/ros2_ws/install/turtlesim/local/lib/python3.10/dist-packages/turtlesim/srv/_teleport_relative.py
[33.970s] -- Up-to-date: /home/thiago/Documentos/Robotica/ros2_ws/install/turtlesim/local/lib/python3.10/dist-packages/turtlesim/srv/_teleport_relative_s.c
[33.970s] -- Up-to-date: /home/thiago/Documentos/Robotica/ros2_ws/install/turtlesim/local/lib/python3.10/dist-packages/turtlesim/srv/_set_pen.py
[33.970s] -- Up-to-date: /home/thiago/Documentos/Robotica/ros2_ws/install/turtlesim/local/lib/python3.10/dist-packages/turtlesim/srv/_set_pen_s.c
[33.970s] -- Up-to-date: /home/thiago/Documentos/Robotica/ros2_ws/install/turtlesim/local/lib/python3.10/dist-packages/turtlesim/srv/_kill_s.c
[33.971s] -- Up-to-date: /home/thiago/Documentos/Robotica/ros2_ws/install/turtlesim/local/lib/python3.10/dist-packages/turtlesim/srv/_teleport_absolute.py
[33.971s] -- Up-to-date: /home/thiago/Documentos/Robotica/ros2_ws/install/turtlesim/local/lib/python3.10/dist-packages/turtlesim/srv/_kill.py
[33.971s] -- Up-to-date: /home/thiago/Documentos/Robotica/ros2_ws/install/turtlesim/local/lib/python3.10/dist-packages/turtlesim/srv/_teleport_absolute_s.c
[33.971s] -- Up-to-date: /home/thiago/Documentos/Robotica/ros2_ws/install/turtlesim/local/lib/python3.10/dist-packages/turtlesim/turtlesim_s__rosidl_typesupport_introspection_c.cpython-310-x86_64-linux-gnu.so
[33.971s] -- Up-to-date: /home/thiago/Documentos/Robotica/ros2_ws/install/turtlesim/local/lib/python3.10/dist-packages/turtlesim/msg
[33.972s] -- Up-to-date: /home/thiago/Documentos/Robotica/ros2_ws/install/turtlesim/local/lib/python3.10/dist-packages/turtlesim/msg/__init__.py
[33.972s] -- Up-to-date: /home/thiago/Documentos/Robotica/ros2_ws/install/turtlesim/local/lib/python3.10/dist-packages/turtlesim/msg/_color_s.c
[33.972s] -- Up-to-date: /home/thiago/Documentos/Robotica/ros2_ws/install/turtlesim/local/lib/python3.10/dist-packages/turtlesim/msg/_color.py
[33.972s] -- Up-to-date: /home/thiago/Documentos/Robotica/ros2_ws/install/turtlesim/local/lib/python3.10/dist-packages/turtlesim/msg/_pose_s.c
[33.972s] -- Up-to-date: /home/thiago/Documentos/Robotica/ros2_ws/install/turtlesim/local/lib/python3.10/dist-packages/turtlesim/msg/_pose.py
[33.972s] -- Up-to-date: /home/thiago/Documentos/Robotica/ros2_ws/install/turtlesim/local/lib/python3.10/dist-packages/turtlesim/_turtlesim_s.ep.rosidl_typesupport_introspection_c.c
[33.973s] -- Up-to-date: /home/thiago/Documentos/Robotica/ros2_ws/install/turtlesim/local/lib/python3.10/dist-packages/turtlesim/_turtlesim_s.ep.rosidl_typesupport_c.c
[34.024s] Listing '/home/thiago/Documentos/Robotica/ros2_ws/install/turtlesim/local/lib/python3.10/dist-packages/turtlesim'...
[34.024s] Listing '/home/thiago/Documentos/Robotica/ros2_ws/install/turtlesim/local/lib/python3.10/dist-packages/turtlesim/action'...
[34.024s] Listing '/home/thiago/Documentos/Robotica/ros2_ws/install/turtlesim/local/lib/python3.10/dist-packages/turtlesim/msg'...
[34.025s] Listing '/home/thiago/Documentos/Robotica/ros2_ws/install/turtlesim/local/lib/python3.10/dist-packages/turtlesim/srv'...
[34.036s] -- Up-to-date: /home/thiago/Documentos/Robotica/ros2_ws/install/turtlesim/local/lib/python3.10/dist-packages/turtlesim/turtlesim_s__rosidl_typesupport_fastrtps_c.cpython-310-x86_64-linux-gnu.so
[34.036s] -- Up-to-date: /home/thiago/Documentos/Robotica/ros2_ws/install/turtlesim/local/lib/python3.10/dist-packages/turtlesim/turtlesim_s__rosidl_typesupport_introspection_c.cpython-310-x86_64-linux-gnu.so
[34.037s] -- Up-to-date: /home/thiago/Documentos/Robotica/ros2_ws/install/turtlesim/local/lib/python3.10/dist-packages/turtlesim/turtlesim_s__rosidl_typesupport_c.cpython-310-x86_64-linux-gnu.so
[34.038s] -- Up-to-date: /home/thiago/Documentos/Robotica/ros2_ws/install/turtlesim/lib/libturtlesim__rosidl_generator_py.so
[34.038s] -- Up-to-date: /home/thiago/Documentos/Robotica/ros2_ws/install/turtlesim/share/turtlesim/action/RotateAbsolute.idl
[34.038s] -- Up-to-date: /home/thiago/Documentos/Robotica/ros2_ws/install/turtlesim/share/turtlesim/msg/Color.idl
[34.039s] -- Up-to-date: /home/thiago/Documentos/Robotica/ros2_ws/install/turtlesim/share/turtlesim/msg/Pose.idl
[34.039s] -- Up-to-date: /home/thiago/Documentos/Robotica/ros2_ws/install/turtlesim/share/turtlesim/srv/Kill.idl
[34.039s] -- Up-to-date: /home/thiago/Documentos/Robotica/ros2_ws/install/turtlesim/share/turtlesim/srv/SetPen.idl
[34.040s] -- Up-to-date: /home/thiago/Documentos/Robotica/ros2_ws/install/turtlesim/share/turtlesim/srv/Spawn.idl
[34.040s] -- Up-to-date: /home/thiago/Documentos/Robotica/ros2_ws/install/turtlesim/share/turtlesim/srv/TeleportAbsolute.idl
[34.040s] -- Up-to-date: /home/thiago/Documentos/Robotica/ros2_ws/install/turtlesim/share/turtlesim/srv/TeleportRelative.idl
[34.041s] -- Up-to-date: /home/thiago/Documentos/Robotica/ros2_ws/install/turtlesim/share/turtlesim/action/RotateAbsolute.action
[34.041s] -- Up-to-date: /home/thiago/Documentos/Robotica/ros2_ws/install/turtlesim/share/turtlesim/msg/Color.msg
[34.041s] -- Up-to-date: /home/thiago/Documentos/Robotica/ros2_ws/install/turtlesim/share/turtlesim/msg/Pose.msg
[34.042s] -- Up-to-date: /home/thiago/Documentos/Robotica/ros2_ws/install/turtlesim/share/turtlesim/srv/Kill.srv
[34.042s] -- Up-to-date: /home/thiago/Documentos/Robotica/ros2_ws/install/turtlesim/share/turtlesim/srv/Kill_Request.msg
[34.042s] -- Up-to-date: /home/thiago/Documentos/Robotica/ros2_ws/install/turtlesim/share/turtlesim/srv/Kill_Response.msg
[34.042s] -- Up-to-date: /home/thiago/Documentos/Robotica/ros2_ws/install/turtlesim/share/turtlesim/srv/SetPen.srv
[34.042s] -- Up-to-date: /home/thiago/Documentos/Robotica/ros2_ws/install/turtlesim/share/turtlesim/srv/SetPen_Request.msg
[34.043s] -- Up-to-date: /home/thiago/Documentos/Robotica/ros2_ws/install/turtlesim/share/turtlesim/srv/SetPen_Response.msg
[34.043s] -- Up-to-date: /home/thiago/Documentos/Robotica/ros2_ws/install/turtlesim/share/turtlesim/srv/Spawn.srv
[34.043s] -- Up-to-date: /home/thiago/Documentos/Robotica/ros2_ws/install/turtlesim/share/turtlesim/srv/Spawn_Request.msg
[34.043s] -- Up-to-date: /home/thiago/Documentos/Robotica/ros2_ws/install/turtlesim/share/turtlesim/srv/Spawn_Response.msg
[34.043s] -- Up-to-date: /home/thiago/Documentos/Robotica/ros2_ws/install/turtlesim/share/turtlesim/srv/TeleportAbsolute.srv
[34.044s] -- Up-to-date: /home/thiago/Documentos/Robotica/ros2_ws/install/turtlesim/share/turtlesim/srv/TeleportAbsolute_Request.msg
[34.044s] -- Up-to-date: /home/thiago/Documentos/Robotica/ros2_ws/install/turtlesim/share/turtlesim/srv/TeleportAbsolute_Response.msg
[34.044s] -- Up-to-date: /home/thiago/Documentos/Robotica/ros2_ws/install/turtlesim/share/turtlesim/srv/TeleportRelative.srv
[34.044s] -- Up-to-date: /home/thiago/Documentos/Robotica/ros2_ws/install/turtlesim/share/turtlesim/srv/TeleportRelative_Request.msg
[34.044s] -- Up-to-date: /home/thiago/Documentos/Robotica/ros2_ws/install/turtlesim/share/turtlesim/srv/TeleportRelative_Response.msg
[34.044s] -- Installing: /home/thiago/Documentos/Robotica/ros2_ws/install/turtlesim/lib/turtlesim/turtlesim_node
[34.067s] -- Set runtime path of "/home/thiago/Documentos/Robotica/ros2_ws/install/turtlesim/lib/turtlesim/turtlesim_node" to ""
[34.067s] -- Up-to-date: /home/thiago/Documentos/Robotica/ros2_ws/install/turtlesim/lib/turtlesim/turtle_teleop_key
[34.068s] -- Up-to-date: /home/thiago/Documentos/Robotica/ros2_ws/install/turtlesim/lib/turtlesim/draw_square
[34.069s] -- Up-to-date: /home/thiago/Documentos/Robotica/ros2_ws/install/turtlesim/lib/turtlesim/mimic
[34.069s] -- Up-to-date: /home/thiago/Documentos/Robotica/ros2_ws/install/turtlesim/share/turtlesim/images
[34.070s] -- Up-to-date: /home/thiago/Documentos/Robotica/ros2_ws/install/turtlesim/share/turtlesim/images/foxy.png
[34.070s] -- Up-to-date: /home/thiago/Documentos/Robotica/ros2_ws/install/turtlesim/share/turtlesim/images/eloquent.png
[34.070s] -- Up-to-date: /home/thiago/Documentos/Robotica/ros2_ws/install/turtlesim/share/turtlesim/images/humble.png
[34.070s] -- Up-to-date: /home/thiago/Documentos/Robotica/ros2_ws/install/turtlesim/share/turtlesim/images/bouncy.png
[34.071s] -- Up-to-date: /home/thiago/Documentos/Robotica/ros2_ws/install/turtlesim/share/turtlesim/images/crystal.png
[34.071s] -- Up-to-date: /home/thiago/Documentos/Robotica/ros2_ws/install/turtlesim/share/turtlesim/images/ardent.png
[34.071s] -- Up-to-date: /home/thiago/Documentos/Robotica/ros2_ws/install/turtlesim/share/turtlesim/images/dashing.png
[34.071s] -- Up-to-date: /home/thiago/Documentos/Robotica/ros2_ws/install/turtlesim/share/turtlesim/images/rolling.png
[34.071s] -- Up-to-date: /home/thiago/Documentos/Robotica/ros2_ws/install/turtlesim/share/turtlesim/images/galactic.png
[34.071s] -- Up-to-date: /home/thiago/Documentos/Robotica/ros2_ws/install/turtlesim/share/turtlesim/launch
[34.072s] -- Up-to-date: /home/thiago/Documentos/Robotica/ros2_ws/install/turtlesim/share/turtlesim/launch/multisim.launch.py
[34.072s] -- Up-to-date: /home/thiago/Documentos/Robotica/ros2_ws/install/turtlesim/share/ament_index/resource_index/package_run_dependencies/turtlesim
[34.072s] -- Up-to-date: /home/thiago/Documentos/Robotica/ros2_ws/install/turtlesim/share/ament_index/resource_index/parent_prefix_path/turtlesim
[34.072s] -- Up-to-date: /home/thiago/Documentos/Robotica/ros2_ws/install/turtlesim/share/turtlesim/environment/ament_prefix_path.sh
[34.073s] -- Up-to-date: /home/thiago/Documentos/Robotica/ros2_ws/install/turtlesim/share/turtlesim/environment/ament_prefix_path.dsv
[34.073s] -- Up-to-date: /home/thiago/Documentos/Robotica/ros2_ws/install/turtlesim/share/turtlesim/environment/path.sh
[34.073s] -- Up-to-date: /home/thiago/Documentos/Robotica/ros2_ws/install/turtlesim/share/turtlesim/environment/path.dsv
[34.073s] -- Up-to-date: /home/thiago/Documentos/Robotica/ros2_ws/install/turtlesim/share/turtlesim/local_setup.bash
[34.073s] -- Up-to-date: /home/thiago/Documentos/Robotica/ros2_ws/install/turtlesim/share/turtlesim/local_setup.sh
[34.073s] -- Up-to-date: /home/thiago/Documentos/Robotica/ros2_ws/install/turtlesim/share/turtlesim/local_setup.zsh
[34.074s] -- Up-to-date: /home/thiago/Documentos/Robotica/ros2_ws/install/turtlesim/share/turtlesim/local_setup.dsv
[34.074s] -- Installing: /home/thiago/Documentos/Robotica/ros2_ws/install/turtlesim/share/turtlesim/package.dsv
[34.074s] -- Up-to-date: /home/thiago/Documentos/Robotica/ros2_ws/install/turtlesim/share/ament_index/resource_index/packages/turtlesim
[34.075s] -- Up-to-date: /home/thiago/Documentos/Robotica/ros2_ws/install/turtlesim/share/turtlesim/cmake/export_turtlesim__rosidl_generator_cExport.cmake
[34.075s] -- Up-to-date: /home/thiago/Documentos/Robotica/ros2_ws/install/turtlesim/share/turtlesim/cmake/export_turtlesim__rosidl_generator_cExport-noconfig.cmake
[34.075s] -- Up-to-date: /home/thiago/Documentos/Robotica/ros2_ws/install/turtlesim/share/turtlesim/cmake/export_turtlesim__rosidl_typesupport_fastrtps_cExport.cmake
[34.076s] -- Up-to-date: /home/thiago/Documentos/Robotica/ros2_ws/install/turtlesim/share/turtlesim/cmake/export_turtlesim__rosidl_typesupport_fastrtps_cExport-noconfig.cmake
[34.077s] -- Up-to-date: /home/thiago/Documentos/Robotica/ros2_ws/install/turtlesim/share/turtlesim/cmake/export_turtlesim__rosidl_generator_cppExport.cmake
[34.078s] -- Up-to-date: /home/thiago/Documentos/Robotica/ros2_ws/install/turtlesim/share/turtlesim/cmake/export_turtlesim__rosidl_typesupport_fastrtps_cppExport.cmake
[34.079s] -- Up-to-date: /home/thiago/Documentos/Robotica/ros2_ws/install/turtlesim/share/turtlesim/cmake/export_turtlesim__rosidl_typesupport_fastrtps_cppExport-noconfig.cmake
[34.079s] -- Up-to-date: /home/thiago/Documentos/Robotica/ros2_ws/install/turtlesim/share/turtlesim/cmake/turtlesim__rosidl_typesupport_introspection_cExport.cmake
[34.080s] -- Up-to-date: /home/thiago/Documentos/Robotica/ros2_ws/install/turtlesim/share/turtlesim/cmake/turtlesim__rosidl_typesupport_introspection_cExport-noconfig.cmake
[34.082s] -- Up-to-date: /home/thiago/Documentos/Robotica/ros2_ws/install/turtlesim/share/turtlesim/cmake/turtlesim__rosidl_typesupport_cExport.cmake
[34.082s] -- Up-to-date: /home/thiago/Documentos/Robotica/ros2_ws/install/turtlesim/share/turtlesim/cmake/turtlesim__rosidl_typesupport_cExport-noconfig.cmake
[34.083s] -- Up-to-date: /home/thiago/Documentos/Robotica/ros2_ws/install/turtlesim/share/turtlesim/cmake/turtlesim__rosidl_typesupport_introspection_cppExport.cmake
[34.083s] -- Up-to-date: /home/thiago/Documentos/Robotica/ros2_ws/install/turtlesim/share/turtlesim/cmake/turtlesim__rosidl_typesupport_introspection_cppExport-noconfig.cmake
[34.083s] -- Up-to-date: /home/thiago/Documentos/Robotica/ros2_ws/install/turtlesim/share/turtlesim/cmake/turtlesim__rosidl_typesupport_cppExport.cmake
[34.083s] -- Up-to-date: /home/thiago/Documentos/Robotica/ros2_ws/install/turtlesim/share/turtlesim/cmake/turtlesim__rosidl_typesupport_cppExport-noconfig.cmake
[34.083s] -- Up-to-date: /home/thiago/Documentos/Robotica/ros2_ws/install/turtlesim/share/turtlesim/cmake/export_turtlesim__rosidl_generator_pyExport.cmake
[34.083s] -- Up-to-date: /home/thiago/Documentos/Robotica/ros2_ws/install/turtlesim/share/turtlesim/cmake/export_turtlesim__rosidl_generator_pyExport-noconfig.cmake
[34.084s] -- Up-to-date: /home/thiago/Documentos/Robotica/ros2_ws/install/turtlesim/share/turtlesim/cmake/rosidl_cmake-extras.cmake
[34.084s] -- Up-to-date: /home/thiago/Documentos/Robotica/ros2_ws/install/turtlesim/share/turtlesim/cmake/ament_cmake_export_dependencies-extras.cmake
[34.085s] -- Up-to-date: /home/thiago/Documentos/Robotica/ros2_ws/install/turtlesim/share/turtlesim/cmake/ament_cmake_export_include_directories-extras.cmake
[34.086s] -- Up-to-date: /home/thiago/Documentos/Robotica/ros2_ws/install/turtlesim/share/turtlesim/cmake/ament_cmake_export_libraries-extras.cmake
[34.086s] -- Up-to-date: /home/thiago/Documentos/Robotica/ros2_ws/install/turtlesim/share/turtlesim/cmake/ament_cmake_export_targets-extras.cmake
[34.087s] -- Up-to-date: /home/thiago/Documentos/Robotica/ros2_ws/install/turtlesim/share/turtlesim/cmake/rosidl_cmake_export_typesupport_targets-extras.cmake
[34.088s] -- Up-to-date: /home/thiago/Documentos/Robotica/ros2_ws/install/turtlesim/share/turtlesim/cmake/rosidl_cmake_export_typesupport_libraries-extras.cmake
[34.088s] -- Up-to-date: /home/thiago/Documentos/Robotica/ros2_ws/install/turtlesim/share/turtlesim/cmake/turtlesimConfig.cmake
[34.088s] -- Up-to-date: /home/thiago/Documentos/Robotica/ros2_ws/install/turtlesim/share/turtlesim/cmake/turtlesimConfig-version.cmake
[34.089s] -- Up-to-date: /home/thiago/Documentos/Robotica/ros2_ws/install/turtlesim/share/turtlesim/package.xml
[34.089s] Invoked command in '/home/thiago/Documentos/Robotica/ros2_ws/build/turtlesim' returned '0': CMAKE_PREFIX_PATH=${CMAKE_PREFIX_PATH}:/opt/ros/humble /usr/bin/cmake --install /home/thiago/Documentos/Robotica/ros2_ws/build/turtlesim
