[0.025s] Invoking command in '/home/thiago/Documentos/Robotica/ros2_ws/build/turtle_control_action': CMAKE_PREFIX_PATH=${CMAKE_PREFIX_PATH}:/home/thiago/Documentos/Robotica/ros2_ws/install/turtle_control_thiago:/home/thiago/Documentos/Robotica/ros2_ws/install/py_pubsub:/opt/ros/humble /usr/bin/cmake --build /home/thiago/Documentos/Robotica/ros2_ws/build/turtle_control_action -- -j2 -l2
[0.114s] [35m[1mConsolidate compiler generated dependencies of target turtle_control_action__rosidl_generator_c[0m
[0.138s] [  9%] Built target turtle_control_action__rosidl_generator_c
[0.159s] [ 12%] Built target turtle_control_action__cpp
[0.183s] [35m[1mConsolidate compiler generated dependencies of target turtle_control_action__rosidl_typesupport_introspection_cpp[0m
[0.206s] [ 12%] Built target ament_cmake_python_copy_turtle_control_action
[0.213s] [ 22%] Built target turtle_control_action__rosidl_typesupport_introspection_cpp
[0.236s] [35m[1mConsolidate compiler generated dependencies of target turtle_control_action__rosidl_typesupport_cpp[0m
[0.236s] [35m[1mConsolidate compiler generated dependencies of target turtle_control_action__rosidl_typesupport_fastrtps_c[0m
[0.263s] [ 41%] Built target turtle_control_action__rosidl_typesupport_cpp
[0.263s] [ 41%] Built target turtle_control_action__rosidl_typesupport_fastrtps_c
[0.284s] [35m[1mConsolidate compiler generated dependencies of target turtle_control_action__rosidl_typesupport_introspection_c[0m
[0.284s] [35m[1mConsolidate compiler generated dependencies of target turtle_control_action__rosidl_typesupport_c[0m
[0.308s] [ 58%] Built target turtle_control_action__rosidl_typesupport_introspection_c
[0.309s] [ 61%] Built target turtle_control_action__rosidl_typesupport_c
[0.335s] [35m[1mConsolidate compiler generated dependencies of target turtle_control_action__rosidl_typesupport_fastrtps_cpp[0m
[0.365s] [ 70%] Built target turtle_control_action__rosidl_typesupport_fastrtps_cpp
[0.410s] [ 70%] Built target turtle_control_action
[0.460s] [ 74%] Built target turtle_control_action__py
[0.484s] [35m[1mConsolidate compiler generated dependencies of target turtle_control_action__rosidl_generator_py[0m
[0.515s] [ 80%] Built target turtle_control_action__rosidl_generator_py
[0.540s] [35m[1mConsolidate compiler generated dependencies of target turtle_control_action__rosidl_typesupport_fastrtps_c__pyext[0m
[0.570s] [ 87%] Built target turtle_control_action__rosidl_typesupport_fastrtps_c__pyext
[0.594s] [35m[1mConsolidate compiler generated dependencies of target turtle_control_action__rosidl_typesupport_introspection_c__pyext[0m
[0.626s] [ 93%] Built target turtle_control_action__rosidl_typesupport_introspection_c__pyext
[0.652s] [35m[1mConsolidate compiler generated dependencies of target turtle_control_action__rosidl_typesupport_c__pyext[0m
[0.681s] [100%] Built target turtle_control_action__rosidl_typesupport_c__pyext
[0.950s] running egg_info
[0.952s] writing turtle_control_action.egg-info/PKG-INFO
[0.953s] writing dependency_links to turtle_control_action.egg-info/dependency_links.txt
[0.953s] writing top-level names to turtle_control_action.egg-info/top_level.txt
[0.957s] reading manifest file 'turtle_control_action.egg-info/SOURCES.txt'
[0.959s] writing manifest file 'turtle_control_action.egg-info/SOURCES.txt'
[1.028s] [100%] Built target ament_cmake_python_build_turtle_control_action_egg
[1.055s] Invoked command in '/home/thiago/Documentos/Robotica/ros2_ws/build/turtle_control_action' returned '0': CMAKE_PREFIX_PATH=${CMAKE_PREFIX_PATH}:/home/thiago/Documentos/Robotica/ros2_ws/install/turtle_control_thiago:/home/thiago/Documentos/Robotica/ros2_ws/install/py_pubsub:/opt/ros/humble /usr/bin/cmake --build /home/thiago/Documentos/Robotica/ros2_ws/build/turtle_control_action -- -j2 -l2
[1.078s] Invoking command in '/home/thiago/Documentos/Robotica/ros2_ws/build/turtle_control_action': CMAKE_PREFIX_PATH=${CMAKE_PREFIX_PATH}:/home/thiago/Documentos/Robotica/ros2_ws/install/turtle_control_thiago:/home/thiago/Documentos/Robotica/ros2_ws/install/py_pubsub:/opt/ros/humble /usr/bin/cmake --install /home/thiago/Documentos/Robotica/ros2_ws/build/turtle_control_action
[1.095s] -- Install configuration: ""
[1.095s] -- Up-to-date: /home/thiago/Documentos/Robotica/ros2_ws/install/turtle_control_action/share/ament_index/resource_index/rosidl_interfaces/turtle_control_action
[1.096s] -- Up-to-date: /home/thiago/Documentos/Robotica/ros2_ws/install/turtle_control_action/include/turtle_control_action/turtle_control_action
[1.096s] -- Up-to-date: /home/thiago/Documentos/Robotica/ros2_ws/install/turtle_control_action/include/turtle_control_action/turtle_control_action/action
[1.096s] -- Up-to-date: /home/thiago/Documentos/Robotica/ros2_ws/install/turtle_control_action/include/turtle_control_action/turtle_control_action/action/navigate.h
[1.096s] -- Up-to-date: /home/thiago/Documentos/Robotica/ros2_ws/install/turtle_control_action/include/turtle_control_action/turtle_control_action/action/detail
[1.097s] -- Up-to-date: /home/thiago/Documentos/Robotica/ros2_ws/install/turtle_control_action/include/turtle_control_action/turtle_control_action/action/detail/navigate__functions.h
[1.097s] -- Up-to-date: /home/thiago/Documentos/Robotica/ros2_ws/install/turtle_control_action/include/turtle_control_action/turtle_control_action/action/detail/navigate__type_support.h
[1.097s] -- Up-to-date: /home/thiago/Documentos/Robotica/ros2_ws/install/turtle_control_action/include/turtle_control_action/turtle_control_action/action/detail/navigate__struct.h
[1.097s] -- Up-to-date: /home/thiago/Documentos/Robotica/ros2_ws/install/turtle_control_action/include/turtle_control_action/turtle_control_action/action/detail/navigate__functions.c
[1.098s] -- Up-to-date: /home/thiago/Documentos/Robotica/ros2_ws/install/turtle_control_action/include/turtle_control_action/turtle_control_action/msg
[1.098s] -- Up-to-date: /home/thiago/Documentos/Robotica/ros2_ws/install/turtle_control_action/include/turtle_control_action/turtle_control_action/msg/rosidl_generator_c__visibility_control.h
[1.098s] -- Up-to-date: /home/thiago/Documentos/Robotica/ros2_ws/install/turtle_control_action/share/turtle_control_action/environment/library_path.sh
[1.098s] -- Up-to-date: /home/thiago/Documentos/Robotica/ros2_ws/install/turtle_control_action/share/turtle_control_action/environment/library_path.dsv
[1.099s] -- Up-to-date: /home/thiago/Documentos/Robotica/ros2_ws/install/turtle_control_action/lib/libturtle_control_action__rosidl_generator_c.so
[1.099s] -- Up-to-date: /home/thiago/Documentos/Robotica/ros2_ws/install/turtle_control_action/include/turtle_control_action/turtle_control_action
[1.099s] -- Up-to-date: /home/thiago/Documentos/Robotica/ros2_ws/install/turtle_control_action/include/turtle_control_action/turtle_control_action/action
[1.099s] -- Up-to-date: /home/thiago/Documentos/Robotica/ros2_ws/install/turtle_control_action/include/turtle_control_action/turtle_control_action/action/detail
[1.099s] -- Up-to-date: /home/thiago/Documentos/Robotica/ros2_ws/install/turtle_control_action/include/turtle_control_action/turtle_control_action/action/detail/navigate__rosidl_typesupport_fastrtps_c.h
[1.100s] -- Up-to-date: /home/thiago/Documentos/Robotica/ros2_ws/install/turtle_control_action/include/turtle_control_action/turtle_control_action/msg
[1.100s] -- Up-to-date: /home/thiago/Documentos/Robotica/ros2_ws/install/turtle_control_action/include/turtle_control_action/turtle_control_action/msg/rosidl_typesupport_fastrtps_c__visibility_control.h
[1.100s] -- Up-to-date: /home/thiago/Documentos/Robotica/ros2_ws/install/turtle_control_action/lib/libturtle_control_action__rosidl_typesupport_fastrtps_c.so
[1.100s] -- Up-to-date: /home/thiago/Documentos/Robotica/ros2_ws/install/turtle_control_action/include/turtle_control_action/turtle_control_action
[1.100s] -- Up-to-date: /home/thiago/Documentos/Robotica/ros2_ws/install/turtle_control_action/include/turtle_control_action/turtle_control_action/action
[1.101s] -- Up-to-date: /home/thiago/Documentos/Robotica/ros2_ws/install/turtle_control_action/include/turtle_control_action/turtle_control_action/action/detail
[1.101s] -- Up-to-date: /home/thiago/Documentos/Robotica/ros2_ws/install/turtle_control_action/include/turtle_control_action/turtle_control_action/action/detail/navigate__rosidl_typesupport_introspection_c.h
[1.101s] -- Up-to-date: /home/thiago/Documentos/Robotica/ros2_ws/install/turtle_control_action/include/turtle_control_action/turtle_control_action/action/detail/navigate__type_support.c
[1.101s] -- Up-to-date: /home/thiago/Documentos/Robotica/ros2_ws/install/turtle_control_action/include/turtle_control_action/turtle_control_action/msg
[1.101s] -- Up-to-date: /home/thiago/Documentos/Robotica/ros2_ws/install/turtle_control_action/include/turtle_control_action/turtle_control_action/msg/rosidl_typesupport_introspection_c__visibility_control.h
[1.102s] -- Up-to-date: /home/thiago/Documentos/Robotica/ros2_ws/install/turtle_control_action/lib/libturtle_control_action__rosidl_typesupport_introspection_c.so
[1.102s] -- Up-to-date: /home/thiago/Documentos/Robotica/ros2_ws/install/turtle_control_action/lib/libturtle_control_action__rosidl_typesupport_c.so
[1.102s] -- Up-to-date: /home/thiago/Documentos/Robotica/ros2_ws/install/turtle_control_action/include/turtle_control_action/turtle_control_action
[1.102s] -- Up-to-date: /home/thiago/Documentos/Robotica/ros2_ws/install/turtle_control_action/include/turtle_control_action/turtle_control_action/action
[1.103s] -- Up-to-date: /home/thiago/Documentos/Robotica/ros2_ws/install/turtle_control_action/include/turtle_control_action/turtle_control_action/action/navigate.hpp
[1.103s] -- Up-to-date: /home/thiago/Documentos/Robotica/ros2_ws/install/turtle_control_action/include/turtle_control_action/turtle_control_action/action/detail
[1.103s] -- Up-to-date: /home/thiago/Documentos/Robotica/ros2_ws/install/turtle_control_action/include/turtle_control_action/turtle_control_action/action/detail/navigate__struct.hpp
[1.103s] -- Up-to-date: /home/thiago/Documentos/Robotica/ros2_ws/install/turtle_control_action/include/turtle_control_action/turtle_control_action/action/detail/navigate__type_support.hpp
[1.104s] -- Up-to-date: /home/thiago/Documentos/Robotica/ros2_ws/install/turtle_control_action/include/turtle_control_action/turtle_control_action/action/detail/navigate__traits.hpp
[1.104s] -- Up-to-date: /home/thiago/Documentos/Robotica/ros2_ws/install/turtle_control_action/include/turtle_control_action/turtle_control_action/action/detail/navigate__builder.hpp
[1.104s] -- Up-to-date: /home/thiago/Documentos/Robotica/ros2_ws/install/turtle_control_action/include/turtle_control_action/turtle_control_action/msg
[1.104s] -- Up-to-date: /home/thiago/Documentos/Robotica/ros2_ws/install/turtle_control_action/include/turtle_control_action/turtle_control_action/msg/rosidl_generator_cpp__visibility_control.hpp
[1.104s] -- Up-to-date: /home/thiago/Documentos/Robotica/ros2_ws/install/turtle_control_action/include/turtle_control_action/turtle_control_action
[1.105s] -- Up-to-date: /home/thiago/Documentos/Robotica/ros2_ws/install/turtle_control_action/include/turtle_control_action/turtle_control_action/action
[1.105s] -- Up-to-date: /home/thiago/Documentos/Robotica/ros2_ws/install/turtle_control_action/include/turtle_control_action/turtle_control_action/action/detail
[1.105s] -- Up-to-date: /home/thiago/Documentos/Robotica/ros2_ws/install/turtle_control_action/include/turtle_control_action/turtle_control_action/action/detail/dds_fastrtps
[1.105s] -- Up-to-date: /home/thiago/Documentos/Robotica/ros2_ws/install/turtle_control_action/include/turtle_control_action/turtle_control_action/action/detail/navigate__rosidl_typesupport_fastrtps_cpp.hpp
[1.105s] -- Up-to-date: /home/thiago/Documentos/Robotica/ros2_ws/install/turtle_control_action/include/turtle_control_action/turtle_control_action/msg
[1.106s] -- Up-to-date: /home/thiago/Documentos/Robotica/ros2_ws/install/turtle_control_action/include/turtle_control_action/turtle_control_action/msg/rosidl_typesupport_fastrtps_cpp__visibility_control.h
[1.106s] -- Up-to-date: /home/thiago/Documentos/Robotica/ros2_ws/install/turtle_control_action/lib/libturtle_control_action__rosidl_typesupport_fastrtps_cpp.so
[1.106s] -- Up-to-date: /home/thiago/Documentos/Robotica/ros2_ws/install/turtle_control_action/include/turtle_control_action/turtle_control_action
[1.106s] -- Up-to-date: /home/thiago/Documentos/Robotica/ros2_ws/install/turtle_control_action/include/turtle_control_action/turtle_control_action/action
[1.106s] -- Up-to-date: /home/thiago/Documentos/Robotica/ros2_ws/install/turtle_control_action/include/turtle_control_action/turtle_control_action/action/detail
[1.107s] -- Up-to-date: /home/thiago/Documentos/Robotica/ros2_ws/install/turtle_control_action/include/turtle_control_action/turtle_control_action/action/detail/navigate__type_support.cpp
[1.107s] -- Up-to-date: /home/thiago/Documentos/Robotica/ros2_ws/install/turtle_control_action/include/turtle_control_action/turtle_control_action/action/detail/navigate__rosidl_typesupport_introspection_cpp.hpp
[1.107s] -- Up-to-date: /home/thiago/Documentos/Robotica/ros2_ws/install/turtle_control_action/lib/libturtle_control_action__rosidl_typesupport_introspection_cpp.so
[1.107s] -- Up-to-date: /home/thiago/Documentos/Robotica/ros2_ws/install/turtle_control_action/lib/libturtle_control_action__rosidl_typesupport_cpp.so
[1.108s] -- Up-to-date: /home/thiago/Documentos/Robotica/ros2_ws/install/turtle_control_action/share/turtle_control_action/environment/pythonpath.sh
[1.108s] -- Up-to-date: /home/thiago/Documentos/Robotica/ros2_ws/install/turtle_control_action/share/turtle_control_action/environment/pythonpath.dsv
[1.108s] -- Up-to-date: /home/thiago/Documentos/Robotica/ros2_ws/install/turtle_control_action/local/lib/python3.10/dist-packages/turtle_control_action-0.0.0-py3.10.egg-info
[1.108s] -- Installing: /home/thiago/Documentos/Robotica/ros2_ws/install/turtle_control_action/local/lib/python3.10/dist-packages/turtle_control_action-0.0.0-py3.10.egg-info/dependency_links.txt
[1.108s] -- Installing: /home/thiago/Documentos/Robotica/ros2_ws/install/turtle_control_action/local/lib/python3.10/dist-packages/turtle_control_action-0.0.0-py3.10.egg-info/SOURCES.txt
[1.109s] -- Installing: /home/thiago/Documentos/Robotica/ros2_ws/install/turtle_control_action/local/lib/python3.10/dist-packages/turtle_control_action-0.0.0-py3.10.egg-info/top_level.txt
[1.109s] -- Installing: /home/thiago/Documentos/Robotica/ros2_ws/install/turtle_control_action/local/lib/python3.10/dist-packages/turtle_control_action-0.0.0-py3.10.egg-info/PKG-INFO
[1.109s] -- Up-to-date: /home/thiago/Documentos/Robotica/ros2_ws/install/turtle_control_action/local/lib/python3.10/dist-packages/turtle_control_action
[1.109s] -- Up-to-date: /home/thiago/Documentos/Robotica/ros2_ws/install/turtle_control_action/local/lib/python3.10/dist-packages/turtle_control_action/__init__.py
[1.110s] -- Up-to-date: /home/thiago/Documentos/Robotica/ros2_ws/install/turtle_control_action/local/lib/python3.10/dist-packages/turtle_control_action/action
[1.110s] -- Up-to-date: /home/thiago/Documentos/Robotica/ros2_ws/install/turtle_control_action/local/lib/python3.10/dist-packages/turtle_control_action/action/__init__.py
[1.110s] -- Up-to-date: /home/thiago/Documentos/Robotica/ros2_ws/install/turtle_control_action/local/lib/python3.10/dist-packages/turtle_control_action/action/_navigate.py
[1.110s] -- Up-to-date: /home/thiago/Documentos/Robotica/ros2_ws/install/turtle_control_action/local/lib/python3.10/dist-packages/turtle_control_action/action/_navigate_s.c
[1.110s] -- Up-to-date: /home/thiago/Documentos/Robotica/ros2_ws/install/turtle_control_action/local/lib/python3.10/dist-packages/turtle_control_action/_turtle_control_action_s.ep.rosidl_typesupport_introspection_c.c
[1.110s] -- Up-to-date: /home/thiago/Documentos/Robotica/ros2_ws/install/turtle_control_action/local/lib/python3.10/dist-packages/turtle_control_action/_turtle_control_action_s.ep.rosidl_typesupport_c.c
[1.111s] -- Up-to-date: /home/thiago/Documentos/Robotica/ros2_ws/install/turtle_control_action/local/lib/python3.10/dist-packages/turtle_control_action/turtle_control_action_s__rosidl_typesupport_fastrtps_c.cpython-310-x86_64-linux-gnu.so
[1.111s] -- Up-to-date: /home/thiago/Documentos/Robotica/ros2_ws/install/turtle_control_action/local/lib/python3.10/dist-packages/turtle_control_action/libturtle_control_action__rosidl_generator_py.so
[1.111s] -- Up-to-date: /home/thiago/Documentos/Robotica/ros2_ws/install/turtle_control_action/local/lib/python3.10/dist-packages/turtle_control_action/turtle_control_action_s__rosidl_typesupport_c.cpython-310-x86_64-linux-gnu.so
[1.111s] -- Up-to-date: /home/thiago/Documentos/Robotica/ros2_ws/install/turtle_control_action/local/lib/python3.10/dist-packages/turtle_control_action/_turtle_control_action_s.ep.rosidl_typesupport_fastrtps_c.c
[1.111s] -- Up-to-date: /home/thiago/Documentos/Robotica/ros2_ws/install/turtle_control_action/local/lib/python3.10/dist-packages/turtle_control_action/turtle_control_action_s__rosidl_typesupport_introspection_c.cpython-310-x86_64-linux-gnu.so
[1.183s] Listing '/home/thiago/Documentos/Robotica/ros2_ws/install/turtle_control_action/local/lib/python3.10/dist-packages/turtle_control_action'...
[1.183s] Listing '/home/thiago/Documentos/Robotica/ros2_ws/install/turtle_control_action/local/lib/python3.10/dist-packages/turtle_control_action/action'...
[1.195s] -- Up-to-date: /home/thiago/Documentos/Robotica/ros2_ws/install/turtle_control_action/local/lib/python3.10/dist-packages/turtle_control_action/turtle_control_action_s__rosidl_typesupport_fastrtps_c.cpython-310-x86_64-linux-gnu.so
[1.195s] -- Up-to-date: /home/thiago/Documentos/Robotica/ros2_ws/install/turtle_control_action/local/lib/python3.10/dist-packages/turtle_control_action/turtle_control_action_s__rosidl_typesupport_introspection_c.cpython-310-x86_64-linux-gnu.so
[1.196s] -- Up-to-date: /home/thiago/Documentos/Robotica/ros2_ws/install/turtle_control_action/local/lib/python3.10/dist-packages/turtle_control_action/turtle_control_action_s__rosidl_typesupport_c.cpython-310-x86_64-linux-gnu.so
[1.197s] -- Up-to-date: /home/thiago/Documentos/Robotica/ros2_ws/install/turtle_control_action/lib/libturtle_control_action__rosidl_generator_py.so
[1.198s] -- Up-to-date: /home/thiago/Documentos/Robotica/ros2_ws/install/turtle_control_action/share/turtle_control_action/action/Navigate.idl
[1.198s] -- Up-to-date: /home/thiago/Documentos/Robotica/ros2_ws/install/turtle_control_action/share/turtle_control_action/action/Navigate.action
[1.198s] -- Up-to-date: /home/thiago/Documentos/Robotica/ros2_ws/install/turtle_control_action/share/ament_index/resource_index/package_run_dependencies/turtle_control_action
[1.198s] -- Up-to-date: /home/thiago/Documentos/Robotica/ros2_ws/install/turtle_control_action/share/ament_index/resource_index/parent_prefix_path/turtle_control_action
[1.199s] -- Up-to-date: /home/thiago/Documentos/Robotica/ros2_ws/install/turtle_control_action/share/turtle_control_action/environment/ament_prefix_path.sh
[1.199s] -- Up-to-date: /home/thiago/Documentos/Robotica/ros2_ws/install/turtle_control_action/share/turtle_control_action/environment/ament_prefix_path.dsv
[1.199s] -- Up-to-date: /home/thiago/Documentos/Robotica/ros2_ws/install/turtle_control_action/share/turtle_control_action/environment/path.sh
[1.199s] -- Up-to-date: /home/thiago/Documentos/Robotica/ros2_ws/install/turtle_control_action/share/turtle_control_action/environment/path.dsv
[1.200s] -- Up-to-date: /home/thiago/Documentos/Robotica/ros2_ws/install/turtle_control_action/share/turtle_control_action/local_setup.bash
[1.200s] -- Up-to-date: /home/thiago/Documentos/Robotica/ros2_ws/install/turtle_control_action/share/turtle_control_action/local_setup.sh
[1.200s] -- Up-to-date: /home/thiago/Documentos/Robotica/ros2_ws/install/turtle_control_action/share/turtle_control_action/local_setup.zsh
[1.201s] -- Up-to-date: /home/thiago/Documentos/Robotica/ros2_ws/install/turtle_control_action/share/turtle_control_action/local_setup.dsv
[1.201s] -- Installing: /home/thiago/Documentos/Robotica/ros2_ws/install/turtle_control_action/share/turtle_control_action/package.dsv
[1.201s] -- Up-to-date: /home/thiago/Documentos/Robotica/ros2_ws/install/turtle_control_action/share/ament_index/resource_index/packages/turtle_control_action
[1.202s] -- Up-to-date: /home/thiago/Documentos/Robotica/ros2_ws/install/turtle_control_action/share/turtle_control_action/cmake/export_turtle_control_action__rosidl_generator_cExport.cmake
[1.202s] -- Up-to-date: /home/thiago/Documentos/Robotica/ros2_ws/install/turtle_control_action/share/turtle_control_action/cmake/export_turtle_control_action__rosidl_generator_cExport-noconfig.cmake
[1.203s] -- Up-to-date: /home/thiago/Documentos/Robotica/ros2_ws/install/turtle_control_action/share/turtle_control_action/cmake/export_turtle_control_action__rosidl_typesupport_fastrtps_cExport.cmake
[1.203s] -- Up-to-date: /home/thiago/Documentos/Robotica/ros2_ws/install/turtle_control_action/share/turtle_control_action/cmake/export_turtle_control_action__rosidl_typesupport_fastrtps_cExport-noconfig.cmake
[1.203s] -- Up-to-date: /home/thiago/Documentos/Robotica/ros2_ws/install/turtle_control_action/share/turtle_control_action/cmake/turtle_control_action__rosidl_typesupport_introspection_cExport.cmake
[1.203s] -- Up-to-date: /home/thiago/Documentos/Robotica/ros2_ws/install/turtle_control_action/share/turtle_control_action/cmake/turtle_control_action__rosidl_typesupport_introspection_cExport-noconfig.cmake
[1.204s] -- Up-to-date: /home/thiago/Documentos/Robotica/ros2_ws/install/turtle_control_action/share/turtle_control_action/cmake/turtle_control_action__rosidl_typesupport_cExport.cmake
[1.204s] -- Up-to-date: /home/thiago/Documentos/Robotica/ros2_ws/install/turtle_control_action/share/turtle_control_action/cmake/turtle_control_action__rosidl_typesupport_cExport-noconfig.cmake
[1.204s] -- Up-to-date: /home/thiago/Documentos/Robotica/ros2_ws/install/turtle_control_action/share/turtle_control_action/cmake/export_turtle_control_action__rosidl_generator_cppExport.cmake
[1.204s] -- Up-to-date: /home/thiago/Documentos/Robotica/ros2_ws/install/turtle_control_action/share/turtle_control_action/cmake/export_turtle_control_action__rosidl_typesupport_fastrtps_cppExport.cmake
[1.204s] -- Up-to-date: /home/thiago/Documentos/Robotica/ros2_ws/install/turtle_control_action/share/turtle_control_action/cmake/export_turtle_control_action__rosidl_typesupport_fastrtps_cppExport-noconfig.cmake
[1.204s] -- Up-to-date: /home/thiago/Documentos/Robotica/ros2_ws/install/turtle_control_action/share/turtle_control_action/cmake/turtle_control_action__rosidl_typesupport_introspection_cppExport.cmake
[1.205s] -- Up-to-date: /home/thiago/Documentos/Robotica/ros2_ws/install/turtle_control_action/share/turtle_control_action/cmake/turtle_control_action__rosidl_typesupport_introspection_cppExport-noconfig.cmake
[1.205s] -- Up-to-date: /home/thiago/Documentos/Robotica/ros2_ws/install/turtle_control_action/share/turtle_control_action/cmake/turtle_control_action__rosidl_typesupport_cppExport.cmake
[1.205s] -- Up-to-date: /home/thiago/Documentos/Robotica/ros2_ws/install/turtle_control_action/share/turtle_control_action/cmake/turtle_control_action__rosidl_typesupport_cppExport-noconfig.cmake
[1.205s] -- Up-to-date: /home/thiago/Documentos/Robotica/ros2_ws/install/turtle_control_action/share/turtle_control_action/cmake/export_turtle_control_action__rosidl_generator_pyExport.cmake
[1.205s] -- Up-to-date: /home/thiago/Documentos/Robotica/ros2_ws/install/turtle_control_action/share/turtle_control_action/cmake/export_turtle_control_action__rosidl_generator_pyExport-noconfig.cmake
[1.205s] -- Up-to-date: /home/thiago/Documentos/Robotica/ros2_ws/install/turtle_control_action/share/turtle_control_action/cmake/rosidl_cmake-extras.cmake
[1.206s] -- Up-to-date: /home/thiago/Documentos/Robotica/ros2_ws/install/turtle_control_action/share/turtle_control_action/cmake/ament_cmake_export_dependencies-extras.cmake
[1.206s] -- Up-to-date: /home/thiago/Documentos/Robotica/ros2_ws/install/turtle_control_action/share/turtle_control_action/cmake/ament_cmake_export_include_directories-extras.cmake
[1.206s] -- Up-to-date: /home/thiago/Documentos/Robotica/ros2_ws/install/turtle_control_action/share/turtle_control_action/cmake/ament_cmake_export_libraries-extras.cmake
[1.206s] -- Up-to-date: /home/thiago/Documentos/Robotica/ros2_ws/install/turtle_control_action/share/turtle_control_action/cmake/ament_cmake_export_targets-extras.cmake
[1.207s] -- Up-to-date: /home/thiago/Documentos/Robotica/ros2_ws/install/turtle_control_action/share/turtle_control_action/cmake/rosidl_cmake_export_typesupport_targets-extras.cmake
[1.207s] -- Up-to-date: /home/thiago/Documentos/Robotica/ros2_ws/install/turtle_control_action/share/turtle_control_action/cmake/rosidl_cmake_export_typesupport_libraries-extras.cmake
[1.207s] -- Up-to-date: /home/thiago/Documentos/Robotica/ros2_ws/install/turtle_control_action/share/turtle_control_action/cmake/turtle_control_actionConfig.cmake
[1.208s] -- Up-to-date: /home/thiago/Documentos/Robotica/ros2_ws/install/turtle_control_action/share/turtle_control_action/cmake/turtle_control_actionConfig-version.cmake
[1.208s] -- Up-to-date: /home/thiago/Documentos/Robotica/ros2_ws/install/turtle_control_action/share/turtle_control_action/package.xml
[1.209s] Invoked command in '/home/thiago/Documentos/Robotica/ros2_ws/build/turtle_control_action' returned '0': CMAKE_PREFIX_PATH=${CMAKE_PREFIX_PATH}:/home/thiago/Documentos/Robotica/ros2_ws/install/turtle_control_thiago:/home/thiago/Documentos/Robotica/ros2_ws/install/py_pubsub:/opt/ros/humble /usr/bin/cmake --install /home/thiago/Documentos/Robotica/ros2_ws/build/turtle_control_action
