[1.510s] Invoking command in '/home/thiago/Documentos/Robotica/ros2_ws/src/turtle_control_thiago': PYTHONPATH=/home/thiago/Documentos/Robotica/ros2_ws/build/turtle_control_thiago/prefix_override:/usr/lib/python3/dist-packages/colcon_core/task/python/colcon_distutils_commands:/home/thiago/Documentos/Robotica/ros2_ws/install/turtle_control_thiago/lib/python3.10/site-packages:${PYTHONPATH} /usr/bin/python3 -W ignore:setup.py install is deprecated -W ignore:easy_install command is deprecated setup.py egg_info --egg-base ../../build/turtle_control_thiago build --build-base /home/thiago/Documentos/Robotica/ros2_ws/build/turtle_control_thiago/build install --record /home/thiago/Documentos/Robotica/ros2_ws/build/turtle_control_thiago/install.log --single-version-externally-managed install_data
[2.075s] running egg_info
[2.077s] writing ../../build/turtle_control_thiago/turtle_control_thiago.egg-info/PKG-INFO
[2.077s] writing dependency_links to ../../build/turtle_control_thiago/turtle_control_thiago.egg-info/dependency_links.txt
[2.077s] writing entry points to ../../build/turtle_control_thiago/turtle_control_thiago.egg-info/entry_points.txt
[2.078s] writing requirements to ../../build/turtle_control_thiago/turtle_control_thiago.egg-info/requires.txt
[2.078s] writing top-level names to ../../build/turtle_control_thiago/turtle_control_thiago.egg-info/top_level.txt
[2.081s] reading manifest file '../../build/turtle_control_thiago/turtle_control_thiago.egg-info/SOURCES.txt'
[2.083s] writing manifest file '../../build/turtle_control_thiago/turtle_control_thiago.egg-info/SOURCES.txt'
[2.083s] running build
[2.084s] running build_py
[2.084s] copying turtle_control_thiago/turtle_control.py -> /home/thiago/Documentos/Robotica/ros2_ws/build/turtle_control_thiago/build/lib/turtle_control_thiago
[2.084s] running install
[2.085s] running install_lib
[2.087s] copying /home/thiago/Documentos/Robotica/ros2_ws/build/turtle_control_thiago/build/lib/turtle_control_thiago/turtle_control.py -> /home/thiago/Documentos/Robotica/ros2_ws/install/turtle_control_thiago/lib/python3.10/site-packages/turtle_control_thiago
[2.088s] byte-compiling /home/thiago/Documentos/Robotica/ros2_ws/install/turtle_control_thiago/lib/python3.10/site-packages/turtle_control_thiago/turtle_control.py to turtle_control.cpython-310.pyc
[2.091s] running install_data
[2.091s] running install_egg_info
[2.097s] removing '/home/thiago/Documentos/Robotica/ros2_ws/install/turtle_control_thiago/lib/python3.10/site-packages/turtle_control_thiago-0.0.0-py3.10.egg-info' (and everything under it)
[2.097s] Copying ../../build/turtle_control_thiago/turtle_control_thiago.egg-info to /home/thiago/Documentos/Robotica/ros2_ws/install/turtle_control_thiago/lib/python3.10/site-packages/turtle_control_thiago-0.0.0-py3.10.egg-info
[2.099s] running install_scripts
[2.143s] Installing goal_publisher script to /home/thiago/Documentos/Robotica/ros2_ws/install/turtle_control_thiago/lib/turtle_control_thiago
[2.145s] Installing turtle_control script to /home/thiago/Documentos/Robotica/ros2_ws/install/turtle_control_thiago/lib/turtle_control_thiago
[2.145s] writing list of installed files to '/home/thiago/Documentos/Robotica/ros2_ws/build/turtle_control_thiago/install.log'
[2.211s] Invoked command in '/home/thiago/Documentos/Robotica/ros2_ws/src/turtle_control_thiago' returned '0': PYTHONPATH=/home/thiago/Documentos/Robotica/ros2_ws/build/turtle_control_thiago/prefix_override:/usr/lib/python3/dist-packages/colcon_core/task/python/colcon_distutils_commands:/home/thiago/Documentos/Robotica/ros2_ws/install/turtle_control_thiago/lib/python3.10/site-packages:${PYTHONPATH} /usr/bin/python3 -W ignore:setup.py install is deprecated -W ignore:easy_install command is deprecated setup.py egg_info --egg-base ../../build/turtle_control_thiago build --build-base /home/thiago/Documentos/Robotica/ros2_ws/build/turtle_control_thiago/build install --record /home/thiago/Documentos/Robotica/ros2_ws/build/turtle_control_thiago/install.log --single-version-externally-managed install_data
