[1.613s] Invoking command in '/home/thiago/Documentos/Robotica/ros2_ws/src/py_pubsub': PYTHONPATH=/home/thiago/Documentos/Robotica/ros2_ws/build/py_pubsub/prefix_override:/usr/lib/python3/dist-packages/colcon_core/task/python/colcon_distutils_commands:/home/thiago/Documentos/Robotica/ros2_ws/install/py_pubsub/lib/python3.10/site-packages:${PYTHONPATH} /usr/bin/python3 -W ignore:setup.py install is deprecated -W ignore:easy_install command is deprecated setup.py egg_info --egg-base ../../build/py_pubsub build --build-base /home/thiago/Documentos/Robotica/ros2_ws/build/py_pubsub/build install --record /home/thiago/Documentos/Robotica/ros2_ws/build/py_pubsub/install.log --single-version-externally-managed install_data
[2.183s] running egg_info
[2.185s] writing ../../build/py_pubsub/py_pubsub.egg-info/PKG-INFO
[2.189s] writing dependency_links to ../../build/py_pubsub/py_pubsub.egg-info/dependency_links.txt
[2.191s] writing entry points to ../../build/py_pubsub/py_pubsub.egg-info/entry_points.txt
[2.191s] writing requirements to ../../build/py_pubsub/py_pubsub.egg-info/requires.txt
[2.191s] writing top-level names to ../../build/py_pubsub/py_pubsub.egg-info/top_level.txt
[2.194s] reading manifest file '../../build/py_pubsub/py_pubsub.egg-info/SOURCES.txt'
[2.196s] adding license file 'LICENSE'
[2.196s] writing manifest file '../../build/py_pubsub/py_pubsub.egg-info/SOURCES.txt'
[2.197s] running build
[2.198s] running build_py
[2.199s] running install
[2.200s] running install_lib
[2.204s] running install_data
[2.205s] running install_egg_info
[2.211s] removing '/home/thiago/Documentos/Robotica/ros2_ws/install/py_pubsub/lib/python3.10/site-packages/py_pubsub-0.0.0-py3.10.egg-info' (and everything under it)
[2.212s] Copying ../../build/py_pubsub/py_pubsub.egg-info to /home/thiago/Documentos/Robotica/ros2_ws/install/py_pubsub/lib/python3.10/site-packages/py_pubsub-0.0.0-py3.10.egg-info
[2.214s] running install_scripts
[2.261s] Installing listener script to /home/thiago/Documentos/Robotica/ros2_ws/install/py_pubsub/lib/py_pubsub
[2.262s] Installing talker script to /home/thiago/Documentos/Robotica/ros2_ws/install/py_pubsub/lib/py_pubsub
[2.262s] writing list of installed files to '/home/thiago/Documentos/Robotica/ros2_ws/build/py_pubsub/install.log'
[2.331s] Invoked command in '/home/thiago/Documentos/Robotica/ros2_ws/src/py_pubsub' returned '0': PYTHONPATH=/home/thiago/Documentos/Robotica/ros2_ws/build/py_pubsub/prefix_override:/usr/lib/python3/dist-packages/colcon_core/task/python/colcon_distutils_commands:/home/thiago/Documentos/Robotica/ros2_ws/install/py_pubsub/lib/python3.10/site-packages:${PYTHONPATH} /usr/bin/python3 -W ignore:setup.py install is deprecated -W ignore:easy_install command is deprecated setup.py egg_info --egg-base ../../build/py_pubsub build --build-base /home/thiago/Documentos/Robotica/ros2_ws/build/py_pubsub/build install --record /home/thiago/Documentos/Robotica/ros2_ws/build/py_pubsub/install.log --single-version-externally-managed install_data
