[  9%] Built target turtle_control_action__rosidl_generator_c
[ 12%] Built target turtle_control_action__cpp
[ 22%] Built target turtle_control_action__rosidl_typesupport_introspection_cpp
[ 22%] Built target ament_cmake_python_copy_turtle_control_action
[ 32%] Built target turtle_control_action__rosidl_typesupport_cpp
[ 41%] Built target turtle_control_action__rosidl_typesupport_fastrtps_c
[ 51%] Built target turtle_control_action__rosidl_typesupport_introspection_c
[ 61%] Built target turtle_control_action__rosidl_typesupport_c
[ 70%] Built target turtle_control_action__rosidl_typesupport_fastrtps_cpp
[ 70%] Built target turtle_control_action
[ 74%] Built target turtle_control_action__py
[ 80%] Built target turtle_control_action__rosidl_generator_py
[ 87%] Built target turtle_control_action__rosidl_typesupport_fastrtps_c__pyext
[ 93%] Built target turtle_control_action__rosidl_typesupport_introspection_c__pyext
[100%] Built target turtle_control_action__rosidl_typesupport_c__pyext
running egg_info
writing turtle_control_action.egg-info/PKG-INFO
writing dependency_links to turtle_control_action.egg-info/dependency_links.txt
writing top-level names to turtle_control_action.egg-info/top_level.txt
reading manifest file 'turtle_control_action.egg-info/SOURCES.txt'
writing manifest file 'turtle_control_action.egg-info/SOURCES.txt'
[100%] Built target ament_cmake_python_build_turtle_control_action_egg
-- Install configuration: ""
-- Up-to-date: /home/thiago/Documentos/Robotica/ros2_ws/install/turtle_control_action/share/ament_index/resource_index/rosidl_interfaces/turtle_control_action
-- Up-to-date: /home/thiago/Documentos/Robotica/ros2_ws/install/turtle_control_action/include/turtle_control_action/turtle_control_action
-- Up-to-date: /home/thiago/Documentos/Robotica/ros2_ws/install/turtle_control_action/include/turtle_control_action/turtle_control_action/action
-- Up-to-date: /home/thiago/Documentos/Robotica/ros2_ws/install/turtle_control_action/include/turtle_control_action/turtle_control_action/action/navigate.h
-- Up-to-date: /home/thiago/Documentos/Robotica/ros2_ws/install/turtle_control_action/include/turtle_control_action/turtle_control_action/action/detail
-- Up-to-date: /home/thiago/Documentos/Robotica/ros2_ws/install/turtle_control_action/include/turtle_control_action/turtle_control_action/action/detail/navigate__functions.h
-- Up-to-date: /home/thiago/Documentos/Robotica/ros2_ws/install/turtle_control_action/include/turtle_control_action/turtle_control_action/action/detail/navigate__type_support.h
-- Up-to-date: /home/thiago/Documentos/Robotica/ros2_ws/install/turtle_control_action/include/turtle_control_action/turtle_control_action/action/detail/navigate__struct.h
-- Up-to-date: /home/thiago/Documentos/Robotica/ros2_ws/install/turtle_control_action/include/turtle_control_action/turtle_control_action/action/detail/navigate__functions.c
-- Up-to-date: /home/thiago/Documentos/Robotica/ros2_ws/install/turtle_control_action/include/turtle_control_action/turtle_control_action/msg
-- Up-to-date: /home/thiago/Documentos/Robotica/ros2_ws/install/turtle_control_action/include/turtle_control_action/turtle_control_action/msg/rosidl_generator_c__visibility_control.h
-- Up-to-date: /home/thiago/Documentos/Robotica/ros2_ws/install/turtle_control_action/share/turtle_control_action/environment/library_path.sh
-- Up-to-date: /home/thiago/Documentos/Robotica/ros2_ws/install/turtle_control_action/share/turtle_control_action/environment/library_path.dsv
-- Up-to-date: /home/thiago/Documentos/Robotica/ros2_ws/install/turtle_control_action/lib/libturtle_control_action__rosidl_generator_c.so
-- Up-to-date: /home/thiago/Documentos/Robotica/ros2_ws/install/turtle_control_action/include/turtle_control_action/turtle_control_action
-- Up-to-date: /home/thiago/Documentos/Robotica/ros2_ws/install/turtle_control_action/include/turtle_control_action/turtle_control_action/action
-- Up-to-date: /home/thiago/Documentos/Robotica/ros2_ws/install/turtle_control_action/include/turtle_control_action/turtle_control_action/action/detail
-- Up-to-date: /home/thiago/Documentos/Robotica/ros2_ws/install/turtle_control_action/include/turtle_control_action/turtle_control_action/action/detail/navigate__rosidl_typesupport_fastrtps_c.h
-- Up-to-date: /home/thiago/Documentos/Robotica/ros2_ws/install/turtle_control_action/include/turtle_control_action/turtle_control_action/msg
-- Up-to-date: /home/thiago/Documentos/Robotica/ros2_ws/install/turtle_control_action/include/turtle_control_action/turtle_control_action/msg/rosidl_typesupport_fastrtps_c__visibility_control.h
-- Up-to-date: /home/thiago/Documentos/Robotica/ros2_ws/install/turtle_control_action/lib/libturtle_control_action__rosidl_typesupport_fastrtps_c.so
-- Up-to-date: /home/thiago/Documentos/Robotica/ros2_ws/install/turtle_control_action/include/turtle_control_action/turtle_control_action
-- Up-to-date: /home/thiago/Documentos/Robotica/ros2_ws/install/turtle_control_action/include/turtle_control_action/turtle_control_action/action
-- Up-to-date: /home/thiago/Documentos/Robotica/ros2_ws/install/turtle_control_action/include/turtle_control_action/turtle_control_action/action/detail
-- Up-to-date: /home/thiago/Documentos/Robotica/ros2_ws/install/turtle_control_action/include/turtle_control_action/turtle_control_action/action/detail/navigate__rosidl_typesupport_introspection_c.h
-- Up-to-date: /home/thiago/Documentos/Robotica/ros2_ws/install/turtle_control_action/include/turtle_control_action/turtle_control_action/action/detail/navigate__type_support.c
-- Up-to-date: /home/thiago/Documentos/Robotica/ros2_ws/install/turtle_control_action/include/turtle_control_action/turtle_control_action/msg
-- Up-to-date: /home/thiago/Documentos/Robotica/ros2_ws/install/turtle_control_action/include/turtle_control_action/turtle_control_action/msg/rosidl_typesupport_introspection_c__visibility_control.h
-- Up-to-date: /home/thiago/Documentos/Robotica/ros2_ws/install/turtle_control_action/lib/libturtle_control_action__rosidl_typesupport_introspection_c.so
-- Up-to-date: /home/thiago/Documentos/Robotica/ros2_ws/install/turtle_control_action/lib/libturtle_control_action__rosidl_typesupport_c.so
-- Up-to-date: /home/thiago/Documentos/Robotica/ros2_ws/install/turtle_control_action/include/turtle_control_action/turtle_control_action
-- Up-to-date: /home/thiago/Documentos/Robotica/ros2_ws/install/turtle_control_action/include/turtle_control_action/turtle_control_action/action
-- Up-to-date: /home/thiago/Documentos/Robotica/ros2_ws/install/turtle_control_action/include/turtle_control_action/turtle_control_action/action/navigate.hpp
-- Up-to-date: /home/thiago/Documentos/Robotica/ros2_ws/install/turtle_control_action/include/turtle_control_action/turtle_control_action/action/detail
-- Up-to-date: /home/thiago/Documentos/Robotica/ros2_ws/install/turtle_control_action/include/turtle_control_action/turtle_control_action/action/detail/navigate__struct.hpp
-- Up-to-date: /home/thiago/Documentos/Robotica/ros2_ws/install/turtle_control_action/include/turtle_control_action/turtle_control_action/action/detail/navigate__type_support.hpp
-- Up-to-date: /home/thiago/Documentos/Robotica/ros2_ws/install/turtle_control_action/include/turtle_control_action/turtle_control_action/action/detail/navigate__traits.hpp
-- Up-to-date: /home/thiago/Documentos/Robotica/ros2_ws/install/turtle_control_action/include/turtle_control_action/turtle_control_action/action/detail/navigate__builder.hpp
-- Up-to-date: /home/thiago/Documentos/Robotica/ros2_ws/install/turtle_control_action/include/turtle_control_action/turtle_control_action/msg
-- Up-to-date: /home/thiago/Documentos/Robotica/ros2_ws/install/turtle_control_action/include/turtle_control_action/turtle_control_action/msg/rosidl_generator_cpp__visibility_control.hpp
-- Up-to-date: /home/thiago/Documentos/Robotica/ros2_ws/install/turtle_control_action/include/turtle_control_action/turtle_control_action
-- Up-to-date: /home/thiago/Documentos/Robotica/ros2_ws/install/turtle_control_action/include/turtle_control_action/turtle_control_action/action
-- Up-to-date: /home/thiago/Documentos/Robotica/ros2_ws/install/turtle_control_action/include/turtle_control_action/turtle_control_action/action/detail
-- Up-to-date: /home/thiago/Documentos/Robotica/ros2_ws/install/turtle_control_action/include/turtle_control_action/turtle_control_action/action/detail/dds_fastrtps
-- Up-to-date: /home/thiago/Documentos/Robotica/ros2_ws/install/turtle_control_action/include/turtle_control_action/turtle_control_action/action/detail/navigate__rosidl_typesupport_fastrtps_cpp.hpp
-- Up-to-date: /home/thiago/Documentos/Robotica/ros2_ws/install/turtle_control_action/include/turtle_control_action/turtle_control_action/msg
-- Up-to-date: /home/thiago/Documentos/Robotica/ros2_ws/install/turtle_control_action/include/turtle_control_action/turtle_control_action/msg/rosidl_typesupport_fastrtps_cpp__visibility_control.h
-- Up-to-date: /home/thiago/Documentos/Robotica/ros2_ws/install/turtle_control_action/lib/libturtle_control_action__rosidl_typesupport_fastrtps_cpp.so
-- Up-to-date: /home/thiago/Documentos/Robotica/ros2_ws/install/turtle_control_action/include/turtle_control_action/turtle_control_action
-- Up-to-date: /home/thiago/Documentos/Robotica/ros2_ws/install/turtle_control_action/include/turtle_control_action/turtle_control_action/action
-- Up-to-date: /home/thiago/Documentos/Robotica/ros2_ws/install/turtle_control_action/include/turtle_control_action/turtle_control_action/action/detail
-- Up-to-date: /home/thiago/Documentos/Robotica/ros2_ws/install/turtle_control_action/include/turtle_control_action/turtle_control_action/action/detail/navigate__type_support.cpp
-- Up-to-date: /home/thiago/Documentos/Robotica/ros2_ws/install/turtle_control_action/include/turtle_control_action/turtle_control_action/action/detail/navigate__rosidl_typesupport_introspection_cpp.hpp
-- Up-to-date: /home/thiago/Documentos/Robotica/ros2_ws/install/turtle_control_action/lib/libturtle_control_action__rosidl_typesupport_introspection_cpp.so
-- Up-to-date: /home/thiago/Documentos/Robotica/ros2_ws/install/turtle_control_action/lib/libturtle_control_action__rosidl_typesupport_cpp.so
-- Up-to-date: /home/thiago/Documentos/Robotica/ros2_ws/install/turtle_control_action/share/turtle_control_action/environment/pythonpath.sh
-- Up-to-date: /home/thiago/Documentos/Robotica/ros2_ws/install/turtle_control_action/share/turtle_control_action/environment/pythonpath.dsv
-- Up-to-date: /home/thiago/Documentos/Robotica/ros2_ws/install/turtle_control_action/local/lib/python3.10/dist-packages/turtle_control_action-0.0.0-py3.10.egg-info
-- Installing: /home/thiago/Documentos/Robotica/ros2_ws/install/turtle_control_action/local/lib/python3.10/dist-packages/turtle_control_action-0.0.0-py3.10.egg-info/dependency_links.txt
-- Installing: /home/thiago/Documentos/Robotica/ros2_ws/install/turtle_control_action/local/lib/python3.10/dist-packages/turtle_control_action-0.0.0-py3.10.egg-info/SOURCES.txt
-- Installing: /home/thiago/Documentos/Robotica/ros2_ws/install/turtle_control_action/local/lib/python3.10/dist-packages/turtle_control_action-0.0.0-py3.10.egg-info/top_level.txt
-- Installing: /home/thiago/Documentos/Robotica/ros2_ws/install/turtle_control_action/local/lib/python3.10/dist-packages/turtle_control_action-0.0.0-py3.10.egg-info/PKG-INFO
-- Up-to-date: /home/thiago/Documentos/Robotica/ros2_ws/install/turtle_control_action/local/lib/python3.10/dist-packages/turtle_control_action
-- Up-to-date: /home/thiago/Documentos/Robotica/ros2_ws/install/turtle_control_action/local/lib/python3.10/dist-packages/turtle_control_action/__init__.py
-- Up-to-date: /home/thiago/Documentos/Robotica/ros2_ws/install/turtle_control_action/local/lib/python3.10/dist-packages/turtle_control_action/action
-- Up-to-date: /home/thiago/Documentos/Robotica/ros2_ws/install/turtle_control_action/local/lib/python3.10/dist-packages/turtle_control_action/action/__init__.py
-- Up-to-date: /home/thiago/Documentos/Robotica/ros2_ws/install/turtle_control_action/local/lib/python3.10/dist-packages/turtle_control_action/action/_navigate.py
-- Up-to-date: /home/thiago/Documentos/Robotica/ros2_ws/install/turtle_control_action/local/lib/python3.10/dist-packages/turtle_control_action/action/_navigate_s.c
-- Up-to-date: /home/thiago/Documentos/Robotica/ros2_ws/install/turtle_control_action/local/lib/python3.10/dist-packages/turtle_control_action/_turtle_control_action_s.ep.rosidl_typesupport_introspection_c.c
-- Up-to-date: /home/thiago/Documentos/Robotica/ros2_ws/install/turtle_control_action/local/lib/python3.10/dist-packages/turtle_control_action/_turtle_control_action_s.ep.rosidl_typesupport_c.c
-- Up-to-date: /home/thiago/Documentos/Robotica/ros2_ws/install/turtle_control_action/local/lib/python3.10/dist-packages/turtle_control_action/turtle_control_action_s__rosidl_typesupport_fastrtps_c.cpython-310-x86_64-linux-gnu.so
-- Up-to-date: /home/thiago/Documentos/Robotica/ros2_ws/install/turtle_control_action/local/lib/python3.10/dist-packages/turtle_control_action/libturtle_control_action__rosidl_generator_py.so
-- Up-to-date: /home/thiago/Documentos/Robotica/ros2_ws/install/turtle_control_action/local/lib/python3.10/dist-packages/turtle_control_action/turtle_control_action_s__rosidl_typesupport_c.cpython-310-x86_64-linux-gnu.so
-- Up-to-date: /home/thiago/Documentos/Robotica/ros2_ws/install/turtle_control_action/local/lib/python3.10/dist-packages/turtle_control_action/_turtle_control_action_s.ep.rosidl_typesupport_fastrtps_c.c
-- Up-to-date: /home/thiago/Documentos/Robotica/ros2_ws/install/turtle_control_action/local/lib/python3.10/dist-packages/turtle_control_action/turtle_control_action_s__rosidl_typesupport_introspection_c.cpython-310-x86_64-linux-gnu.so
Listing '/home/thiago/Documentos/Robotica/ros2_ws/install/turtle_control_action/local/lib/python3.10/dist-packages/turtle_control_action'...
Listing '/home/thiago/Documentos/Robotica/ros2_ws/install/turtle_control_action/local/lib/python3.10/dist-packages/turtle_control_action/action'...
-- Up-to-date: /home/thiago/Documentos/Robotica/ros2_ws/install/turtle_control_action/local/lib/python3.10/dist-packages/turtle_control_action/turtle_control_action_s__rosidl_typesupport_fastrtps_c.cpython-310-x86_64-linux-gnu.so
-- Up-to-date: /home/thiago/Documentos/Robotica/ros2_ws/install/turtle_control_action/local/lib/python3.10/dist-packages/turtle_control_action/turtle_control_action_s__rosidl_typesupport_introspection_c.cpython-310-x86_64-linux-gnu.so
-- Up-to-date: /home/thiago/Documentos/Robotica/ros2_ws/install/turtle_control_action/local/lib/python3.10/dist-packages/turtle_control_action/turtle_control_action_s__rosidl_typesupport_c.cpython-310-x86_64-linux-gnu.so
-- Up-to-date: /home/thiago/Documentos/Robotica/ros2_ws/install/turtle_control_action/lib/libturtle_control_action__rosidl_generator_py.so
-- Up-to-date: /home/thiago/Documentos/Robotica/ros2_ws/install/turtle_control_action/share/turtle_control_action/action/Navigate.idl
-- Up-to-date: /home/thiago/Documentos/Robotica/ros2_ws/install/turtle_control_action/share/turtle_control_action/action/Navigate.action
-- Up-to-date: /home/thiago/Documentos/Robotica/ros2_ws/install/turtle_control_action/share/ament_index/resource_index/package_run_dependencies/turtle_control_action
-- Up-to-date: /home/thiago/Documentos/Robotica/ros2_ws/install/turtle_control_action/share/ament_index/resource_index/parent_prefix_path/turtle_control_action
-- Up-to-date: /home/thiago/Documentos/Robotica/ros2_ws/install/turtle_control_action/share/turtle_control_action/environment/ament_prefix_path.sh
-- Up-to-date: /home/thiago/Documentos/Robotica/ros2_ws/install/turtle_control_action/share/turtle_control_action/environment/ament_prefix_path.dsv
-- Up-to-date: /home/thiago/Documentos/Robotica/ros2_ws/install/turtle_control_action/share/turtle_control_action/environment/path.sh
-- Up-to-date: /home/thiago/Documentos/Robotica/ros2_ws/install/turtle_control_action/share/turtle_control_action/environment/path.dsv
-- Up-to-date: /home/thiago/Documentos/Robotica/ros2_ws/install/turtle_control_action/share/turtle_control_action/local_setup.bash
-- Up-to-date: /home/thiago/Documentos/Robotica/ros2_ws/install/turtle_control_action/share/turtle_control_action/local_setup.sh
-- Up-to-date: /home/thiago/Documentos/Robotica/ros2_ws/install/turtle_control_action/share/turtle_control_action/local_setup.zsh
-- Up-to-date: /home/thiago/Documentos/Robotica/ros2_ws/install/turtle_control_action/share/turtle_control_action/local_setup.dsv
-- Installing: /home/thiago/Documentos/Robotica/ros2_ws/install/turtle_control_action/share/turtle_control_action/package.dsv
-- Up-to-date: /home/thiago/Documentos/Robotica/ros2_ws/install/turtle_control_action/share/ament_index/resource_index/packages/turtle_control_action
-- Up-to-date: /home/thiago/Documentos/Robotica/ros2_ws/install/turtle_control_action/share/turtle_control_action/cmake/export_turtle_control_action__rosidl_generator_cExport.cmake
-- Up-to-date: /home/thiago/Documentos/Robotica/ros2_ws/install/turtle_control_action/share/turtle_control_action/cmake/export_turtle_control_action__rosidl_generator_cExport-noconfig.cmake
-- Up-to-date: /home/thiago/Documentos/Robotica/ros2_ws/install/turtle_control_action/share/turtle_control_action/cmake/export_turtle_control_action__rosidl_typesupport_fastrtps_cExport.cmake
-- Up-to-date: /home/thiago/Documentos/Robotica/ros2_ws/install/turtle_control_action/share/turtle_control_action/cmake/export_turtle_control_action__rosidl_typesupport_fastrtps_cExport-noconfig.cmake
-- Up-to-date: /home/thiago/Documentos/Robotica/ros2_ws/install/turtle_control_action/share/turtle_control_action/cmake/turtle_control_action__rosidl_typesupport_introspection_cExport.cmake
-- Up-to-date: /home/thiago/Documentos/Robotica/ros2_ws/install/turtle_control_action/share/turtle_control_action/cmake/turtle_control_action__rosidl_typesupport_introspection_cExport-noconfig.cmake
-- Up-to-date: /home/thiago/Documentos/Robotica/ros2_ws/install/turtle_control_action/share/turtle_control_action/cmake/turtle_control_action__rosidl_typesupport_cExport.cmake
-- Up-to-date: /home/thiago/Documentos/Robotica/ros2_ws/install/turtle_control_action/share/turtle_control_action/cmake/turtle_control_action__rosidl_typesupport_cExport-noconfig.cmake
-- Up-to-date: /home/thiago/Documentos/Robotica/ros2_ws/install/turtle_control_action/share/turtle_control_action/cmake/export_turtle_control_action__rosidl_generator_cppExport.cmake
-- Up-to-date: /home/thiago/Documentos/Robotica/ros2_ws/install/turtle_control_action/share/turtle_control_action/cmake/export_turtle_control_action__rosidl_typesupport_fastrtps_cppExport.cmake
-- Up-to-date: /home/thiago/Documentos/Robotica/ros2_ws/install/turtle_control_action/share/turtle_control_action/cmake/export_turtle_control_action__rosidl_typesupport_fastrtps_cppExport-noconfig.cmake
-- Up-to-date: /home/thiago/Documentos/Robotica/ros2_ws/install/turtle_control_action/share/turtle_control_action/cmake/turtle_control_action__rosidl_typesupport_introspection_cppExport.cmake
-- Up-to-date: /home/thiago/Documentos/Robotica/ros2_ws/install/turtle_control_action/share/turtle_control_action/cmake/turtle_control_action__rosidl_typesupport_introspection_cppExport-noconfig.cmake
-- Up-to-date: /home/thiago/Documentos/Robotica/ros2_ws/install/turtle_control_action/share/turtle_control_action/cmake/turtle_control_action__rosidl_typesupport_cppExport.cmake
-- Up-to-date: /home/thiago/Documentos/Robotica/ros2_ws/install/turtle_control_action/share/turtle_control_action/cmake/turtle_control_action__rosidl_typesupport_cppExport-noconfig.cmake
-- Up-to-date: /home/thiago/Documentos/Robotica/ros2_ws/install/turtle_control_action/share/turtle_control_action/cmake/export_turtle_control_action__rosidl_generator_pyExport.cmake
-- Up-to-date: /home/thiago/Documentos/Robotica/ros2_ws/install/turtle_control_action/share/turtle_control_action/cmake/export_turtle_control_action__rosidl_generator_pyExport-noconfig.cmake
-- Up-to-date: /home/thiago/Documentos/Robotica/ros2_ws/install/turtle_control_action/share/turtle_control_action/cmake/rosidl_cmake-extras.cmake
-- Up-to-date: /home/thiago/Documentos/Robotica/ros2_ws/install/turtle_control_action/share/turtle_control_action/cmake/ament_cmake_export_dependencies-extras.cmake
-- Up-to-date: /home/thiago/Documentos/Robotica/ros2_ws/install/turtle_control_action/share/turtle_control_action/cmake/ament_cmake_export_include_directories-extras.cmake
-- Up-to-date: /home/thiago/Documentos/Robotica/ros2_ws/install/turtle_control_action/share/turtle_control_action/cmake/ament_cmake_export_libraries-extras.cmake
-- Up-to-date: /home/thiago/Documentos/Robotica/ros2_ws/install/turtle_control_action/share/turtle_control_action/cmake/ament_cmake_export_targets-extras.cmake
-- Up-to-date: /home/thiago/Documentos/Robotica/ros2_ws/install/turtle_control_action/share/turtle_control_action/cmake/rosidl_cmake_export_typesupport_targets-extras.cmake
-- Up-to-date: /home/thiago/Documentos/Robotica/ros2_ws/install/turtle_control_action/share/turtle_control_action/cmake/rosidl_cmake_export_typesupport_libraries-extras.cmake
-- Up-to-date: /home/thiago/Documentos/Robotica/ros2_ws/install/turtle_control_action/share/turtle_control_action/cmake/turtle_control_actionConfig.cmake
-- Up-to-date: /home/thiago/Documentos/Robotica/ros2_ws/install/turtle_control_action/share/turtle_control_action/cmake/turtle_control_actionConfig-version.cmake
-- Up-to-date: /home/thiago/Documentos/Robotica/ros2_ws/install/turtle_control_action/share/turtle_control_action/package.xml
