[0.022s] Invoking command in '/home/thiago/Documentos/Robotica/ros2_ws/build/turtle_control_action': CMAKE_PREFIX_PATH=${CMAKE_PREFIX_PATH}:/home/thiago/Documentos/Robotica/ros2_ws/install/turtle_control_thiago:/home/thiago/Documentos/Robotica/ros2_ws/install/py_pubsub:/opt/ros/humble /usr/bin/cmake --build /home/thiago/Documentos/Robotica/ros2_ws/build/turtle_control_action -- -j2 -l2
[0.080s] -- Found ament_cmake: 1.3.12 (/opt/ros/humble/share/ament_cmake/cmake)
[0.375s] -- Found ament_lint_auto: 0.12.14 (/opt/ros/humble/share/ament_lint_auto/cmake)
[0.542s] -- Found rosidl_default_generators: 1.2.0 (/opt/ros/humble/share/rosidl_default_generators/cmake)
[0.547s] -- Using all available rosidl_typesupport_c: rosidl_typesupport_fastrtps_c;rosidl_typesupport_introspection_c
[0.554s] -- Found rosidl_adapter: 3.1.7 (/opt/ros/humble/share/rosidl_adapter/cmake)
[0.621s] -- Using all available rosidl_typesupport_cpp: rosidl_typesupport_fastrtps_cpp;rosidl_typesupport_introspection_cpp
[1.213s] -- Found ament_cmake_ros: 0.10.0 (/opt/ros/humble/share/ament_cmake_ros/cmake)
[1.679s] -- Using all available rosidl_typesupport_c: rosidl_typesupport_fastrtps_c;rosidl_typesupport_introspection_c
[2.296s] -- Using all available rosidl_typesupport_cpp: rosidl_typesupport_fastrtps_cpp;rosidl_typesupport_introspection_cpp
[2.362s] -- Found python_cmake_module: 0.10.0 (/opt/ros/humble/share/python_cmake_module/cmake)
[2.414s] -- Using PYTHON_EXECUTABLE: /usr/bin/python3
[2.414s] -- Using PYTHON_INCLUDE_DIRS: /usr/include/python3.10
[2.414s] -- Using PYTHON_LIBRARIES: /usr/lib/x86_64-linux-gnu/libpython3.10.so
[2.465s] -- Added test 'lint_cmake' to check CMake code style
[2.467s] -- Added test 'xmllint' to check XML markup files
[2.475s] -- Configuring done
[2.554s] -- Generating done
[2.586s] -- Build files have been written to: /home/thiago/Documentos/Robotica/ros2_ws/build/turtle_control_action
[2.644s] [  3%] [34m[1mGenerating C code for ROS interfaces[0m
[2.669s] [  6%] [34m[1mGenerating C++ code for ROS interfaces[0m
[4.010s] [35m[1mConsolidate compiler generated dependencies of target turtle_control_action__rosidl_generator_c[0m
[4.041s] [  9%] [32mBuilding C object CMakeFiles/turtle_control_action__rosidl_generator_c.dir/rosidl_generator_c/turtle_control_action/action/detail/navigate__functions.c.o[0m
[4.075s] [  9%] Built target turtle_control_action__cpp
[4.148s] [  9%] Built target ament_cmake_python_copy_turtle_control_action
[4.178s] [ 12%] [34m[1mGenerating C++ type support dispatch for ROS interfaces[0m
[4.390s] [ 16%] [32m[1mLinking C shared library libturtle_control_action__rosidl_generator_c.so[0m
[4.494s] [ 16%] Built target turtle_control_action__rosidl_generator_c
[4.519s] [ 19%] [34m[1mGenerating C++ type support for eProsima Fast-RTPS[0m
[5.059s] [35m[1mConsolidate compiler generated dependencies of target turtle_control_action__rosidl_typesupport_cpp[0m
[5.092s] [ 22%] [32mBuilding CXX object CMakeFiles/turtle_control_action__rosidl_typesupport_cpp.dir/rosidl_typesupport_cpp/turtle_control_action/action/navigate__type_support.cpp.o[0m
[5.750s] [35m[1mConsolidate compiler generated dependencies of target turtle_control_action__rosidl_typesupport_fastrtps_cpp[0m
[5.784s] [ 25%] [32mBuilding CXX object CMakeFiles/turtle_control_action__rosidl_typesupport_fastrtps_cpp.dir/rosidl_typesupport_fastrtps_cpp/turtle_control_action/action/detail/dds_fastrtps/navigate__type_support.cpp.o[0m
[6.464s] [ 29%] [32m[1mLinking CXX shared library libturtle_control_action__rosidl_typesupport_cpp.so[0m
[6.578s] [ 29%] Built target turtle_control_action__rosidl_typesupport_cpp
[6.606s] [ 32%] [34m[1mGenerating C++ introspection for ROS interfaces[0m
[7.566s] [ 35%] [32m[1mLinking CXX shared library libturtle_control_action__rosidl_typesupport_fastrtps_cpp.so[0m
[7.660s] [35m[1mConsolidate compiler generated dependencies of target turtle_control_action__rosidl_typesupport_introspection_cpp[0m
[7.695s] [ 38%] [32mBuilding CXX object CMakeFiles/turtle_control_action__rosidl_typesupport_introspection_cpp.dir/rosidl_typesupport_introspection_cpp/turtle_control_action/action/detail/navigate__type_support.cpp.o[0m
[7.805s] [ 38%] Built target turtle_control_action__rosidl_typesupport_fastrtps_cpp
[8.615s] running egg_info
[8.618s] writing turtle_control_action.egg-info/PKG-INFO
[8.620s] writing dependency_links to turtle_control_action.egg-info/dependency_links.txt
[8.620s] writing top-level names to turtle_control_action.egg-info/top_level.txt
[8.624s] reading manifest file 'turtle_control_action.egg-info/SOURCES.txt'
[8.626s] writing manifest file 'turtle_control_action.egg-info/SOURCES.txt'
[8.715s] [ 38%] Built target ament_cmake_python_build_turtle_control_action_egg
[8.740s] [ 41%] [34m[1mGenerating C type support for eProsima Fast-RTPS[0m
[9.491s] [ 45%] [32m[1mLinking CXX shared library libturtle_control_action__rosidl_typesupport_introspection_cpp.so[0m
[9.705s] [ 45%] Built target turtle_control_action__rosidl_typesupport_introspection_cpp
[9.734s] [ 48%] [34m[1mGenerating C introspection for ROS interfaces[0m
[9.996s] [35m[1mConsolidate compiler generated dependencies of target turtle_control_action__rosidl_typesupport_fastrtps_c[0m
[10.033s] [ 51%] [32mBuilding CXX object CMakeFiles/turtle_control_action__rosidl_typesupport_fastrtps_c.dir/rosidl_typesupport_fastrtps_c/turtle_control_action/action/detail/navigate__type_support_c.cpp.o[0m
[10.880s] [35m[1mConsolidate compiler generated dependencies of target turtle_control_action__rosidl_typesupport_introspection_c[0m
[10.908s] [ 54%] [32mBuilding C object CMakeFiles/turtle_control_action__rosidl_typesupport_introspection_c.dir/rosidl_typesupport_introspection_c/turtle_control_action/action/detail/navigate__type_support.c.o[0m
[11.038s] [ 58%] [32m[1mLinking C shared library libturtle_control_action__rosidl_typesupport_introspection_c.so[0m
[11.114s] [ 58%] Built target turtle_control_action__rosidl_typesupport_introspection_c
[11.141s] [ 61%] [34m[1mGenerating C type support dispatch for ROS interfaces[0m
[11.338s] [ 64%] [32m[1mLinking CXX shared library libturtle_control_action__rosidl_typesupport_fastrtps_c.so[0m
[11.591s] [ 64%] Built target turtle_control_action__rosidl_typesupport_fastrtps_c
[11.920s] [35m[1mConsolidate compiler generated dependencies of target turtle_control_action__rosidl_typesupport_c[0m
[11.944s] [ 67%] [32mBuilding CXX object CMakeFiles/turtle_control_action__rosidl_typesupport_c.dir/rosidl_typesupport_c/turtle_control_action/action/navigate__type_support.cpp.o[0m
[12.051s] [ 70%] [32m[1mLinking CXX shared library libturtle_control_action__rosidl_typesupport_c.so[0m
[12.144s] [ 70%] Built target turtle_control_action__rosidl_typesupport_c
[12.193s] [ 70%] Built target turtle_control_action
[12.241s] [ 74%] [34m[1mGenerating Python code for ROS interfaces[0m
[14.040s] [ 74%] Built target turtle_control_action__py
[14.064s] [35m[1mConsolidate compiler generated dependencies of target turtle_control_action__rosidl_generator_py[0m
[14.091s] [ 77%] [32mBuilding C object CMakeFiles/turtle_control_action__rosidl_generator_py.dir/rosidl_generator_py/turtle_control_action/action/_navigate_s.c.o[0m
[14.453s] [ 80%] [32m[1mLinking C shared library rosidl_generator_py/turtle_control_action/libturtle_control_action__rosidl_generator_py.so[0m
[14.551s] [ 80%] Built target turtle_control_action__rosidl_generator_py
[14.578s] [35m[1mConsolidate compiler generated dependencies of target turtle_control_action__rosidl_typesupport_fastrtps_c__pyext[0m
[14.578s] [35m[1mConsolidate compiler generated dependencies of target turtle_control_action__rosidl_typesupport_introspection_c__pyext[0m
[14.607s] [ 87%] [32mBuilding C object CMakeFiles/turtle_control_action__rosidl_typesupport_introspection_c__pyext.dir/rosidl_generator_py/turtle_control_action/_turtle_control_action_s.ep.rosidl_typesupport_introspection_c.c.o[0m
[14.608s] [ 87%] [32mBuilding C object CMakeFiles/turtle_control_action__rosidl_typesupport_fastrtps_c__pyext.dir/rosidl_generator_py/turtle_control_action/_turtle_control_action_s.ep.rosidl_typesupport_fastrtps_c.c.o[0m
[14.957s] [ 90%] [32m[1mLinking C shared library rosidl_generator_py/turtle_control_action/turtle_control_action_s__rosidl_typesupport_fastrtps_c.cpython-310-x86_64-linux-gnu.so[0m
[14.979s] [ 93%] [32m[1mLinking C shared library rosidl_generator_py/turtle_control_action/turtle_control_action_s__rosidl_typesupport_introspection_c.cpython-310-x86_64-linux-gnu.so[0m
[15.070s] [ 93%] Built target turtle_control_action__rosidl_typesupport_fastrtps_c__pyext
[15.094s] [ 93%] Built target turtle_control_action__rosidl_typesupport_introspection_c__pyext
[15.098s] [35m[1mConsolidate compiler generated dependencies of target turtle_control_action__rosidl_typesupport_c__pyext[0m
[15.125s] [ 96%] [32mBuilding C object CMakeFiles/turtle_control_action__rosidl_typesupport_c__pyext.dir/rosidl_generator_py/turtle_control_action/_turtle_control_action_s.ep.rosidl_typesupport_c.c.o[0m
[15.396s] [100%] [32m[1mLinking C shared library rosidl_generator_py/turtle_control_action/turtle_control_action_s__rosidl_typesupport_c.cpython-310-x86_64-linux-gnu.so[0m
[15.493s] [100%] Built target turtle_control_action__rosidl_typesupport_c__pyext
[15.523s] Invoked command in '/home/thiago/Documentos/Robotica/ros2_ws/build/turtle_control_action' returned '0': CMAKE_PREFIX_PATH=${CMAKE_PREFIX_PATH}:/home/thiago/Documentos/Robotica/ros2_ws/install/turtle_control_thiago:/home/thiago/Documentos/Robotica/ros2_ws/install/py_pubsub:/opt/ros/humble /usr/bin/cmake --build /home/thiago/Documentos/Robotica/ros2_ws/build/turtle_control_action -- -j2 -l2
[15.550s] Invoking command in '/home/thiago/Documentos/Robotica/ros2_ws/build/turtle_control_action': CMAKE_PREFIX_PATH=${CMAKE_PREFIX_PATH}:/home/thiago/Documentos/Robotica/ros2_ws/install/turtle_control_thiago:/home/thiago/Documentos/Robotica/ros2_ws/install/py_pubsub:/opt/ros/humble /usr/bin/cmake --install /home/thiago/Documentos/Robotica/ros2_ws/build/turtle_control_action
[15.569s] -- Install configuration: ""
[15.569s] -- Up-to-date: /home/thiago/Documentos/Robotica/ros2_ws/install/turtle_control_action/share/ament_index/resource_index/rosidl_interfaces/turtle_control_action
[15.570s] -- Up-to-date: /home/thiago/Documentos/Robotica/ros2_ws/install/turtle_control_action/include/turtle_control_action/turtle_control_action
[15.570s] -- Up-to-date: /home/thiago/Documentos/Robotica/ros2_ws/install/turtle_control_action/include/turtle_control_action/turtle_control_action/action
[15.570s] -- Installing: /home/thiago/Documentos/Robotica/ros2_ws/install/turtle_control_action/include/turtle_control_action/turtle_control_action/action/navigate.h
[15.570s] -- Up-to-date: /home/thiago/Documentos/Robotica/ros2_ws/install/turtle_control_action/include/turtle_control_action/turtle_control_action/action/detail
[15.571s] -- Installing: /home/thiago/Documentos/Robotica/ros2_ws/install/turtle_control_action/include/turtle_control_action/turtle_control_action/action/detail/navigate__functions.h
[15.571s] -- Installing: /home/thiago/Documentos/Robotica/ros2_ws/install/turtle_control_action/include/turtle_control_action/turtle_control_action/action/detail/navigate__type_support.h
[15.571s] -- Installing: /home/thiago/Documentos/Robotica/ros2_ws/install/turtle_control_action/include/turtle_control_action/turtle_control_action/action/detail/navigate__struct.h
[15.572s] -- Installing: /home/thiago/Documentos/Robotica/ros2_ws/install/turtle_control_action/include/turtle_control_action/turtle_control_action/action/detail/navigate__functions.c
[15.572s] -- Up-to-date: /home/thiago/Documentos/Robotica/ros2_ws/install/turtle_control_action/include/turtle_control_action/turtle_control_action/msg
[15.573s] -- Up-to-date: /home/thiago/Documentos/Robotica/ros2_ws/install/turtle_control_action/include/turtle_control_action/turtle_control_action/msg/rosidl_generator_c__visibility_control.h
[15.573s] -- Up-to-date: /home/thiago/Documentos/Robotica/ros2_ws/install/turtle_control_action/share/turtle_control_action/environment/library_path.sh
[15.573s] -- Installing: /home/thiago/Documentos/Robotica/ros2_ws/install/turtle_control_action/share/turtle_control_action/environment/library_path.dsv
[15.574s] -- Installing: /home/thiago/Documentos/Robotica/ros2_ws/install/turtle_control_action/lib/libturtle_control_action__rosidl_generator_c.so
[15.575s] -- Set runtime path of "/home/thiago/Documentos/Robotica/ros2_ws/install/turtle_control_action/lib/libturtle_control_action__rosidl_generator_c.so" to ""
[15.575s] -- Up-to-date: /home/thiago/Documentos/Robotica/ros2_ws/install/turtle_control_action/include/turtle_control_action/turtle_control_action
[15.575s] -- Up-to-date: /home/thiago/Documentos/Robotica/ros2_ws/install/turtle_control_action/include/turtle_control_action/turtle_control_action/action
[15.575s] -- Up-to-date: /home/thiago/Documentos/Robotica/ros2_ws/install/turtle_control_action/include/turtle_control_action/turtle_control_action/action/detail
[15.576s] -- Installing: /home/thiago/Documentos/Robotica/ros2_ws/install/turtle_control_action/include/turtle_control_action/turtle_control_action/action/detail/navigate__rosidl_typesupport_fastrtps_c.h
[15.576s] -- Up-to-date: /home/thiago/Documentos/Robotica/ros2_ws/install/turtle_control_action/include/turtle_control_action/turtle_control_action/msg
[15.576s] -- Up-to-date: /home/thiago/Documentos/Robotica/ros2_ws/install/turtle_control_action/include/turtle_control_action/turtle_control_action/msg/rosidl_typesupport_fastrtps_c__visibility_control.h
[15.576s] -- Installing: /home/thiago/Documentos/Robotica/ros2_ws/install/turtle_control_action/lib/libturtle_control_action__rosidl_typesupport_fastrtps_c.so
[15.577s] -- Set runtime path of "/home/thiago/Documentos/Robotica/ros2_ws/install/turtle_control_action/lib/libturtle_control_action__rosidl_typesupport_fastrtps_c.so" to ""
[15.577s] -- Up-to-date: /home/thiago/Documentos/Robotica/ros2_ws/install/turtle_control_action/include/turtle_control_action/turtle_control_action
[15.577s] -- Up-to-date: /home/thiago/Documentos/Robotica/ros2_ws/install/turtle_control_action/include/turtle_control_action/turtle_control_action/action
[15.577s] -- Up-to-date: /home/thiago/Documentos/Robotica/ros2_ws/install/turtle_control_action/include/turtle_control_action/turtle_control_action/action/detail
[15.578s] -- Installing: /home/thiago/Documentos/Robotica/ros2_ws/install/turtle_control_action/include/turtle_control_action/turtle_control_action/action/detail/navigate__rosidl_typesupport_introspection_c.h
[15.578s] -- Installing: /home/thiago/Documentos/Robotica/ros2_ws/install/turtle_control_action/include/turtle_control_action/turtle_control_action/action/detail/navigate__type_support.c
[15.578s] -- Up-to-date: /home/thiago/Documentos/Robotica/ros2_ws/install/turtle_control_action/include/turtle_control_action/turtle_control_action/msg
[15.578s] -- Up-to-date: /home/thiago/Documentos/Robotica/ros2_ws/install/turtle_control_action/include/turtle_control_action/turtle_control_action/msg/rosidl_typesupport_introspection_c__visibility_control.h
[15.579s] -- Installing: /home/thiago/Documentos/Robotica/ros2_ws/install/turtle_control_action/lib/libturtle_control_action__rosidl_typesupport_introspection_c.so
[15.579s] -- Set runtime path of "/home/thiago/Documentos/Robotica/ros2_ws/install/turtle_control_action/lib/libturtle_control_action__rosidl_typesupport_introspection_c.so" to ""
[15.579s] -- Installing: /home/thiago/Documentos/Robotica/ros2_ws/install/turtle_control_action/lib/libturtle_control_action__rosidl_typesupport_c.so
[15.580s] -- Set runtime path of "/home/thiago/Documentos/Robotica/ros2_ws/install/turtle_control_action/lib/libturtle_control_action__rosidl_typesupport_c.so" to ""
[15.580s] -- Up-to-date: /home/thiago/Documentos/Robotica/ros2_ws/install/turtle_control_action/include/turtle_control_action/turtle_control_action
[15.580s] -- Up-to-date: /home/thiago/Documentos/Robotica/ros2_ws/install/turtle_control_action/include/turtle_control_action/turtle_control_action/action
[15.581s] -- Installing: /home/thiago/Documentos/Robotica/ros2_ws/install/turtle_control_action/include/turtle_control_action/turtle_control_action/action/navigate.hpp
[15.581s] -- Up-to-date: /home/thiago/Documentos/Robotica/ros2_ws/install/turtle_control_action/include/turtle_control_action/turtle_control_action/action/detail
[15.581s] -- Installing: /home/thiago/Documentos/Robotica/ros2_ws/install/turtle_control_action/include/turtle_control_action/turtle_control_action/action/detail/navigate__struct.hpp
[15.581s] -- Installing: /home/thiago/Documentos/Robotica/ros2_ws/install/turtle_control_action/include/turtle_control_action/turtle_control_action/action/detail/navigate__type_support.hpp
[15.581s] -- Installing: /home/thiago/Documentos/Robotica/ros2_ws/install/turtle_control_action/include/turtle_control_action/turtle_control_action/action/detail/navigate__traits.hpp
[15.582s] -- Installing: /home/thiago/Documentos/Robotica/ros2_ws/install/turtle_control_action/include/turtle_control_action/turtle_control_action/action/detail/navigate__builder.hpp
[15.582s] -- Up-to-date: /home/thiago/Documentos/Robotica/ros2_ws/install/turtle_control_action/include/turtle_control_action/turtle_control_action/msg
[15.583s] -- Up-to-date: /home/thiago/Documentos/Robotica/ros2_ws/install/turtle_control_action/include/turtle_control_action/turtle_control_action/msg/rosidl_generator_cpp__visibility_control.hpp
[15.583s] -- Up-to-date: /home/thiago/Documentos/Robotica/ros2_ws/install/turtle_control_action/include/turtle_control_action/turtle_control_action
[15.583s] -- Up-to-date: /home/thiago/Documentos/Robotica/ros2_ws/install/turtle_control_action/include/turtle_control_action/turtle_control_action/action
[15.583s] -- Up-to-date: /home/thiago/Documentos/Robotica/ros2_ws/install/turtle_control_action/include/turtle_control_action/turtle_control_action/action/detail
[15.583s] -- Up-to-date: /home/thiago/Documentos/Robotica/ros2_ws/install/turtle_control_action/include/turtle_control_action/turtle_control_action/action/detail/dds_fastrtps
[15.584s] -- Installing: /home/thiago/Documentos/Robotica/ros2_ws/install/turtle_control_action/include/turtle_control_action/turtle_control_action/action/detail/navigate__rosidl_typesupport_fastrtps_cpp.hpp
[15.584s] -- Up-to-date: /home/thiago/Documentos/Robotica/ros2_ws/install/turtle_control_action/include/turtle_control_action/turtle_control_action/msg
[15.584s] -- Up-to-date: /home/thiago/Documentos/Robotica/ros2_ws/install/turtle_control_action/include/turtle_control_action/turtle_control_action/msg/rosidl_typesupport_fastrtps_cpp__visibility_control.h
[15.584s] -- Installing: /home/thiago/Documentos/Robotica/ros2_ws/install/turtle_control_action/lib/libturtle_control_action__rosidl_typesupport_fastrtps_cpp.so
[15.585s] -- Set runtime path of "/home/thiago/Documentos/Robotica/ros2_ws/install/turtle_control_action/lib/libturtle_control_action__rosidl_typesupport_fastrtps_cpp.so" to ""
[15.585s] -- Up-to-date: /home/thiago/Documentos/Robotica/ros2_ws/install/turtle_control_action/include/turtle_control_action/turtle_control_action
[15.585s] -- Up-to-date: /home/thiago/Documentos/Robotica/ros2_ws/install/turtle_control_action/include/turtle_control_action/turtle_control_action/action
[15.585s] -- Up-to-date: /home/thiago/Documentos/Robotica/ros2_ws/install/turtle_control_action/include/turtle_control_action/turtle_control_action/action/detail
[15.585s] -- Installing: /home/thiago/Documentos/Robotica/ros2_ws/install/turtle_control_action/include/turtle_control_action/turtle_control_action/action/detail/navigate__type_support.cpp
[15.586s] -- Installing: /home/thiago/Documentos/Robotica/ros2_ws/install/turtle_control_action/include/turtle_control_action/turtle_control_action/action/detail/navigate__rosidl_typesupport_introspection_cpp.hpp
[15.586s] -- Installing: /home/thiago/Documentos/Robotica/ros2_ws/install/turtle_control_action/lib/libturtle_control_action__rosidl_typesupport_introspection_cpp.so
[15.586s] -- Set runtime path of "/home/thiago/Documentos/Robotica/ros2_ws/install/turtle_control_action/lib/libturtle_control_action__rosidl_typesupport_introspection_cpp.so" to ""
[15.587s] -- Installing: /home/thiago/Documentos/Robotica/ros2_ws/install/turtle_control_action/lib/libturtle_control_action__rosidl_typesupport_cpp.so
[15.587s] -- Set runtime path of "/home/thiago/Documentos/Robotica/ros2_ws/install/turtle_control_action/lib/libturtle_control_action__rosidl_typesupport_cpp.so" to ""
[15.588s] -- Up-to-date: /home/thiago/Documentos/Robotica/ros2_ws/install/turtle_control_action/share/turtle_control_action/environment/pythonpath.sh
[15.588s] -- Installing: /home/thiago/Documentos/Robotica/ros2_ws/install/turtle_control_action/share/turtle_control_action/environment/pythonpath.dsv
[15.588s] -- Up-to-date: /home/thiago/Documentos/Robotica/ros2_ws/install/turtle_control_action/local/lib/python3.10/dist-packages/turtle_control_action-0.0.0-py3.10.egg-info
[15.588s] -- Installing: /home/thiago/Documentos/Robotica/ros2_ws/install/turtle_control_action/local/lib/python3.10/dist-packages/turtle_control_action-0.0.0-py3.10.egg-info/dependency_links.txt
[15.589s] -- Installing: /home/thiago/Documentos/Robotica/ros2_ws/install/turtle_control_action/local/lib/python3.10/dist-packages/turtle_control_action-0.0.0-py3.10.egg-info/SOURCES.txt
[15.589s] -- Installing: /home/thiago/Documentos/Robotica/ros2_ws/install/turtle_control_action/local/lib/python3.10/dist-packages/turtle_control_action-0.0.0-py3.10.egg-info/top_level.txt
[15.589s] -- Installing: /home/thiago/Documentos/Robotica/ros2_ws/install/turtle_control_action/local/lib/python3.10/dist-packages/turtle_control_action-0.0.0-py3.10.egg-info/PKG-INFO
[15.589s] -- Up-to-date: /home/thiago/Documentos/Robotica/ros2_ws/install/turtle_control_action/local/lib/python3.10/dist-packages/turtle_control_action
[15.590s] -- Installing: /home/thiago/Documentos/Robotica/ros2_ws/install/turtle_control_action/local/lib/python3.10/dist-packages/turtle_control_action/__init__.py
[15.590s] -- Up-to-date: /home/thiago/Documentos/Robotica/ros2_ws/install/turtle_control_action/local/lib/python3.10/dist-packages/turtle_control_action/action
[15.590s] -- Installing: /home/thiago/Documentos/Robotica/ros2_ws/install/turtle_control_action/local/lib/python3.10/dist-packages/turtle_control_action/action/__init__.py
[15.590s] -- Installing: /home/thiago/Documentos/Robotica/ros2_ws/install/turtle_control_action/local/lib/python3.10/dist-packages/turtle_control_action/action/_navigate.py
[15.590s] -- Installing: /home/thiago/Documentos/Robotica/ros2_ws/install/turtle_control_action/local/lib/python3.10/dist-packages/turtle_control_action/action/_navigate_s.c
[15.591s] -- Installing: /home/thiago/Documentos/Robotica/ros2_ws/install/turtle_control_action/local/lib/python3.10/dist-packages/turtle_control_action/_turtle_control_action_s.ep.rosidl_typesupport_introspection_c.c
[15.591s] -- Installing: /home/thiago/Documentos/Robotica/ros2_ws/install/turtle_control_action/local/lib/python3.10/dist-packages/turtle_control_action/_turtle_control_action_s.ep.rosidl_typesupport_c.c
[15.592s] -- Installing: /home/thiago/Documentos/Robotica/ros2_ws/install/turtle_control_action/local/lib/python3.10/dist-packages/turtle_control_action/turtle_control_action_s__rosidl_typesupport_fastrtps_c.cpython-310-x86_64-linux-gnu.so
[15.592s] -- Installing: /home/thiago/Documentos/Robotica/ros2_ws/install/turtle_control_action/local/lib/python3.10/dist-packages/turtle_control_action/libturtle_control_action__rosidl_generator_py.so
[15.592s] -- Installing: /home/thiago/Documentos/Robotica/ros2_ws/install/turtle_control_action/local/lib/python3.10/dist-packages/turtle_control_action/turtle_control_action_s__rosidl_typesupport_c.cpython-310-x86_64-linux-gnu.so
[15.593s] -- Installing: /home/thiago/Documentos/Robotica/ros2_ws/install/turtle_control_action/local/lib/python3.10/dist-packages/turtle_control_action/_turtle_control_action_s.ep.rosidl_typesupport_fastrtps_c.c
[15.593s] -- Installing: /home/thiago/Documentos/Robotica/ros2_ws/install/turtle_control_action/local/lib/python3.10/dist-packages/turtle_control_action/turtle_control_action_s__rosidl_typesupport_introspection_c.cpython-310-x86_64-linux-gnu.so
[15.689s] Listing '/home/thiago/Documentos/Robotica/ros2_ws/install/turtle_control_action/local/lib/python3.10/dist-packages/turtle_control_action'...
[15.689s] Compiling '/home/thiago/Documentos/Robotica/ros2_ws/install/turtle_control_action/local/lib/python3.10/dist-packages/turtle_control_action/__init__.py'...
[15.689s] Listing '/home/thiago/Documentos/Robotica/ros2_ws/install/turtle_control_action/local/lib/python3.10/dist-packages/turtle_control_action/action'...
[15.689s] Compiling '/home/thiago/Documentos/Robotica/ros2_ws/install/turtle_control_action/local/lib/python3.10/dist-packages/turtle_control_action/action/__init__.py'...
[15.689s] Compiling '/home/thiago/Documentos/Robotica/ros2_ws/install/turtle_control_action/local/lib/python3.10/dist-packages/turtle_control_action/action/_navigate.py'...
[15.702s] -- Installing: /home/thiago/Documentos/Robotica/ros2_ws/install/turtle_control_action/local/lib/python3.10/dist-packages/turtle_control_action/turtle_control_action_s__rosidl_typesupport_fastrtps_c.cpython-310-x86_64-linux-gnu.so
[15.703s] -- Set runtime path of "/home/thiago/Documentos/Robotica/ros2_ws/install/turtle_control_action/local/lib/python3.10/dist-packages/turtle_control_action/turtle_control_action_s__rosidl_typesupport_fastrtps_c.cpython-310-x86_64-linux-gnu.so" to ""
[15.704s] -- Installing: /home/thiago/Documentos/Robotica/ros2_ws/install/turtle_control_action/local/lib/python3.10/dist-packages/turtle_control_action/turtle_control_action_s__rosidl_typesupport_introspection_c.cpython-310-x86_64-linux-gnu.so
[15.705s] -- Set runtime path of "/home/thiago/Documentos/Robotica/ros2_ws/install/turtle_control_action/local/lib/python3.10/dist-packages/turtle_control_action/turtle_control_action_s__rosidl_typesupport_introspection_c.cpython-310-x86_64-linux-gnu.so" to ""
[15.706s] -- Installing: /home/thiago/Documentos/Robotica/ros2_ws/install/turtle_control_action/local/lib/python3.10/dist-packages/turtle_control_action/turtle_control_action_s__rosidl_typesupport_c.cpython-310-x86_64-linux-gnu.so
[15.707s] -- Set runtime path of "/home/thiago/Documentos/Robotica/ros2_ws/install/turtle_control_action/local/lib/python3.10/dist-packages/turtle_control_action/turtle_control_action_s__rosidl_typesupport_c.cpython-310-x86_64-linux-gnu.so" to ""
[15.707s] -- Installing: /home/thiago/Documentos/Robotica/ros2_ws/install/turtle_control_action/lib/libturtle_control_action__rosidl_generator_py.so
[15.709s] -- Set runtime path of "/home/thiago/Documentos/Robotica/ros2_ws/install/turtle_control_action/lib/libturtle_control_action__rosidl_generator_py.so" to ""
[15.709s] -- Installing: /home/thiago/Documentos/Robotica/ros2_ws/install/turtle_control_action/share/turtle_control_action/action/Navigate.idl
[15.709s] -- Installing: /home/thiago/Documentos/Robotica/ros2_ws/install/turtle_control_action/share/turtle_control_action/action/Navigate.action
[15.710s] -- Up-to-date: /home/thiago/Documentos/Robotica/ros2_ws/install/turtle_control_action/share/ament_index/resource_index/package_run_dependencies/turtle_control_action
[15.710s] -- Installing: /home/thiago/Documentos/Robotica/ros2_ws/install/turtle_control_action/share/ament_index/resource_index/parent_prefix_path/turtle_control_action
[15.711s] -- Up-to-date: /home/thiago/Documentos/Robotica/ros2_ws/install/turtle_control_action/share/turtle_control_action/environment/ament_prefix_path.sh
[15.711s] -- Installing: /home/thiago/Documentos/Robotica/ros2_ws/install/turtle_control_action/share/turtle_control_action/environment/ament_prefix_path.dsv
[15.711s] -- Up-to-date: /home/thiago/Documentos/Robotica/ros2_ws/install/turtle_control_action/share/turtle_control_action/environment/path.sh
[15.711s] -- Installing: /home/thiago/Documentos/Robotica/ros2_ws/install/turtle_control_action/share/turtle_control_action/environment/path.dsv
[15.712s] -- Up-to-date: /home/thiago/Documentos/Robotica/ros2_ws/install/turtle_control_action/share/turtle_control_action/local_setup.bash
[15.712s] -- Up-to-date: /home/thiago/Documentos/Robotica/ros2_ws/install/turtle_control_action/share/turtle_control_action/local_setup.sh
[15.712s] -- Up-to-date: /home/thiago/Documentos/Robotica/ros2_ws/install/turtle_control_action/share/turtle_control_action/local_setup.zsh
[15.712s] -- Installing: /home/thiago/Documentos/Robotica/ros2_ws/install/turtle_control_action/share/turtle_control_action/local_setup.dsv
[15.713s] -- Installing: /home/thiago/Documentos/Robotica/ros2_ws/install/turtle_control_action/share/turtle_control_action/package.dsv
[15.713s] -- Up-to-date: /home/thiago/Documentos/Robotica/ros2_ws/install/turtle_control_action/share/ament_index/resource_index/packages/turtle_control_action
[15.713s] -- Up-to-date: /home/thiago/Documentos/Robotica/ros2_ws/install/turtle_control_action/share/turtle_control_action/cmake/export_turtle_control_action__rosidl_generator_cExport.cmake
[15.713s] -- Up-to-date: /home/thiago/Documentos/Robotica/ros2_ws/install/turtle_control_action/share/turtle_control_action/cmake/export_turtle_control_action__rosidl_generator_cExport-noconfig.cmake
[15.714s] -- Up-to-date: /home/thiago/Documentos/Robotica/ros2_ws/install/turtle_control_action/share/turtle_control_action/cmake/export_turtle_control_action__rosidl_typesupport_fastrtps_cExport.cmake
[15.714s] -- Up-to-date: /home/thiago/Documentos/Robotica/ros2_ws/install/turtle_control_action/share/turtle_control_action/cmake/export_turtle_control_action__rosidl_typesupport_fastrtps_cExport-noconfig.cmake
[15.714s] -- Up-to-date: /home/thiago/Documentos/Robotica/ros2_ws/install/turtle_control_action/share/turtle_control_action/cmake/turtle_control_action__rosidl_typesupport_introspection_cExport.cmake
[15.715s] -- Up-to-date: /home/thiago/Documentos/Robotica/ros2_ws/install/turtle_control_action/share/turtle_control_action/cmake/turtle_control_action__rosidl_typesupport_introspection_cExport-noconfig.cmake
[15.715s] -- Up-to-date: /home/thiago/Documentos/Robotica/ros2_ws/install/turtle_control_action/share/turtle_control_action/cmake/turtle_control_action__rosidl_typesupport_cExport.cmake
[15.715s] -- Up-to-date: /home/thiago/Documentos/Robotica/ros2_ws/install/turtle_control_action/share/turtle_control_action/cmake/turtle_control_action__rosidl_typesupport_cExport-noconfig.cmake
[15.715s] -- Up-to-date: /home/thiago/Documentos/Robotica/ros2_ws/install/turtle_control_action/share/turtle_control_action/cmake/export_turtle_control_action__rosidl_generator_cppExport.cmake
[15.716s] -- Up-to-date: /home/thiago/Documentos/Robotica/ros2_ws/install/turtle_control_action/share/turtle_control_action/cmake/export_turtle_control_action__rosidl_typesupport_fastrtps_cppExport.cmake
[15.716s] -- Up-to-date: /home/thiago/Documentos/Robotica/ros2_ws/install/turtle_control_action/share/turtle_control_action/cmake/export_turtle_control_action__rosidl_typesupport_fastrtps_cppExport-noconfig.cmake
[15.716s] -- Up-to-date: /home/thiago/Documentos/Robotica/ros2_ws/install/turtle_control_action/share/turtle_control_action/cmake/turtle_control_action__rosidl_typesupport_introspection_cppExport.cmake
[15.716s] -- Up-to-date: /home/thiago/Documentos/Robotica/ros2_ws/install/turtle_control_action/share/turtle_control_action/cmake/turtle_control_action__rosidl_typesupport_introspection_cppExport-noconfig.cmake
[15.716s] -- Up-to-date: /home/thiago/Documentos/Robotica/ros2_ws/install/turtle_control_action/share/turtle_control_action/cmake/turtle_control_action__rosidl_typesupport_cppExport.cmake
[15.717s] -- Up-to-date: /home/thiago/Documentos/Robotica/ros2_ws/install/turtle_control_action/share/turtle_control_action/cmake/turtle_control_action__rosidl_typesupport_cppExport-noconfig.cmake
[15.717s] -- Up-to-date: /home/thiago/Documentos/Robotica/ros2_ws/install/turtle_control_action/share/turtle_control_action/cmake/export_turtle_control_action__rosidl_generator_pyExport.cmake
[15.717s] -- Up-to-date: /home/thiago/Documentos/Robotica/ros2_ws/install/turtle_control_action/share/turtle_control_action/cmake/export_turtle_control_action__rosidl_generator_pyExport-noconfig.cmake
[15.717s] -- Up-to-date: /home/thiago/Documentos/Robotica/ros2_ws/install/turtle_control_action/share/turtle_control_action/cmake/rosidl_cmake-extras.cmake
[15.717s] -- Up-to-date: /home/thiago/Documentos/Robotica/ros2_ws/install/turtle_control_action/share/turtle_control_action/cmake/ament_cmake_export_dependencies-extras.cmake
[15.718s] -- Up-to-date: /home/thiago/Documentos/Robotica/ros2_ws/install/turtle_control_action/share/turtle_control_action/cmake/ament_cmake_export_include_directories-extras.cmake
[15.718s] -- Up-to-date: /home/thiago/Documentos/Robotica/ros2_ws/install/turtle_control_action/share/turtle_control_action/cmake/ament_cmake_export_libraries-extras.cmake
[15.718s] -- Up-to-date: /home/thiago/Documentos/Robotica/ros2_ws/install/turtle_control_action/share/turtle_control_action/cmake/ament_cmake_export_targets-extras.cmake
[15.718s] -- Up-to-date: /home/thiago/Documentos/Robotica/ros2_ws/install/turtle_control_action/share/turtle_control_action/cmake/rosidl_cmake_export_typesupport_targets-extras.cmake
[15.718s] -- Up-to-date: /home/thiago/Documentos/Robotica/ros2_ws/install/turtle_control_action/share/turtle_control_action/cmake/rosidl_cmake_export_typesupport_libraries-extras.cmake
[15.718s] -- Up-to-date: /home/thiago/Documentos/Robotica/ros2_ws/install/turtle_control_action/share/turtle_control_action/cmake/turtle_control_actionConfig.cmake
[15.719s] -- Up-to-date: /home/thiago/Documentos/Robotica/ros2_ws/install/turtle_control_action/share/turtle_control_action/cmake/turtle_control_actionConfig-version.cmake
[15.719s] -- Up-to-date: /home/thiago/Documentos/Robotica/ros2_ws/install/turtle_control_action/share/turtle_control_action/package.xml
[15.721s] Invoked command in '/home/thiago/Documentos/Robotica/ros2_ws/build/turtle_control_action' returned '0': CMAKE_PREFIX_PATH=${CMAKE_PREFIX_PATH}:/home/thiago/Documentos/Robotica/ros2_ws/install/turtle_control_thiago:/home/thiago/Documentos/Robotica/ros2_ws/install/py_pubsub:/opt/ros/humble /usr/bin/cmake --install /home/thiago/Documentos/Robotica/ros2_ws/build/turtle_control_action
