[1.495s] Invoking command in '/home/thiago/Documentos/Robotica/ros2_ws/src/turtle_control_thiago': PYTHONPATH=/home/thiago/Documentos/Robotica/ros2_ws/build/turtle_control_thiago/prefix_override:/usr/lib/python3/dist-packages/colcon_core/task/python/colcon_distutils_commands:/home/thiago/Documentos/Robotica/ros2_ws/install/turtle_control_thiago/lib/python3.10/site-packages:${PYTHONPATH} /usr/bin/python3 -W ignore:setup.py install is deprecated -W ignore:easy_install command is deprecated setup.py egg_info --egg-base ../../build/turtle_control_thiago build --build-base /home/thiago/Documentos/Robotica/ros2_ws/build/turtle_control_thiago/build install --record /home/thiago/Documentos/Robotica/ros2_ws/build/turtle_control_thiago/install.log --single-version-externally-managed install_data
[2.121s] running egg_info
[2.123s] writing ../../build/turtle_control_thiago/turtle_control_thiago.egg-info/PKG-INFO
[2.123s] writing dependency_links to ../../build/turtle_control_thiago/turtle_control_thiago.egg-info/dependency_links.txt
[2.124s] writing entry points to ../../build/turtle_control_thiago/turtle_control_thiago.egg-info/entry_points.txt
[2.126s] writing requirements to ../../build/turtle_control_thiago/turtle_control_thiago.egg-info/requires.txt
[2.126s] writing top-level names to ../../build/turtle_control_thiago/turtle_control_thiago.egg-info/top_level.txt
[2.128s] reading manifest file '../../build/turtle_control_thiago/turtle_control_thiago.egg-info/SOURCES.txt'
[2.130s] writing manifest file '../../build/turtle_control_thiago/turtle_control_thiago.egg-info/SOURCES.txt'
[2.130s] running build
[2.131s] running build_py
[2.131s] copying turtle_control_thiago/waypoint_manager.py -> /home/thiago/Documentos/Robotica/ros2_ws/build/turtle_control_thiago/build/lib/turtle_control_thiago
[2.133s] running install
[2.134s] running install_lib
[2.136s] copying /home/thiago/Documentos/Robotica/ros2_ws/build/turtle_control_thiago/build/lib/turtle_control_thiago/waypoint_manager.py -> /home/thiago/Documentos/Robotica/ros2_ws/install/turtle_control_thiago/lib/python3.10/site-packages/turtle_control_thiago
[2.137s] byte-compiling /home/thiago/Documentos/Robotica/ros2_ws/install/turtle_control_thiago/lib/python3.10/site-packages/turtle_control_thiago/waypoint_manager.py to waypoint_manager.cpython-310.pyc
[2.138s] Sorry: TabError: inconsistent use of tabs and spaces in indentation (waypoint_manager.py, line 70)
[2.138s] running install_data
[2.138s] running install_egg_info
[2.142s] removing '/home/thiago/Documentos/Robotica/ros2_ws/install/turtle_control_thiago/lib/python3.10/site-packages/turtle_control_thiago-0.0.0-py3.10.egg-info' (and everything under it)
[2.144s] Copying ../../build/turtle_control_thiago/turtle_control_thiago.egg-info to /home/thiago/Documentos/Robotica/ros2_ws/install/turtle_control_thiago/lib/python3.10/site-packages/turtle_control_thiago-0.0.0-py3.10.egg-info
[2.145s] running install_scripts
[2.189s] Installing turtle_control script to /home/thiago/Documentos/Robotica/ros2_ws/install/turtle_control_thiago/lib/turtle_control_thiago
[2.190s] Installing waypoint_manager script to /home/thiago/Documentos/Robotica/ros2_ws/install/turtle_control_thiago/lib/turtle_control_thiago
[2.190s] writing list of installed files to '/home/thiago/Documentos/Robotica/ros2_ws/build/turtle_control_thiago/install.log'
[2.260s] Invoked command in '/home/thiago/Documentos/Robotica/ros2_ws/src/turtle_control_thiago' returned '0': PYTHONPATH=/home/thiago/Documentos/Robotica/ros2_ws/build/turtle_control_thiago/prefix_override:/usr/lib/python3/dist-packages/colcon_core/task/python/colcon_distutils_commands:/home/thiago/Documentos/Robotica/ros2_ws/install/turtle_control_thiago/lib/python3.10/site-packages:${PYTHONPATH} /usr/bin/python3 -W ignore:setup.py install is deprecated -W ignore:easy_install command is deprecated setup.py egg_info --egg-base ../../build/turtle_control_thiago build --build-base /home/thiago/Documentos/Robotica/ros2_ws/build/turtle_control_thiago/build install --record /home/thiago/Documentos/Robotica/ros2_ws/build/turtle_control_thiago/install.log --single-version-externally-managed install_data
