[0.021s] Invoking command in '/home/thiago/Documentos/Robotica/ros2_ws/build/turtle_control_action': CMAKE_PREFIX_PATH=${CMAKE_PREFIX_PATH}:/home/thiago/Documentos/Robotica/ros2_ws/install/turtle_control_thiago:/home/thiago/Documentos/Robotica/ros2_ws/install/py_pubsub:/opt/ros/humble /usr/bin/cmake /home/thiago/Documentos/Robotica/ros2_ws/src/turtle_control_action -DCMAKE_INSTALL_PREFIX=/home/thiago/Documentos/Robotica/ros2_ws/install/turtle_control_action
[0.153s] -- The C compiler identification is GNU 11.4.0
[0.282s] -- The CXX compiler identification is GNU 11.4.0
[0.303s] -- Detecting C compiler ABI info
[0.457s] -- Detecting C compiler ABI info - done
[0.476s] -- Check for working C compiler: /usr/bin/cc - skipped
[0.477s] -- Detecting C compile features
[0.477s] -- Detecting C compile features - done
[0.484s] -- Detecting CXX compiler ABI info
[0.658s] -- Detecting CXX compiler ABI info - done
[0.677s] -- Check for working CXX compiler: /usr/bin/c++ - skipped
[0.678s] -- Detecting CXX compile features
[0.679s] -- Detecting CXX compile features - done
[0.684s] -- Found ament_cmake: 1.3.12 (/opt/ros/humble/share/ament_cmake/cmake)
[1.033s] -- Found Python3: /usr/bin/python3 (found version "3.10.12") found components: Interpreter 
[1.246s] -- Found ament_lint_auto: 0.12.14 (/opt/ros/humble/share/ament_lint_auto/cmake)
[1.435s] -- Found rosidl_default_generators: 1.2.0 (/opt/ros/humble/share/rosidl_default_generators/cmake)
[1.443s] -- Using all available rosidl_typesupport_c: rosidl_typesupport_fastrtps_c;rosidl_typesupport_introspection_c
[1.458s] -- Found rosidl_adapter: 3.1.7 (/opt/ros/humble/share/rosidl_adapter/cmake)
[1.551s] -- Using all available rosidl_typesupport_cpp: rosidl_typesupport_fastrtps_cpp;rosidl_typesupport_introspection_cpp
[1.630s] [31mCMake Error at /opt/ros/humble/share/rosidl_cmake/cmake/rosidl_generate_interfaces.cmake:93 (message):
[1.630s]   rosidl_generate_interfaces() the passed file 'action/Fibonacci.action'
[1.631s]   doesn't exist relative to the CMAKE_CURRENT_SOURCE_DIR
[1.631s]   '/home/thiago/Documentos/Robotica/ros2_ws/src/turtle_control_action'
[1.631s] Call Stack (most recent call first):
[1.631s]   CMakeLists.txt:28 (rosidl_generate_interfaces)
[1.631s] 
[1.631s] [0m
[1.631s] -- Configuring incomplete, errors occurred!
[1.632s] See also "/home/thiago/Documentos/Robotica/ros2_ws/build/turtle_control_action/CMakeFiles/CMakeOutput.log".
[1.642s] Invoked command in '/home/thiago/Documentos/Robotica/ros2_ws/build/turtle_control_action' returned '1': CMAKE_PREFIX_PATH=${CMAKE_PREFIX_PATH}:/home/thiago/Documentos/Robotica/ros2_ws/install/turtle_control_thiago:/home/thiago/Documentos/Robotica/ros2_ws/install/py_pubsub:/opt/ros/humble /usr/bin/cmake /home/thiago/Documentos/Robotica/ros2_ws/src/turtle_control_action -DCMAKE_INSTALL_PREFIX=/home/thiago/Documentos/Robotica/ros2_ws/install/turtle_control_action
